6.30471 18.6886 11.0357 15.7326 9.78017 15.1618 0.757049 0.00389774 0.748007 0.00263704 
9.38876 16.4104 6.30471 18.6886 11.0357 15.7326 0.762755 0.00429379 0.757049 0.00389774 
8.55408 14.928 9.38876 16.4104 6.30471 18.6886 0.766948 0.00315197 0.762755 0.00429379 
10.6283 16.067 8.55408 14.928 9.38876 16.4104 0.771404 0.00329777 0.766948 0.00315197 
9.73323 16.7837 10.6283 16.067 8.55408 14.928 0.77518 0.00281025 0.771404 0.00329777 
33.2088 11.1977 9.73323 16.7837 10.6283 16.067 0.776303 0.00337696 0.77518 0.00281025 
6.62755 18.8497 33.2088 11.1977 9.73323 16.7837 0.777455 0.00275736 0.776303 0.00337696 
14.9545 16.0362 6.62755 18.8497 33.2088 11.1977 0.782533 0.00334351 0.777455 0.00275736 
11.6195 15.7229 14.9545 16.0362 6.62755 18.8497 0.792208 0.00260518 0.782533 0.00334351 
15.0932 18.8864 11.6195 15.7229 14.9545 16.0362 0.802365 0.00273373 0.792208 0.00260518 
10.4377 19.3852 15.0932 18.8864 11.6195 15.7229 0.809034 0.00295798 0.802365 0.00273373 
10.2362 20.0467 10.4377 19.3852 15.0932 18.8864 0.815362 0.00331407 0.809034 0.00295798 
9.42815 16.8784 10.2362 20.0467 10.4377 19.3852 0.816088 0.00322037 0.815362 0.00331407 
23.7556 17.2619 9.42815 16.8784 10.2362 20.0467 0.814378 0.00363873 0.816088 0.00322037 
17.6936 16.4176 23.7556 17.2619 9.42815 16.8784 0.808718 0.00316545 0.814378 0.00363873 
4.58287 19.4144 17.6936 16.4176 23.7556 17.2619 0.803164 0.00410962 0.808718 0.00316545 
7.25966 17.5817 4.58287 19.4144 17.6936 16.4176 0.798865 0.00459197 0.803164 0.00410962 
40.2745 16.144 7.25966 17.5817 4.58287 19.4144 0.797698 0.00336201 0.798865 0.00459197 
10.6999 16.7662 40.2745 16.144 7.25966 17.5817 0.798202 0.00352457 0.797698 0.00336201 
-0.270424 9.4633 10.6999 16.7662 40.2745 16.144 0.806085 0.00315013 0.798202 0.00352457 
0.952129 4.86349 -0.270424 9.4633 10.6999 16.7662 0.812809 0.00354797 0.806085 0.00315013 
-1.17618 12.4253 0.952129 4.86349 -0.270424 9.4633 0.815473 0.00330318 0.812809 0.00354797 
35.2547 11.087 -1.17618 12.4253 0.952129 4.86349 0.818764 0.00362911 0.815473 0.00330318 
19.4253 14.132 35.2547 11.087 -1.17618 12.4253 0.81714 0.00161518 0.818764 0.00362911 
-3.03123 13.4951 19.4253 14.132 35.2547 11.087 0.812367 0.000972308 0.81714 0.00161518 
-4.79148 13.3875 -3.03123 13.4951 19.4253 14.132 0.802279 0.00152099 0.812367 0.000972308 
-5.4893 11.0865 -4.79148 13.3875 -3.03123 13.4951 0.792086 0.00247208 0.802279 0.00152099 
-13.302 14.0245 -5.4893 11.0865 -4.79148 13.3875 0.78244 0.00312272 0.792086 0.00247208 
-17.8792 10.6539 -13.302 14.0245 -5.4893 11.0865 0.781257 0.00254709 0.78244 0.00312272 
-14.169 5.99552 -17.8792 10.6539 -13.302 14.0245 0.776763 0.00251104 0.781257 0.00254709 
-11.2939 2.43536 -14.169 5.99552 -17.8792 10.6539 0.767158 0.00258538 0.776763 0.00251104 
-8.99231 1.31466 -11.2939 2.43536 -14.169 5.99552 0.750585 0.00272794 0.767158 0.00258538 
-18.3946 -3.93462 -8.99231 1.31466 -11.2939 2.43536 0.72886 0.00205461 0.750585 0.00272794 
-7.28841 -4.59596 -18.3946 -3.93462 -8.99231 1.31466 0.712842 0.00145895 0.72886 0.00205461 
0.274682 -6.71379 -7.28841 -4.59596 -18.3946 -3.93462 0.691967 0.000502658 0.712842 0.00145895 
8.3865 -7.32095 0.274682 -6.71379 -7.28841 -4.59596 0.676969 -2.59206e-05 0.691967 0.000502658 
-7.96007 -10.3889 8.3865 -7.32095 0.274682 -6.71379 0.670116 -0.000785664 0.676969 -2.59206e-05 
22.2347 -13.7387 -7.96007 -10.3889 8.3865 -7.32095 0.663571 -0.00172253 0.670116 -0.000785664 
0.917745 -10.0851 22.2347 -13.7387 -7.96007 -10.3889 0.661362 -0.00190447 0.663571 -0.00172253 
-3.16778 -4.03912 0.917745 -10.0851 22.2347 -13.7387 0.656553 -0.00130258 0.661362 -0.00190447 
40.2254 -7.0172 -3.16778 -4.03912 0.917745 -10.0851 0.652323 -0.00133767 0.656553 -0.00130258 
6.2325 0.688176 40.2254 -7.0172 -3.16778 -4.03912 0.650216 -0.00142468 0.652323 -0.00133767 
40.1175 10.997 6.2325 0.688176 40.2254 -7.0172 0.651328 -0.00112655 0.650216 -0.00142468 
-4.60541 12.8332 40.1175 10.997 6.2325 0.688176 0.657464 -0.00113415 0.651328 -0.00112655 
-63.8696 8.55686 -4.60541 12.8332 40.1175 10.997 0.677583 0.000189419 0.657464 -0.00113415 
-4.04809 7.32114 -63.8696 8.55686 -4.60541 12.8332 0.702944 0.000485949 0.677583 0.000189419 
9.10056 4.33811 -4.04809 7.32114 -63.8696 8.55686 0.728422 0.00023612 0.702944 0.000485949 
9.35179 6.9566 9.10056 4.33811 -4.04809 7.32114 0.742398 0.000806477 0.728422 0.00023612 
6.06686 2.83737 9.35179 6.9566 9.10056 4.33811 0.750319 0.00335101 0.742398 0.000806477 
3.75202 3.5972 6.06686 2.83737 9.35179 6.9566 0.743858 0.00375264 0.750319 0.00335101 
2.85505 6.24919 3.75202 3.5972 6.06686 2.83737 0.736974 0.00113974 0.743858 0.00375264 
2.57402 4.77144 2.85505 6.24919 3.75202 3.5972 0.736692 -0.000193609 0.736974 0.00113974 
5.48156 6.42459 2.57402 4.77144 2.85505 6.24919 0.738061 0.000275309 0.736692 -0.000193609 
2.34169 3.26368 5.48156 6.42459 2.57402 4.77144 0.739252 0.00125009 0.738061 0.000275309 
5.27315 7.65712 2.34169 3.26368 5.48156 6.42459 0.741218 0.000692344 0.739252 0.00125009 
4.49416 10.0771 5.27315 7.65712 2.34169 3.26368 0.747863 0.000329073 0.741218 0.000692344 
4.87072 4.25371 4.49416 10.0771 5.27315 7.65712 0.757693 7.18075e-05 0.747863 0.000329073 
1.83017 9.68629 4.87072 4.25371 4.49416 10.0771 0.76318 0.000426669 0.757693 7.18075e-05 
1.8673 5.33909 1.83017 9.68629 4.87072 4.25371 0.766045 0.00101771 0.76318 0.000426669 
8.63079 12.4396 1.8673 5.33909 1.83017 9.68629 0.764167 0.00142945 0.766045 0.00101771 
3.02746 11.1917 8.63079 12.4396 1.8673 5.33909 0.759075 0.00138492 0.764167 0.00142945 
5.74215 12.2488 3.02746 11.1917 8.63079 12.4396 0.749518 0.00176982 0.759075 0.00138492 
1.22026 11.6855 5.74215 12.2488 3.02746 11.1917 0.745155 0.00203372 0.749518 0.00176982 
3.19165 11.1621 1.22026 11.6855 5.74215 12.2488 0.742352 0.00253633 0.745155 0.00203372 
4.26287 10.7879 3.19165 11.1621 1.22026 11.6855 0.748986 0.00270989 0.742352 0.00253633 
-0.735226 8.65376 4.26287 10.7879 3.19165 11.1621 0.755348 0.00233974 0.748986 0.00270989 
8.10395 4.30027 -0.735226 8.65376 4.26287 10.7879 0.763365 0.00188313 0.755348 0.00233974 
8.96985 9.05011 8.10395 4.30027 -0.735226 8.65376 0.768927 0.00206441 0.763365 0.00188313 
0.342952 3.78592 8.96985 9.05011 8.10395 4.30027 0.76996 0.00225162 0.768927 0.00206441 
5.34952 10.5277 0.342952 3.78592 8.96985 9.05011 0.769034 0.0023971 0.76996 0.00225162 
1.0785 8.94508 5.34952 10.5277 0.342952 3.78592 0.76458 0.00128693 0.769034 0.0023971 
4.10497 6.666 1.0785 8.94508 5.34952 10.5277 0.756599 0.00111577 0.76458 0.00128693 
-0.671322 9.16679 4.10497 6.666 1.0785 8.94508 0.750937 0.0011785 0.756599 0.00111577 
7.93382 8.62493 -0.671322 9.16679 4.10497 6.666 0.750157 0.00103047 0.750937 0.0011785 
3.63093 12.1904 7.93382 8.62493 -0.671322 9.16679 0.757804 0.00197963 0.750157 0.00103047 
-2.31342 10.2162 3.63093 12.1904 7.93382 8.62493 0.761144 0.00222091 0.757804 0.00197963 
3.65489 8.37305 -2.31342 10.2162 3.63093 12.1904 0.763658 0.00220683 0.761144 0.00222091 
-0.600093 11.132 3.65489 8.37305 -2.31342 10.2162 0.761504 0.00209379 0.763658 0.00220683 
1.58545 10.8218 -0.600093 11.132 3.65489 8.37305 0.757272 0.00160765 0.761504 0.00209379 
2.22099 10.1146 1.58545 10.8218 -0.600093 11.132 0.748309 0.00147261 0.757272 0.00160765 
2.68699 12.7295 2.22099 10.1146 1.58545 10.8218 0.738569 0.00241675 0.748309 0.00147261 
2.0622 8.35979 2.68699 12.7295 2.22099 10.1146 0.729149 0.00191235 0.738569 0.00241675 
0.721509 11.4094 2.0622 8.35979 2.68699 12.7295 0.722327 0.00128628 0.729149 0.00191235 
1.5164 8.3708 0.721509 11.4094 2.0622 8.35979 0.721712 0.00152856 0.722327 0.00128628 
2.73818 4.16174 1.5164 8.3708 0.721509 11.4094 0.726131 0.00231369 0.721712 0.00152856 
0.106382 7.94692 2.73818 4.16174 1.5164 8.3708 0.730976 0.00267288 0.726131 0.00231369 
2.14197 7.68554 0.106382 7.94692 2.73818 4.16174 0.732594 0.00143956 0.730976 0.00267288 
3.41652 5.51272 2.14197 7.68554 0.106382 7.94692 0.731096 0.00101935 0.732594 0.00143956 
3.33502 7.14527 3.41652 5.51272 2.14197 7.68554 0.726177 0.00105312 0.731096 0.00101935 
3.42976 7.28586 3.33502 7.14527 3.41652 5.51272 0.723114 0.00085767 0.726177 0.00105312 
1.82049 9.73089 3.42976 7.28586 3.33502 7.14527 0.721169 0.000847756 0.723114 0.00085767 
3.38743 10.4352 1.82049 9.73089 3.42976 7.28586 0.714418 0.000956354 0.721169 0.000847756 
4.38102 9.07996 3.38743 10.4352 1.82049 9.73089 0.712961 0.00136957 0.714418 0.000956354 
10.1325 14.4077 4.38102 9.07996 3.38743 10.4352 0.715893 0.00116607 0.712961 0.00136957 
1.9732 13.2864 10.1325 14.4077 4.38102 9.07996 0.723575 0.000741659 0.715893 0.00116607 
18.5471 12.2056 1.9732 13.2864 10.1325 14.4077 0.732899 0.00129324 0.723575 0.000741659 
3.05413 12.8702 18.5471 12.2056 1.9732 13.2864 0.738662 0.00201706 0.732899 0.00129324 
7.9631 14.4617 3.05413 12.8702 18.5471 12.2056 0.742591 0.00243611 0.738662 0.00201706 
7.87155 13.7106 7.9631 14.4617 3.05413 12.8702 0.745964 0.00264601 0.742591 0.00243611 
5.78722 15.2656 7.87155 13.7106 7.9631 14.4617 0.745481 0.00239089 0.745964 0.00264601 
8.44925 12.0427 5.78722 15.2656 7.87155 13.7106 0.743268 0.00237641 0.745481 0.00239089 
10.8734 14.2533 8.44925 12.0427 5.78722 15.2656 0.741968 0.00257302 0.743268 0.00237641 
8.05068 12.5928 10.8734 14.2533 8.44925 12.0427 0.745402 0.00297696 0.741968 0.00257302 
10.0719 11.4423 8.05068 12.5928 10.8734 14.2533 0.752979 0.00257664 0.745402 0.00297696 
12.3207 14.3047 10.0719 11.4423 8.05068 12.5928 0.766952 0.00217268 0.752979 0.00257664 
4.98417 10.7591 12.3207 14.3047 10.0719 11.4423 0.777966 0.00208355 0.766952 0.00217268 
11.5136 10.1883 4.98417 10.7591 12.3207 14.3047 0.783375 0.00233094 0.777966 0.00208355 
11.8065 10.1229 11.5136 10.1883 4.98417 10.7591 0.792846 0.00247632 0.783375 0.00233094 
12.5088 9.09043 11.8065 10.1229 11.5136 10.1883 0.795887 0.00271921 0.792846 0.00247632 
9.21509 12.21 12.5088 9.09043 11.8065 10.1229 0.798686 0.00192633 0.795887 0.00271921 
8.04607 12.9215 9.21509 12.21 12.5088 9.09043 0.800127 0.00176999 0.798686 0.00192633 
5.29581 11.9649 8.04607 12.9215 9.21509 12.21 0.799976 0.000912102 0.800127 0.00176999 
4.74509 9.88786 5.29581 11.9649 8.04607 12.9215 0.801585 0.00175486 0.799976 0.000912102 
5.20411 10.0613 4.74509 9.88786 5.29581 11.9649 0.804736 0.00201255 0.801585 0.00175486 
4.84904 7.14513 5.20411 10.0613 4.74509 9.88786 0.81144 0.00256198 0.804736 0.00201255 
4.60135 11.3984 4.84904 7.14513 5.20411 10.0613 0.816872 0.00237227 0.81144 0.00256198 
-0.81375 14.4175 4.60135 11.3984 4.84904 7.14513 0.818478 0.00194552 0.816872 0.00237227 
2.80302 12.5784 -0.81375 14.4175 4.60135 11.3984 0.816899 0.00126982 0.818478 0.00194552 
0.155297 12.5673 2.80302 12.5784 -0.81375 14.4175 0.809833 0.00124259 0.816899 0.00126982 
-2.05751 11.3901 0.155297 12.5673 2.80302 12.5784 0.803684 0.00195332 0.809833 0.00124259 
-2.319 12.8006 -2.05751 11.3901 0.155297 12.5673 0.793213 0.00220822 0.803684 0.00195332 
-8.79058 10.4554 -2.319 12.8006 -2.05751 11.3901 0.780742 0.00326846 0.793213 0.00220822 
-7.49142 10.4627 -8.79058 10.4554 -2.319 12.8006 0.771571 0.00318279 0.780742 0.00326846 
-13.4386 12.1361 -7.49142 10.4627 -8.79058 10.4554 0.763125 0.00237293 0.771571 0.00318279 
-9.29867 10.0104 -13.4386 12.1361 -7.49142 10.4627 0.75739 0.00251166 0.763125 0.00237293 
-11.0019 12.0618 -9.29867 10.0104 -13.4386 12.1361 0.751024 0.00236095 0.75739 0.00251166 
-9.33986 7.22663 -11.0019 12.0618 -9.29867 10.0104 0.740177 0.00242137 0.751024 0.00236095 
-2.35378 6.60815 -9.33986 7.22663 -11.0019 12.0618 0.725345 0.00226472 0.740177 0.00242137 
-8.34924 8.30333 -2.35378 6.60815 -9.33986 7.22663 0.70836 0.00196468 0.725345 0.00226472 
-3.49786 5.77814 -8.34924 8.30333 -2.35378 6.60815 0.690538 0.00143899 0.70836 0.00196468 
-2.40245 9.10056 -3.49786 5.77814 -8.34924 8.30333 0.678089 0.00135206 0.690538 0.00143899 
-8.89912 8.66461 -2.40245 9.10056 -3.49786 5.77814 0.663085 0.000893484 0.678089 0.00135206 
-3.08966 8.13159 -8.89912 8.66461 -2.40245 9.10056 0.654847 0.000874626 0.663085 0.000893484 
-1.89167 8.14725 -3.08966 8.13159 -8.89912 8.66461 0.655295 0.0016841 0.654847 0.000874626 
-1.61021 10.7771 -1.89167 8.14725 -3.08966 8.13159 0.660381 0.00156044 0.655295 0.0016841 
0.814202 9.30255 -1.61021 10.7771 -1.89167 8.14725 0.664908 0.00125854 0.660381 0.00156044 
3.77396 8.19331 0.814202 9.30255 -1.61021 10.7771 0.665323 0.00106457 0.664908 0.00125854 
5.99483 9.80659 3.77396 8.19331 0.814202 9.30255 0.667117 0.00138978 0.665323 0.00106457 
5.29067 6.35191 5.99483 9.80659 3.77396 8.19331 0.668662 0.00116317 0.667117 0.00138978 
9.72616 5.90408 5.29067 6.35191 5.99483 9.80659 0.670359 0.00118225 0.668662 0.00116317 
12.2129 7.05789 9.72616 5.90408 5.29067 6.35191 0.674376 0.00174557 0.670359 0.00118225 
8.71848 8.83588 12.2129 7.05789 9.72616 5.90408 0.683028 0.00206244 0.674376 0.00174557 
16.9229 7.08681 8.71848 8.83588 12.2129 7.05789 0.703944 0.00148189 0.683028 0.00206244 
21.6023 8.9058 16.9229 7.08681 8.71848 8.83588 0.723845 0.00110466 0.703944 0.00148189 
13.3024 7.59924 21.6023 8.9058 16.9229 7.08681 0.738555 0.000886201 0.723845 0.00110466 
14.4499 8.30595 13.3024 7.59924 21.6023 8.9058 0.754759 0.00185229 0.738555 0.000886201 
19.2429 11.8166 14.4499 8.30595 13.3024 7.59924 0.766707 0.00177636 0.754759 0.00185229 
17.3265 10.2341 19.2429 11.8166 14.4499 8.30595 0.776078 0.001514 0.766707 0.00177636 
15.335 14.7714 17.3265 10.2341 19.2429 11.8166 0.783369 0.00151881 0.776078 0.001514 
12.453 12.6256 15.335 14.7714 17.3265 10.2341 0.787021 0.00175868 0.783369 0.00151881 
11.8933 16.7611 12.453 12.6256 15.335 14.7714 0.79211 0.00181473 0.787021 0.00175868 
16.0425 15.3913 11.8933 16.7611 12.453 12.6256 0.794745 0.00219533 0.79211 0.00181473 
14.8942 16.4298 16.0425 15.3913 11.8933 16.7611 0.803602 0.00218444 0.794745 0.00219533 
16.1179 15.75 14.8942 16.4298 16.0425 15.3913 0.814965 0.00252446 0.803602 0.00218444 
13.9892 17.6376 16.1179 15.75 14.8942 16.4298 0.818809 0.00250394 0.814965 0.00252446 
20.4846 18.2098 13.9892 17.6376 16.1179 15.75 0.821399 0.00290002 0.818809 0.00250394 
4.65114 18.1714 20.4846 18.2098 13.9892 17.6376 0.821794 0.00293862 0.821399 0.00290002 
13.8888 16.5912 4.65114 18.1714 20.4846 18.2098 0.820325 0.00342149 0.821794 0.00293862 
6.56731 17.8777 13.8888 16.5912 4.65114 18.1714 0.81879 0.00277532 0.820325 0.00342149 
3.93764 13.7352 6.56731 17.8777 13.8888 16.5912 0.815831 0.00345525 0.81879 0.00277532 
0.314721 14.3714 3.93764 13.7352 6.56731 17.8777 0.811296 0.00354686 0.815831 0.00345525 
-1.08124 11.7919 0.314721 14.3714 3.93764 13.7352 0.809228 0.0028295 0.811296 0.00354686 
1.03889 11.2819 -1.08124 11.7919 0.314721 14.3714 0.80927 0.00346617 0.809228 0.0028295 
0.712618 11.6305 1.03889 11.2819 -1.08124 11.7919 0.812829 0.00343481 0.80927 0.00346617 
-4.33612 10.5399 0.712618 11.6305 1.03889 11.2819 0.811631 0.00348097 0.812829 0.00343481 
27.6149 10.3984 -4.33612 10.5399 0.712618 11.6305 0.809028 0.00244844 0.811631 0.00348097 
-3.05254 12.1793 27.6149 10.3984 -4.33612 10.5399 0.799372 0.00194352 0.809028 0.00244844 
-1.09894 10.6699 -3.05254 12.1793 27.6149 10.3984 0.785767 0.00209302 0.799372 0.00194352 
-2.11635 3.32765 -1.09894 10.6699 -3.05254 12.1793 0.773358 0.00194429 0.785767 0.00209302 
-5.14968 12.0731 -2.11635 3.32765 -1.09894 10.6699 0.767946 0.00212789 0.773358 0.00194429 
-6.68358 8.60912 -5.14968 12.0731 -2.11635 3.32765 0.764673 0.00252053 0.767946 0.00212789 
-6.22549 6.99835 -6.68358 8.60912 -5.14968 12.0731 0.76944 0.00173046 0.764673 0.00252053 
-4.93029 9.41507 -6.22549 6.99835 -6.68358 8.60912 0.774589 0.000316288 0.76944 0.00173046 
-10.7855 5.96729 -4.93029 9.41507 -6.22549 6.99835 0.77476 0.00072264 0.774589 0.000316288 
-3.44374 8.14822 -10.7855 5.96729 -4.93029 9.41507 0.771169 0.00165512 0.77476 0.00072264 
-14.8322 7.41287 -3.44374 8.14822 -10.7855 5.96729 0.757459 0.00181912 0.771169 0.00165512 
-11.7817 8.14969 -14.8322 7.41287 -3.44374 8.14822 0.744755 0.00160771 0.757459 0.00181912 
-5.70828 8.29374 -11.7817 8.14969 -14.8322 7.41287 0.730109 0.00181819 0.744755 0.00160771 
-11.9043 11.7516 -5.70828 8.29374 -11.7817 8.14969 0.718043 0.00149199 0.730109 0.00181819 
-7.37612 13.5261 -11.9043 11.7516 -5.70828 8.29374 0.700237 0.00205174 0.718043 0.00149199 
-14.1922 15.5646 -7.37612 13.5261 -11.9043 11.7516 0.681402 0.00125155 0.700237 0.00205174 
-5.66352 5.68287 -14.1922 15.5646 -7.37612 13.5261 0.671293 0.00121645 0.681402 0.00125155 
-0.990529 3.29169 -5.66352 5.68287 -14.1922 15.5646 0.665756 0.00269452 0.671293 0.00121645 
-2.39603 2.97384 -0.990529 3.29169 -5.66352 5.68287 0.665378 0.00367178 0.665756 0.00269452 
-0.527536 5.61973 -2.39603 2.97384 -0.990529 3.29169 0.669193 0.00296415 0.665378 0.00367178 
1.98792 3.15192 -0.527536 5.61973 -2.39603 2.97384 0.672965 0.000511534 0.669193 0.00296415 
-3.19228 7.61911 1.98792 3.15192 -0.527536 5.61973 0.67514 0.000158512 0.672965 0.000511534 
2.67672 2.44524 -3.19228 7.61911 1.98792 3.15192 0.67781 0.000382168 0.67514 0.000158512 
2.16519 8.18413 2.67672 2.44524 -3.19228 7.61911 0.67927 0.00124645 0.67781 0.000382168 
3.23316 1.37577 2.16519 8.18413 2.67672 2.44524 0.681402 0.00157389 0.67927 0.00124645 
-8.62026 11.5829 3.23316 1.37577 2.16519 8.18413 0.684425 0.00147276 0.681402 0.00157389 
11.0422 11.3661 -8.62026 11.5829 3.23316 1.37577 0.690805 0.00168119 0.684425 0.00147276 
10.9666 13.8984 11.0422 11.3661 -8.62026 11.5829 0.699579 0.001737 0.690805 0.00168119 
7.71566 13.4842 10.9666 13.8984 11.0422 11.3661 0.711423 0.00144168 0.699579 0.001737 
14.1894 11.0941 7.71566 13.4842 10.9666 13.8984 0.721017 0.00156734 0.711423 0.00144168 
10.4269 13.0549 14.1894 11.0941 7.71566 13.4842 0.732621 0.00255918 0.721017 0.00156734 
12.6861 12.9842 10.4269 13.0549 14.1894 11.0941 0.737403 0.00297583 0.732621 0.00255918 
13.2871 12.3625 12.6861 12.9842 10.4269 13.0549 0.748338 0.00230713 0.737403 0.00297583 
18.8367 15.3709 13.2871 12.3625 12.6861 12.9842 0.754239 0.00243934 0.748338 0.00230713 
17.5007 12.6509 18.8367 15.3709 13.2871 12.3625 0.764174 0.00190277 0.754239 0.00243934 
16.4522 11.7514 17.5007 12.6509 18.8367 15.3709 0.770001 0.0019301 0.764174 0.00190277 
31.0767 13.2761 16.4522 11.7514 17.5007 12.6509 0.776107 0.00208779 0.770001 0.0019301 
14.4319 19.5887 31.0767 13.2761 16.4522 11.7514 0.786514 0.00235364 0.776107 0.00208779 
21.4575 15.1716 14.4319 19.5887 31.0767 13.2761 0.796721 0.00273357 0.786514 0.00235364 
19.3062 18.2577 21.4575 15.1716 14.4319 19.5887 0.808063 0.00240124 0.796721 0.00273357 
12.9699 20.2687 19.3062 18.2577 21.4575 15.1716 0.815123 0.00290142 0.808063 0.00240124 
18.9424 17.9573 12.9699 20.2687 19.3062 18.2577 0.822117 0.00323798 0.815123 0.00290142 
17.3545 22.1856 18.9424 17.9573 12.9699 20.2687 0.823565 0.00341584 0.822117 0.00323798 
9.19262 19.0803 17.3545 22.1856 18.9424 17.9573 0.821152 0.00407239 0.823565 0.00341584 
7.75516 22.5939 9.19262 19.0803 17.3545 22.1856 0.819007 0.00475789 0.821152 0.00407239 
27.715 19.6987 7.75516 22.5939 9.19262 19.0803 0.814897 0.00339722 0.819007 0.00475789 
7.93965 19.9988 27.715 19.6987 7.75516 22.5939 0.813771 0.00386573 0.814897 0.00339722 
8.86584 12.7904 7.93965 19.9988 27.715 19.6987 0.816496 0.000381824 0.813771 0.00386573 
3.16637 3.97992 8.86584 12.7904 7.93965 19.9988 0.821928 -9.39335e-05 0.816496 0.000381824 
-2.26605 6.92513 3.16637 3.97992 8.86584 12.7904 0.823147 1.54237e-05 0.821928 -9.39335e-05 
-1.33536 7.38305 -2.26605 6.92513 3.16637 3.97992 0.822043 0.000924809 0.823147 1.54237e-05 
4.53889 15.695 -1.33536 7.38305 -2.26605 6.92513 0.828956 0.00262884 0.822043 0.000924809 
0.0547064 25.3051 4.53889 15.695 -1.33536 7.38305 0.825861 0.00135517 0.828956 0.00262884 
-1.82683 23.4526 0.0547064 25.3051 4.53889 15.695 0.810326 0.00128689 0.825861 0.00135517 
5.80122 22.2306 -1.82683 23.4526 0.0547064 25.3051 0.80732 0.0021964 0.810326 0.00128689 
7.4838 18.5108 5.80122 22.2306 -1.82683 23.4526 0.805115 0.00292757 0.80732 0.0021964 
-2.92252 17.0928 7.4838 18.5108 5.80122 22.2306 0.804305 0.00393913 0.805115 0.00292757 
-2.87024 17.3989 -2.92252 17.0928 7.4838 18.5108 0.799667 0.00473429 0.804305 0.00393913 
-1.45115 19.3101 -2.87024 17.3989 -2.92252 17.0928 0.793398 0.00339366 0.799667 0.00473429 
-4.99534 21.7116 -1.45115 19.3101 -2.87024 17.3989 0.7883 0.00394202 0.793398 0.00339366 
-8.72852 16.1152 -4.99534 21.7116 -1.45115 19.3101 0.785458 0.00346158 0.7883 0.00394202 
-7.98393 11.4074 -8.72852 16.1152 -4.99534 21.7116 0.767359 0.00344047 0.785458 0.00346158 
-0.623302 10.3399 -7.98393 11.4074 -8.72852 16.1152 0.75065 0.00270748 0.767359 0.00344047 
-3.73638 4.68672 -0.623302 10.3399 -7.98393 11.4074 0.732701 0.0017989 0.75065 0.00270748 
-3.37698 1.6216 -3.73638 4.68672 -0.623302 10.3399 0.725976 0.00170045 0.732701 0.0017989 
-1.66595 0.543724 -3.37698 1.6216 -3.73638 4.68672 0.712062 0.00211501 0.725976 0.00170045 
-1.24254 2.13911 -1.66595 0.543724 -3.37698 1.6216 0.707343 0.00249399 0.712062 0.00211501 
-0.0308037 -1.15085 -1.24254 2.13911 -1.66595 0.543724 0.698581 0.000933491 0.707343 0.00249399 
0.175199 -0.0236967 -0.0308037 -1.15085 -1.24254 2.13911 0.688525 0.000924424 0.698581 0.000933491 
1.82558 -2.42359 0.175199 -0.0236967 -0.0308037 -1.15085 0.685523 8.49695e-05 0.688525 0.000924424 
6.41424 -4.46953 1.82558 -2.42359 0.175199 -0.0236967 0.681486 0.00061086 0.685523 8.49695e-05 
3.11892 -3.65048 6.41424 -4.46953 1.82558 -2.42359 0.679091 -0.00027661 0.681486 0.00061086 
-1.40308 -5.00297 3.11892 -3.65048 6.41424 -4.46953 0.679211 -0.000574892 0.679091 -0.00027661 
4.18899 -1.1896 -1.40308 -5.00297 3.11892 -3.65048 0.68206 -0.000540567 0.679211 -0.000574892 
3.13674 1.38754 4.18899 -1.1896 -1.40308 -5.00297 0.688874 -0.00044672 0.68206 -0.000540567 
4.16672 -0.0671024 3.13674 1.38754 4.18899 -1.1896 0.698082 -0.000544589 0.688874 -0.00044672 
7.37372 0.438365 4.16672 -0.0671024 3.13674 1.38754 0.706827 -0.000488671 0.698082 -0.000544589 
6.77224 4.67767 7.37372 0.438365 4.16672 -0.0671024 0.716045 0.000160841 0.706827 -0.000488671 
3.06228 3.51942 6.77224 4.67767 7.37372 0.438365 0.725351 0.000361659 0.716045 0.000160841 
4.08626 7.25529 3.06228 3.51942 6.77224 4.67767 0.731627 -3.8574e-05 0.725351 0.000361659 
2.632 5.68183 4.08626 7.25529 3.06228 3.51942 0.73767 1.15473e-05 0.731627 -3.8574e-05 
4.76163 11.3956 2.632 5.68183 4.08626 7.25529 0.74238 3.78707e-05 0.73767 1.15473e-05 
2.99436 9.06525 4.76163 11.3956 2.632 5.68183 0.747092 0.000469743 0.74238 3.78707e-05 
2.11999 10.3145 2.99436 9.06525 4.76163 11.3956 0.752938 0.00052179 0.747092 0.000469743 
6.06149 10.2216 2.11999 10.3145 2.99436 9.06525 0.760787 0.00109552 0.752938 0.00052179 
11.5651 14.6578 6.06149 10.2216 2.11999 10.3145 0.766091 0.00126406 0.760787 0.00109552 
16.4918 12.8597 11.5651 14.6578 6.06149 10.2216 0.768733 0.00202065 0.766091 0.00126406 
-0.025663 16.277 16.4918 12.8597 11.5651 14.6578 0.768929 0.00237448 0.768733 0.00202065 
5.38527 15.3697 -0.025663 16.277 16.4918 12.8597 0.767841 0.00264297 0.768929 0.00237448 
4.37636 14.8638 5.38527 15.3697 -0.025663 16.277 0.762797 0.00227637 0.767841 0.00264297 
7.79601 11.988 4.37636 14.8638 5.38527 15.3697 0.761038 0.00242766 0.762797 0.00227637 
2.42231 12.348 7.79601 11.988 4.37636 14.8638 0.766582 0.00241068 0.761038 0.00242766 
2.4486 12.2557 2.42231 12.348 7.79601 11.988 0.774978 0.00301903 0.766582 0.00241068 
4.23295 8.93441 2.4486 12.2557 2.42231 12.348 0.79218 0.00282449 0.774978 0.00301903 
4.23295 8.93441 4.23295 8.93441 2.4486 12.2557 0.795908 0.00226412 0.79218 0.00282449 
3.57321 5.84564 4.23295 8.93441 4.23295 8.93441 0.79338 0.00124742 0.795908 0.00226412 
6.06241 6.34431 3.57321 5.84564 4.23295 8.93441 0.79 0.00148243 0.79338 0.00124742 
2.79796 8.49857 6.06241 6.34431 3.57321 5.84564 0.785061 0.00182404 0.79 0.00148243 
1.55459 10.2359 2.79796 8.49857 6.06241 6.34431 0.778219 0.00151033 0.785061 0.00182404 
-1.10146 9.76152 1.55459 10.2359 2.79796 8.49857 0.770555 0.00140623 0.778219 0.00151033 
-4.3558 8.63828 -1.10146 9.76152 1.55459 10.2359 0.766384 0.0011392 0.770555 0.00140623 
-4.14833 8.44257 -4.3558 8.63828 -1.10146 9.76152 0.764508 0.00164996 0.766384 0.0011392 
5.57442 8.28102 -4.14833 8.44257 -4.3558 8.63828 0.76582 0.00198855 0.764508 0.00164996 
0.626706 5.0563 5.57442 8.28102 -4.14833 8.44257 0.765016 0.00153136 0.76582 0.00198855 
-3.45732 3.81822 0.626706 5.0563 5.57442 8.28102 0.759902 0.0010087 0.765016 0.00153136 
-0.598552 7.63954 -3.45732 3.81822 0.626706 5.0563 0.747622 0.000787731 0.759902 0.0010087 
-4.29693 5.94024 -0.598552 7.63954 -3.45732 3.81822 0.741846 0.000969142 0.747622 0.000787731 
-0.301534 6.95069 -4.29693 5.94024 -0.598552 7.63954 0.729447 0.00139909 0.741846 0.000969142 
-2.48955 6.12446 -0.301534 6.95069 -4.29693 5.94024 0.717713 0.00103091 0.729447 0.00139909 
-7.27332 3.90995 -2.48955 6.12446 -0.301534 6.95069 0.70675 0.00122054 0.717713 0.00103091 
2.91984 9.7996 -7.27332 3.90995 -2.48955 6.12446 0.699896 0.00106304 0.70675 0.00122054 
-1.15395 1.90924 2.91984 9.7996 -7.27332 3.90995 0.694587 0.00109057 0.699896 0.00106304 
3.16624 4.62778 -1.15395 1.90924 2.91984 9.7996 0.69624 0.000504674 0.694587 0.00109057 
0.61784 6.58911 3.16624 4.62778 -1.15395 1.90924 0.699125 9.99726e-05 0.69624 0.000504674 
5.09569 5.87756 0.61784 6.58911 3.16624 4.62778 0.700116 3.09943e-05 0.699125 9.99726e-05 
8.99959 9.61525 5.09569 5.87756 0.61784 6.58911 0.700111 0.000117063 0.700116 3.09943e-05 
2.83321 9.91039 8.99959 9.61525 5.09569 5.87756 0.700525 0.00047002 0.700111 0.000117063 
8.58591 9.66354 2.83321 9.91039 8.99959 9.61525 0.701764 0.000864359 0.700525 0.00047002 
7.42951 15.825 8.58591 9.66354 2.83321 9.91039 0.703436 0.00129087 0.701764 0.000864359 
9.74387 15.3319 7.42951 15.825 8.58591 9.66354 0.704322 0.00151505 0.703436 0.00129087 
14.4383 19.7148 9.74387 15.3319 7.42951 15.825 0.705281 0.00180144 0.704322 0.00151505 
11.2632 20.4477 14.4383 19.7148 9.74387 15.3319 0.711206 0.00258069 0.705281 0.00180144 
12.1172 15.084 11.2632 20.4477 14.4383 19.7148 0.724048 0.00330057 0.711206 0.00258069 
14.5487 17.813 12.1172 15.084 11.2632 20.4477 0.734665 0.00389488 0.724048 0.00330057 
11.9778 15.4411 14.5487 17.813 12.1172 15.084 0.748437 0.00415246 0.734665 0.00389488 
15.5364 13.3676 11.9778 15.4411 14.5487 17.813 0.763023 0.00339019 0.748437 0.00415246 
10.0306 15.0473 15.5364 13.3676 11.9778 15.4411 0.771076 0.00354476 0.763023 0.00339019 
21.7699 12.4513 10.0306 15.0473 15.5364 13.3676 0.776933 0.00298229 0.771076 0.00354476 
18.3616 14.9201 21.7699 12.4513 10.0306 15.0473 0.784683 0.00254925 0.776933 0.00298229 
15.6503 17.3466 18.3616 14.9201 21.7699 12.4513 0.793654 0.00260257 0.784683 0.00254925 
14.6046 18.4356 15.6503 17.3466 18.3616 14.9201 0.804358 0.00248278 0.793654 0.00260257 
21.0604 19.617 14.6046 18.4356 15.6503 17.3466 0.810296 0.00274284 0.804358 0.00248278 
28.5959 22.599 21.0604 19.617 14.6046 18.4356 0.815302 0.00281158 0.810296 0.00274284 
13.9361 21.8967 28.5959 22.599 21.0604 19.617 0.819749 0.00220381 0.815302 0.00281158 
13.5371 20.1283 13.9361 21.8967 28.5959 22.599 0.820812 0.00354556 0.819749 0.00220381 
17.0847 23.0887 13.5371 20.1283 13.9361 21.8967 0.819693 0.00379331 0.820812 0.00354556 
10.9018 21.4477 17.0847 23.0887 13.5371 20.1283 0.818155 0.00429276 0.819693 0.00379331 
7.63583 22.2134 10.9018 21.4477 17.0847 23.0887 0.81524 0.00442465 0.818155 0.00429276 
4.40231 19.766 7.63583 22.2134 10.9018 21.4477 0.813016 0.00371212 0.81524 0.00442465 
11.3201 18.7382 4.40231 19.766 7.63583 22.2134 0.812949 0.00450701 0.813016 0.00371212 
0.265632 19.3429 11.3201 18.7382 4.40231 19.766 0.818016 0.00361955 0.812949 0.00450701 
0.265632 19.3429 0.265632 19.3429 11.3201 18.7382 0.823009 0.00397469 0.818016 0.00361955 
9.87047 19.9158 0.265632 19.3429 0.265632 19.3429 0.823167 0.00432173 0.823009 0.00397469 
5.59904 17.2368 9.87047 19.9158 0.265632 19.3429 0.821913 0.0046124 0.823167 0.00432173 
7.57685 17.8801 5.59904 17.2368 9.87047 19.9158 0.814404 0.00406127 0.821913 0.0046124 
6.96058 13.858 7.57685 17.8801 5.59904 17.2368 0.801247 0.00321062 0.814404 0.00406127 
-1.15145 16.8103 6.96058 13.858 7.57685 17.8801 0.79421 0.00381576 0.801247 0.00321062 
0.521117 14.1039 -1.15145 16.8103 6.96058 13.858 0.784717 0.00344741 0.79421 0.00381576 
-0.788887 8.32142 0.521117 14.1039 -1.15145 16.8103 0.782447 0.00343622 0.784717 0.00344741 
0.835519 7.25831 -0.788887 8.32142 0.521117 14.1039 0.785304 0.00297772 0.782447 0.00343622 
-3.06551 3.94256 0.835519 7.25831 -0.788887 8.32142 0.786603 0.00348489 0.785304 0.00297772 
-6.64079 5.36071 -3.06551 3.94256 0.835519 7.25831 0.785793 0.00277285 0.786603 0.00348489 
-4.881 4.08676 -6.64079 5.36071 -3.06551 3.94256 0.779386 0.00177097 0.785793 0.00277285 
-4.48243 4.56515 -4.881 4.08676 -6.64079 5.36071 0.768774 0.00072783 0.779386 0.00177097 
-5.56199 6.15378 -4.48243 4.56515 -4.881 4.08676 0.758717 0.000407023 0.768774 0.00072783 
-5.65065 2.81164 -5.56199 6.15378 -4.48243 4.56515 0.741111 0.000370968 0.758717 0.000407023 
-6.25106 3.59165 -5.65065 2.81164 -5.56199 6.15378 0.730308 0.00030276 0.741111 0.000370968 
-3.08607 7.60185 -6.25106 3.59165 -5.65065 2.81164 0.719947 0.000142988 0.730308 0.00030276 
-3.72052 7.50129 -3.08607 7.60185 -6.25106 3.59165 0.710865 0.000564322 0.719947 0.000142988 
-1.25172 10.3452 -3.72052 7.50129 -3.08607 7.60185 0.704487 0.000671343 0.710865 0.000564322 
-7.26431 10.4626 -1.25172 10.3452 -3.72052 7.50129 0.7045 0.00100991 0.704487 0.000671343 
-3.67615 9.7552 -7.26431 10.4626 -1.25172 10.3452 0.702127 0.00122948 0.7045 0.00100991 
-2.84042 12.7829 -3.67615 9.7552 -7.26431 10.4626 0.699773 0.00188502 0.702127 0.00122948 
5.41795 11.4774 -2.84042 12.7829 -3.67615 9.7552 0.696448 0.00166744 0.699773 0.00188502 
0.577131 11.0385 5.41795 11.4774 -2.84042 12.7829 0.69376 0.00173633 0.696448 0.00166744 
3.32867 9.15717 0.577131 11.0385 5.41795 11.4774 0.689049 0.00181309 0.69376 0.00173633 
4.61839 7.16548 3.32867 9.15717 0.577131 11.0385 0.68284 0.00236814 0.689049 0.00181309 
7.31951 6.969 4.61839 7.16548 3.32867 9.15717 0.679833 0.00233555 0.68284 0.00236814 
6.82082 7.82727 7.31951 6.969 4.61839 7.16548 0.680011 0.00233283 0.679833 0.00233555 
7.30767 6.48238 6.82082 7.82727 7.31951 6.969 0.686675 0.00212041 0.680011 0.00233283 
9.34981 4.73371 7.30767 6.48238 6.82082 7.82727 0.695543 0.00109746 0.686675 0.00212041 
18.9662 8.63531 9.34981 4.73371 7.30767 6.48238 0.710572 0.000454203 0.695543 0.00109746 
10.5891 12.0577 18.9662 8.63531 9.34981 4.73371 0.725327 0.00116836 0.710572 0.000454203 
11.0959 9.98002 10.5891 12.0577 18.9662 8.63531 0.739077 0.00125709 0.725327 0.00116836 
11.4191 12.491 11.0959 9.98002 10.5891 12.0577 0.748375 0.00140903 0.739077 0.00125709 
10.0305 13.6586 11.4191 12.491 11.0959 9.98002 0.76052 0.00145081 0.748375 0.00140903 
16.7038 15.0892 10.0305 13.6586 11.4191 12.491 0.770875 0.00221643 0.76052 0.00145081 
8.50687 17.8414 16.7038 15.0892 10.0305 13.6586 0.779255 0.0018051 0.770875 0.00221643 
7.37682 15.0968 8.50687 17.8414 16.7038 15.0892 0.790122 0.00244189 0.779255 0.0018051 
10.1219 15.5673 7.37682 15.0968 8.50687 17.8414 0.800081 0.001972 0.790122 0.00244189 
9.57213 16.8787 10.1219 15.5673 7.37682 15.0968 0.810546 0.00337369 0.800081 0.001972 
5.18449 14.7186 9.57213 16.8787 10.1219 15.5673 0.814205 0.00256084 0.810546 0.00337369 
7.6247 15.1492 5.18449 14.7186 9.57213 16.8787 0.816574 0.002535 0.814205 0.00256084 
3.36844 16.3517 7.6247 15.1492 5.18449 14.7186 0.81743 0.00299421 0.816574 0.002535 
18.0298 16.6235 3.36844 16.3517 7.6247 15.1492 0.816374 0.0033903 0.81743 0.00299421 
5.48134 16.7211 18.0298 16.6235 3.36844 16.3517 0.814868 0.00268813 0.816374 0.0033903 
4.92375 11.8816 5.48134 16.7211 18.0298 16.6235 0.811655 0.00278413 0.814868 0.00268813 
-1.18358 13.9559 4.92375 11.8816 5.48134 16.7211 0.811028 0.00278557 0.811655 0.00278413 
1.41182 11.6056 -1.18358 13.9559 4.92375 11.8816 0.811247 0.00308557 0.811028 0.00278557 
-2.27756 8.30254 1.41182 11.6056 -1.18358 13.9559 0.810222 0.00350957 0.811247 0.00308557 
2.99071 10.3826 -2.27756 8.30254 1.41182 11.6056 0.800783 0.00299767 0.810222 0.00350957 
4.51243 10.0873 2.99071 10.3826 -2.27756 8.30254 0.790333 0.00292133 0.800783 0.00299767 
-0.535552 9.97475 4.51243 10.0873 2.99071 10.3826 0.779806 0.002167 0.790333 0.00292133 
-1.20987 9.56943 -0.535552 9.97475 4.51243 10.0873 0.766682 0.0022074 0.779806 0.002167 
-2.07618 9.24943 -1.20987 9.56943 -0.535552 9.97475 0.751336 0.00201182 0.766682 0.0022074 
-3.79333 10.1982 -2.07618 9.24943 -1.20987 9.56943 0.737876 0.00201371 0.751336 0.00201182 
-2.26455 9.73984 -3.79333 10.1982 -2.07618 9.24943 0.733564 0.00147178 0.737876 0.00201371 
-3.85173 8.53373 -2.26455 9.73984 -3.79333 10.1982 0.733616 0.00188171 0.733564 0.00147178 
-3.54891 7.34731 -3.85173 8.53373 -2.26455 9.73984 0.734986 0.00155413 0.733616 0.00188171 
-5.56528 8.93059 -3.54891 7.34731 -3.85173 8.53373 0.732398 0.00193587 0.734986 0.00155413 
-1.42882 6.8519 -5.56528 8.93059 -3.54891 7.34731 0.728131 0.00190505 0.732398 0.00193587 
-2.4892 6.3846 -1.42882 6.8519 -5.56528 8.93059 0.720328 0.00194571 0.728131 0.00190505 
0.546254 5.83244 -2.4892 6.3846 -1.42882 6.8519 0.711669 0.0014329 0.720328 0.00194571 
4.35008 7.05872 0.546254 5.83244 -2.4892 6.3846 0.705522 0.00160452 0.711669 0.0014329 
0.86683 2.98378 4.35008 7.05872 0.546254 5.83244 0.697027 0.00137755 0.705522 0.00160452 
-0.885534 1.26145 0.86683 2.98378 4.35008 7.05872 0.691959 0.000950824 0.697027 0.00137755 
-1.32434 2.63032 -0.885534 1.26145 0.86683 2.98378 0.693733 0.000808258 0.691959 0.000950824 
0.818094 2.89594 -1.32434 2.63032 -0.885534 1.26145 0.699642 0.000323132 0.693733 0.000808258 
1.34877 2.89666 0.818094 2.89594 -1.32434 2.63032 0.705163 0.000176691 0.699642 0.000323132 
5.56134 5.04039 1.34877 2.89666 0.818094 2.89594 0.709652 2.83059e-05 0.705163 0.000176691 
1.89359 6.00594 5.56134 5.04039 1.34877 2.89666 0.715553 8.38245e-05 0.709652 2.83059e-05 
5.32826 4.75763 1.89359 6.00594 5.56134 5.04039 0.720785 0.00026055 0.715553 8.38245e-05 
4.2259 10.3301 5.32826 4.75763 1.89359 6.00594 0.72451 0.000424915 0.720785 0.00026055 
2.59684 11.6016 4.2259 10.3301 5.32826 4.75763 0.726886 0.000995943 0.72451 0.000424915 
6.81999 10.9859 2.59684 11.6016 4.2259 10.3301 0.7287 0.00126922 0.726886 0.000995943 
7.42157 12.9322 6.81999 10.9859 2.59684 11.6016 0.73046 0.00110464 0.7287 0.00126922 
8.52171 16.4856 7.42157 12.9322 6.81999 10.9859 0.733239 0.00129361 0.73046 0.00110464 
5.85071 17.8964 8.52171 16.4856 7.42157 12.9322 0.740428 0.0016072 0.733239 0.00129361 
4.66335 17.4431 5.85071 17.8964 8.52171 16.4856 0.750515 0.00182685 0.740428 0.0016072 
11.5614 17.017 4.66335 17.4431 5.85071 17.8964 0.760833 0.00181541 0.750515 0.00182685 
9.2743 18.0421 11.5614 17.017 4.66335 17.4431 0.770413 0.00283359 0.760833 0.00181541 
7.96174 15.9212 9.2743 18.0421 11.5614 17.017 0.77803 0.00263779 0.770413 0.00283359 
10.2887 17.1323 7.96174 15.9212 9.2743 18.0421 0.780969 0.00270744 0.77803 0.00263779 
7.71742 16.5007 10.2887 17.1323 7.96174 15.9212 0.78157 0.00320425 0.780969 0.00270744 
7.61252 16.5392 7.71742 16.5007 10.2887 17.1323 0.78233 0.00379163 0.78157 0.00320425 
7.67863 13.1262 7.61252 16.5392 7.71742 16.5007 0.785728 0.00348836 0.78233 0.00379163 
6.4154 13.975 7.67863 13.1262 7.61252 16.5392 0.792038 0.00302922 0.785728 0.00348836 
10.8008 14.3495 6.4154 13.975 7.67863 13.1262 0.798468 0.00396757 0.792038 0.00302922 
10.8133 12.9802 10.8008 14.3495 6.4154 13.975 0.802565 0.00308255 0.798468 0.00396757 
7.40964 11.5978 10.8133 12.9802 10.8008 14.3495 0.803853 0.00261592 0.802565 0.00308255 
5.96398 9.78873 7.40964 11.5978 10.8133 12.9802 0.804566 0.00260999 0.803853 0.00261592 
6.09948 12.7095 5.96398 9.78873 7.40964 11.5978 0.804595 0.00298982 0.804566 0.00260999 
2.67119 9.58957 6.09948 12.7095 5.96398 9.78873 0.804195 0.00302295 0.804595 0.00298982 
-2.25092 13.2357 2.67119 9.58957 6.09948 12.7095 0.802538 0.00226945 0.804195 0.00302295 
1.42931 7.88797 -2.25092 13.2357 2.67119 9.58957 0.803831 0.00228544 0.802538 0.00226945 
1.62548 10.2449 1.42931 7.88797 -2.25092 13.2357 0.808202 0.00216029 0.803831 0.00228544 
-3.37872 11.0466 1.62548 10.2449 1.42931 7.88797 0.809525 0.00195462 0.808202 0.00216029 
-0.454823 9.85692 -3.37872 11.0466 1.62548 10.2449 0.805298 0.00147614 0.809525 0.00195462 
-4.92424 10.2363 -0.454823 9.85692 -3.37872 11.0466 0.798636 0.00126259 0.805298 0.00147614 
-9.23263 9.20347 -4.92424 10.2363 -0.454823 9.85692 0.786941 0.00149947 0.798636 0.00126259 
-7.60343 9.22734 -9.23263 9.20347 -4.92424 10.2363 0.777342 0.00178308 0.786941 0.00149947 
-10.4055 11.8764 -7.60343 9.22734 -9.23263 9.20347 0.766594 0.00238635 0.777342 0.00178308 
-9.86107 11.1782 -10.4055 11.8764 -7.60343 9.22734 0.75144 0.00168386 0.766594 0.00238635 
-7.87906 9.82281 -9.86107 11.1782 -10.4055 11.8764 0.738985 1.31821e-05 0.75144 0.00168386 
-9.78235 9.46102 -7.87906 9.82281 -9.86107 11.1782 0.727105 -0.000100726 0.738985 1.31821e-05 
-8.40135 5.87953 -9.78235 9.46102 -7.87906 9.82281 0.715092 -4.7783e-06 0.727105 -0.000100726 
-2.70297 4.72015 -8.40135 5.87953 -9.78235 9.46102 0.702002 0.000805679 0.715092 -4.7783e-06 
1.08312 9.47659 -2.70297 4.72015 -8.40135 5.87953 0.67512 0.00266333 0.702002 0.000805679 
-5.01366 6.22092 1.08312 9.47659 -2.70297 4.72015 0.662816 0.0024554 0.67512 0.00266333 
-0.334415 6.56174 -5.01366 6.22092 1.08312 9.47659 0.651772 0.00152878 0.662816 0.0024554 
7.93737 5.0664 -0.334415 6.56174 -5.01366 6.22092 0.63748 0.00109884 0.651772 0.00152878 
-1.37442 4.11372 7.93737 5.0664 -0.334415 6.56174 0.635393 0.00131634 0.63748 0.00109884 
5.74766 5.29616 -1.37442 4.11372 7.93737 5.0664 0.63196 0.00230735 0.635393 0.00131634 
5.84562 6.74202 5.74766 5.29616 -1.37442 4.11372 0.636202 0.00133809 0.63196 0.00230735 
5.62095 5.2381 5.84562 6.74202 5.74766 5.29616 0.645332 0.00140261 0.636202 0.00133809 
6.23585 6.96146 5.62095 5.2381 5.84562 6.74202 0.659239 0.000754998 0.645332 0.00140261 
13.3818 8.67671 6.23585 6.96146 5.62095 5.2381 0.675933 0.000987419 0.659239 0.000754998 
8.86592 6.44205 13.3818 8.67671 6.23585 6.96146 0.68962 0.00116993 0.675933 0.000987419 
11.6791 5.67127 8.86592 6.44205 13.3818 8.67671 0.70023 0.000996891 0.68962 0.00116993 
13.6044 9.22735 11.6791 5.67127 8.86592 6.44205 0.712696 0.000845718 0.70023 0.000996891 
11.0465 11.0363 13.6044 9.22735 11.6791 5.67127 0.727759 0.000941887 0.712696 0.000845718 
19.1501 9.36676 11.0465 11.0363 13.6044 9.22735 0.740098 0.00129007 0.727759 0.000941887 
23.5008 11.7944 19.1501 9.36676 11.0465 11.0363 0.753412 0.00119076 0.740098 0.00129007 
12.952 13.8249 23.5008 11.7944 19.1501 9.36676 0.765891 0.00172603 0.753412 0.00119076 
18.1168 13.7472 12.952 13.8249 23.5008 11.7944 0.785955 0.00223705 0.765891 0.00172603 
21.3702 15.9786 18.1168 13.7472 12.952 13.8249 0.79574 0.0025141 0.785955 0.00223705 
15.987 19.1304 21.3702 15.9786 18.1168 13.7472 0.80869 0.00193101 0.79574 0.0025141 
17.4122 18.2915 15.987 19.1304 21.3702 15.9786 0.81294 0.00312807 0.80869 0.00193101 
16.1561 18.5564 17.4122 18.2915 15.987 19.1304 0.814079 0.00374936 0.81294 0.00312807 
13.6409 18.4106 16.1561 18.5564 17.4122 18.2915 0.813825 0.00423517 0.814079 0.00374936 
11.822 18.9409 13.6409 18.4106 16.1561 18.5564 0.811965 0.00349744 0.813825 0.00423517 
16.0178 22.2487 11.822 18.9409 13.6409 18.4106 0.811874 0.00358002 0.811965 0.00349744 
13.7095 20.4489 16.0178 22.2487 11.822 18.9409 0.81792 0.00370719 0.811874 0.00358002 
26.7714 18.4705 13.7095 20.4489 16.0178 22.2487 0.821116 0.00408046 0.81792 0.00370719 
15.1596 21.0078 26.7714 18.4705 13.7095 20.4489 0.82423 0.00422535 0.821116 0.00408046 
10.3496 18.2828 15.1596 21.0078 26.7714 18.4705 0.826226 0.00413514 0.82423 0.00422535 
21.0178 20.8819 10.3496 18.2828 15.1596 21.0078 0.825886 0.00403164 0.826226 0.00413514 
9.58464 22.3301 21.0178 20.8819 10.3496 18.2828 0.823389 0.00442921 0.825886 0.00403164 
6.42083 18.6862 9.58464 22.3301 21.0178 20.8819 0.820785 0.0034381 0.823389 0.00442921 
6.96276 17.3317 6.42083 18.6862 9.58464 22.3301 0.815727 0.00365787 0.820785 0.0034381 
6.91607 14.5146 6.96276 17.3317 6.42083 18.6862 0.813146 0.00361748 0.815727 0.00365787 
0.863433 13.7591 6.91607 14.5146 6.96276 17.3317 0.812708 0.00376515 0.813146 0.00361748 
-1.76043 11.7532 0.863433 13.7591 6.91607 14.5146 0.814681 0.00374719 0.812708 0.00376515 
-1.92764 9.98543 -1.76043 11.7532 0.863433 13.7591 0.815231 0.00414629 0.814681 0.00374719 
-1.06503 10.8442 -1.92764 9.98543 -1.76043 11.7532 0.813838 0.00307301 0.815231 0.00414629 
-6.42647 6.76636 -1.06503 10.8442 -1.92764 9.98543 0.806327 0.00257622 0.813838 0.00307301 
-6.13689 7.1997 -6.42647 6.76636 -1.06503 10.8442 0.798981 0.00177166 0.806327 0.00257622 
-9.2767 5.70733 -6.13689 7.1997 -6.42647 6.76636 0.789361 0.00186793 0.798981 0.00177166 
-1.90172 3.77301 -9.2767 5.70733 -6.13689 7.1997 0.77221 0.00253056 0.789361 0.00186793 
-8.27452 -0.199043 -1.90172 3.77301 -9.2767 5.70733 0.766524 0.0013959 0.77221 0.00253056 
-3.71016 -3.23802 -8.27452 -0.199043 -1.90172 3.77301 0.753465 0.00113554 0.766524 0.0013959 
-6.50313 -5.12644 -3.71016 -3.23802 -8.27452 -0.199043 0.742564 0.000892156 0.753465 0.00113554 
24.2465 -5.95847 -6.50313 -5.12644 -3.71016 -3.23802 0.738198 0.000529427 0.742564 0.000892156 
-1.97325 -4.43611 24.2465 -5.95847 -6.50313 -5.12644 0.726818 0.000136998 0.738198 0.000529427 
-3.9719 -3.35928 -1.97325 -4.43611 24.2465 -5.95847 0.721723 -2.24862e-06 0.726818 0.000136998 
-1.9851 -5.6968 -3.9719 -3.35928 -1.97325 -4.43611 0.713534 -0.000790554 0.721723 -2.24862e-06 
-4.47717 -5.59842 -1.9851 -5.6968 -3.9719 -3.35928 0.705605 -0.00141129 0.713534 -0.000790554 
-5.77429 -4.59621 -4.47717 -5.59842 -1.9851 -5.6968 0.695861 -0.00124749 0.705605 -0.00141129 
-5.88904 -1.31233 -5.77429 -4.59621 -4.47717 -5.59842 0.687954 -0.000967464 0.695861 -0.00124749 
-7.14792 1.04509 -5.88904 -1.31233 -5.77429 -4.59621 0.68157 -0.000847108 0.687954 -0.000967464 
-2.75002 6.44133 -7.14792 1.04509 -5.88904 -1.31233 0.677888 -0.00073254 0.68157 -0.000847108 
-2.78024 8.8164 -2.75002 6.44133 -7.14792 1.04509 0.675472 -0.000189709 0.677888 -0.00073254 
-3.91544 4.62329 -2.78024 8.8164 -2.75002 6.44133 0.676277 0.000694793 0.675472 -0.000189709 
2.32612 4.44657 -3.91544 4.62329 -2.78024 8.8164 0.678254 0.00069724 0.676277 0.000694793 
0.746358 8.64546 2.32612 4.44657 -3.91544 4.62329 0.678108 0.000599613 0.678254 0.00069724 
0.813275 5.67053 0.746358 8.64546 2.32612 4.44657 0.677989 0.000696417 0.678108 0.000599613 
2.43654 9.9249 0.813275 5.67053 0.746358 8.64546 0.679514 0.000745648 0.677989 0.000696417 
2.51223 10.386 2.43654 9.9249 0.813275 5.67053 0.681995 0.00075521 0.679514 0.000745648 
6.16124 12.2954 2.51223 10.386 2.43654 9.9249 0.691205 0.000757829 0.681995 0.00075521 
-0.987275 14.6251 6.16124 12.2954 2.51223 10.386 0.702192 0.00138093 0.691205 0.000757829 
4.48237 11.8934 -0.987275 14.6251 6.16124 12.2954 0.716241 0.00159691 0.702192 0.00138093 
6.80837 15.0363 4.48237 11.8934 -0.987275 14.6251 0.728489 0.00169695 0.716241 0.00159691 
9.69925 12.7342 6.80837 15.0363 4.48237 11.8934 0.746379 0.00244757 0.728489 0.00169695 
5.40458 14.1055 9.69925 12.7342 6.80837 15.0363 0.764634 0.00268382 0.746379 0.00244757 
10.9381 14.1285 5.40458 14.1055 9.69925 12.7342 0.781981 0.00322771 0.764634 0.00268382 
14.0714 14.9705 10.9381 14.1285 5.40458 14.1055 0.783626 0.00296269 0.781981 0.00322771 
11.9418 16.3102 14.0714 14.9705 10.9381 14.1285 0.786864 0.00290304 0.783626 0.00296269 
10.6846 19.3618 11.9418 16.3102 14.0714 14.9705 0.786684 0.00249242 0.786864 0.00290304 
10.1605 17.6141 10.6846 19.3618 11.9418 16.3102 0.788077 0.00253106 0.786684 0.00249242 
11.9983 15.8618 10.1605 17.6141 10.6846 19.3618 0.793374 0.00321416 0.788077 0.00253106 
13.2417 19.0731 11.9983 15.8618 10.1605 17.6141 0.80077 0.00293015 0.793374 0.00321416 
9.13141 18.2795 13.2417 19.0731 11.9983 15.8618 0.810605 0.00310324 0.80077 0.00293015 
12.5928 20.0942 9.13141 18.2795 13.2417 19.0731 0.812294 0.00341374 0.810605 0.00310324 
46.399 19.3736 12.5928 20.0942 9.13141 18.2795 0.816068 0.00346155 0.812294 0.00341374 
4.37245 21.077 46.399 19.3736 12.5928 20.0942 0.81526 0.00382932 0.816068 0.00346155 
6.65828 16.8418 4.37245 21.077 46.399 19.3736 0.814271 0.00390295 0.81526 0.00382932 
6.65828 16.8418 6.65828 16.8418 4.37245 21.077 0.811495 0.00356848 0.814271 0.00390295 
3.20705 20.9152 6.65828 16.8418 6.65828 16.8418 0.807199 0.00421457 0.811495 0.00356848 
5.43811 17.713 3.20705 20.9152 6.65828 16.8418 0.805366 0.0038012 0.807199 0.00421457 
42.7606 16.4701 5.43811 17.713 3.20705 20.9152 0.805603 0.00326292 0.805366 0.0038012 
2.13516 15.3268 42.7606 16.4701 5.43811 17.713 0.8072 0.00376633 0.805603 0.00326292 
3.82319 14.8886 2.13516 15.3268 42.7606 16.4701 0.805316 0.00428227 0.8072 0.00376633 
-2.5745 13.2218 3.82319 14.8886 2.13516 15.3268 0.800277 0.00339033 0.805316 0.00428227 
1.579 11.9661 -2.5745 13.2218 3.82319 14.8886 0.795353 0.00334811 0.800277 0.00339033 
3.89351 12.5242 1.579 11.9661 -2.5745 13.2218 0.792831 0.0028229 0.795353 0.00334811 
1.56977 9.04196 3.89351 12.5242 1.579 11.9661 0.785098 0.0032692 0.792831 0.0028229 
-2.98489 8.60378 1.56977 9.04196 3.89351 12.5242 0.778812 0.00252392 0.785098 0.0032692 
-8.21983 8.29067 -2.98489 8.60378 1.56977 9.04196 0.774574 0.00221859 0.778812 0.00252392 
-3.7846 6.25504 -8.21983 8.29067 -2.98489 8.60378 0.767797 0.0021046 0.774574 0.00221859 
-7.61888 4.3563 -3.7846 6.25504 -8.21983 8.29067 0.760049 0.00177246 0.767797 0.0021046 
-7.86476 2.94369 -7.61888 4.3563 -3.7846 6.25504 0.746011 0.00172997 0.760049 0.00177246 
-4.02925 3.24642 -7.86476 2.94369 -7.61888 4.3563 0.731394 0.000754445 0.746011 0.00172997 
-9.23432 -2.84207 -4.02925 3.24642 -7.86476 2.94369 0.715495 0.000510462 0.731394 0.000754445 
-2.5707 -1.22609 -9.23432 -2.84207 -4.02925 3.24642 0.704053 0.000390666 0.715495 0.000510462 
-1.43523 -1.51558 -2.5707 -1.22609 -9.23432 -2.84207 0.691263 0.000553724 0.704053 0.000390666 
-0.589764 -1.15262 -1.43523 -1.51558 -2.5707 -1.22609 0.677705 0.00051449 0.691263 0.000553724 
-2.66864 -2.95754 -0.589764 -1.15262 -1.43523 -1.51558 0.675641 0.000567347 0.677705 0.00051449 
-1.51625 -5.54346 -2.66864 -2.95754 -0.589764 -1.15262 0.67658 -3.06376e-05 0.675641 0.000567347 
6.35394 -2.28254 -1.51625 -5.54346 -2.66864 -2.95754 0.680495 -0.000523646 0.67658 -3.06376e-05 
0.87494 -2.17248 6.35394 -2.28254 -1.51625 -5.54346 0.682628 -0.000329771 0.680495 -0.000523646 
6.68889 -4.52958 0.87494 -2.17248 6.35394 -2.28254 0.69013 -0.000568269 0.682628 -0.000329771 
4.93165 -0.907024 6.68889 -4.52958 0.87494 -2.17248 0.692681 -0.000244923 0.69013 -0.000568269 
4.31177 -1.59216 4.93165 -0.907024 6.68889 -4.52958 0.696423 -0.000287642 0.692681 -0.000244923 
8.31036 -1.25351 4.31177 -1.59216 4.93165 -0.907024 0.704666 -0.000500998 0.696423 -0.000287642 
4.3228 4.59216 8.31036 -1.25351 4.31177 -1.59216 0.711204 -0.000114986 0.704666 -0.000500998 
8.6747 1.51148 4.3228 4.59216 8.31036 -1.25351 0.720855 -0.000127653 0.711204 -0.000114986 
8.75173 8.38594 8.6747 1.51148 4.3228 4.59216 0.732929 0.000347427 0.720855 -0.000127653 
6.54416 12.4608 8.75173 8.38594 8.6747 1.51148 0.743465 -4.88118e-05 0.732929 0.000347427 
3.22755 5.50618 6.54416 12.4608 8.75173 8.38594 0.754197 0.00065339 0.743465 -4.88118e-05 
5.7946 12.7085 3.22755 5.50618 6.54416 12.4608 0.757943 0.000515956 0.754197 0.00065339 
1.78606 10.0444 5.7946 12.7085 3.22755 5.50618 0.76222 0.000997414 0.757943 0.000515956 
13.4763 12.5421 1.78606 10.0444 5.7946 12.7085 0.762321 0.000760565 0.76222 0.000997414 
-1.29559 11.7501 13.4763 12.5421 1.78606 10.0444 0.765617 0.000906154 0.762321 0.000760565 
1.85116 10.1025 -1.29559 11.7501 13.4763 12.5421 0.769506 0.000436156 0.765617 0.000906154 
4.87901 15.3461 1.85116 10.1025 -1.29559 11.7501 0.777103 0.00178725 0.769506 0.000436156 
1.76546 13.7255 4.87901 15.3461 1.85116 10.1025 0.778622 0.0022067 0.777103 0.00178725 
13.148 13.247 1.76546 13.7255 4.87901 15.3461 0.77781 0.00164486 0.778622 0.0022067 
5.58876 14.9018 13.148 13.247 1.76546 13.7255 0.77196 0.00184794 0.77781 0.00164486 
3.33133 13.2406 5.58876 14.9018 13.148 13.247 0.767928 0.00203105 0.77196 0.00184794 
5.80659 14.5425 3.33133 13.2406 5.58876 14.9018 0.762099 0.00252795 0.767928 0.00203105 
-0.481328 11.909 5.80659 14.5425 3.33133 13.2406 0.754963 0.00261987 0.762099 0.00252795 
6.2294 9.97303 -0.481328 11.909 5.80659 14.5425 0.752101 0.00269582 0.754963 0.00261987 
6.91732 12.9366 6.2294 9.97303 -0.481328 11.909 0.756014 0.0022047 0.752101 0.00269582 
4.20837 6.22002 6.91732 12.9366 6.2294 9.97303 0.760431 0.00260823 0.756014 0.0022047 
6.13857 8.8717 4.20837 6.22002 6.91732 12.9366 0.762996 0.00273783 0.760431 0.00260823 
1.95492 8.75154 6.13857 8.8717 4.20837 6.22002 0.76291 0.00252824 0.762996 0.00273783 
22.6784 5.83095 1.95492 8.75154 6.13857 8.8717 0.762604 0.0018235 0.76291 0.00252824 
4.57509 8.39714 22.6784 5.83095 1.95492 8.75154 0.763701 0.00177766 0.762604 0.0018235 
2.64434 8.30151 4.57509 8.39714 22.6784 5.83095 0.759337 0.00128631 0.763701 0.00177766 
7.46467 13.0452 2.64434 8.30151 4.57509 8.39714 0.7563 0.00105045 0.759337 0.00128631 
2.11584 10.904 7.46467 13.0452 2.64434 8.30151 0.751899 0.00116017 0.7563 0.00105045 
2.30288 9.16295 2.11584 10.904 7.46467 13.0452 0.74796 0.0016657 0.751899 0.00116017 
3.63381 14.0416 2.30288 9.16295 2.11584 10.904 0.74663 0.00187149 0.74796 0.0016657 
1.5235 11.9182 3.63381 14.0416 2.30288 9.16295 0.75162 0.00217861 0.74663 0.00187149 
1.64828 14.3741 1.5235 11.9182 3.63381 14.0416 0.75438 0.00212435 0.75162 0.00217861 
-1.18017 14.0153 1.64828 14.3741 1.5235 11.9182 0.758067 0.00226224 0.75438 0.00212435 
0.114794 12.1182 -1.18017 14.0153 1.64828 14.3741 0.758823 0.00289916 0.758067 0.00226224 
2.29074 11.8818 0.114794 12.1182 -1.18017 14.0153 0.756549 0.00318679 0.758823 0.00289916 
1.71691 9.90959 2.29074 11.8818 0.114794 12.1182 0.752156 0.0026084 0.756549 0.00318679 
6.60505 7.95033 1.71691 9.90959 2.29074 11.8818 0.744894 0.00208691 0.752156 0.0026084 
3.67028 9.10082 6.60505 7.95033 1.71691 9.90959 0.741456 0.00233259 0.744894 0.00208691 
1.52951 10.5493 3.67028 9.10082 6.60505 7.95033 0.743243 0.0016808 0.741456 0.00233259 
-0.44575 4.84831 1.52951 10.5493 3.67028 9.10082 0.744363 0.00187936 0.743243 0.0016808 
-1.07186 7.24284 -0.44575 4.84831 1.52951 10.5493 0.74756 0.00164588 0.744363 0.00187936 
0.609697 6.8787 -1.07186 7.24284 -0.44575 4.84831 0.74814 0.00184614 0.74756 0.00164588 
3.21509 7.59336 0.609697 6.8787 -1.07186 7.24284 0.748716 0.000716643 0.74814 0.00184614 
1.9017 9.59884 3.21509 7.59336 0.609697 6.8787 0.746163 0.000506196 0.748716 0.000716643 
4.2166 10.0389 1.9017 9.59884 3.21509 7.59336 0.741825 0.000714669 0.746163 0.000506196 
5.76134 11.4972 4.2166 10.0389 1.9017 9.59884 0.736008 0.000853581 0.741825 0.000714669 
4.67622 13.2713 5.76134 11.4972 4.2166 10.0389 0.730721 0.00115586 0.736008 0.000853581 
3.5835 13.7027 4.67622 13.2713 5.76134 11.4972 0.729791 0.00133447 0.730721 0.00115586 
-1.37683 14.7415 3.5835 13.7027 4.67622 13.2713 0.729958 0.00166773 0.729791 0.00133447 
-0.189714 15.4264 -1.37683 14.7415 3.5835 13.7027 0.734025 0.00212748 0.729958 0.00166773 
1.98737 13.7761 -0.189714 15.4264 -1.37683 14.7415 0.74232 0.00273127 0.734025 0.00212748 
4.12193 16.672 1.98737 13.7761 -0.189714 15.4264 0.749541 0.0027185 0.74232 0.00273127 
4.65293 16.0416 4.12193 16.672 1.98737 13.7761 0.754325 0.00256115 0.749541 0.0027185 
1.99388 19.7201 4.65293 16.0416 4.12193 16.672 0.757771 0.00256955 0.754325 0.00256115 
1.41343 14.833 1.99388 19.7201 4.65293 16.0416 0.757898 0.00281251 0.757771 0.00256955 
6.34829 15.5256 1.41343 14.833 1.99388 19.7201 0.756024 0.00354687 0.757898 0.00281251 
3.78644 12.0767 6.34829 15.5256 1.41343 14.833 0.753539 0.00388005 0.756024 0.00354687 
5.0309 13.5452 3.78644 12.0767 6.34829 15.5256 0.750813 0.00363938 0.753539 0.00388005 
1.9383 12.9027 5.0309 13.5452 3.78644 12.0767 0.751007 0.00401402 0.750813 0.00363938 
6.29119 10.1073 1.9383 12.9027 5.0309 13.5452 0.753728 0.00274731 0.751007 0.00401402 
3.74598 7.73528 6.29119 10.1073 1.9383 12.9027 0.755234 0.00274629 0.753728 0.00274731 
4.91325 4.06299 3.74598 7.73528 6.29119 10.1073 0.756443 0.00258978 0.755234 0.00274629 
7.33593 4.83216 4.91325 4.06299 3.74598 7.73528 0.755967 0.00274383 0.756443 0.00258978 
5.08849 4.14328 7.33593 4.83216 4.91325 4.06299 0.756875 0.00339592 0.755967 0.00274383 
5.3354 4.61308 5.08849 4.14328 7.33593 4.83216 0.757961 0.00234765 0.756875 0.00339592 
6.02845 4.23334 5.3354 4.61308 5.08849 4.14328 0.758375 0.00133258 0.757961 0.00234765 
3.47931 3.1099 6.02845 4.23334 5.3354 4.61308 0.756373 0.00129764 0.758375 0.00133258 
3.49894 3.43411 3.47931 3.1099 6.02845 4.23334 0.755069 0.00114819 0.756373 0.00129764 
2.8326 4.43774 3.49894 3.43411 3.47931 3.1099 0.757317 0.00103841 0.755069 0.00114819 
2.83634 3.43609 2.8326 4.43774 3.49894 3.43411 0.766448 0.000699479 0.757317 0.00103841 
3.66009 6.38973 2.83634 3.43609 2.8326 4.43774 0.773395 0.000549679 0.766448 0.000699479 
-1.96811 9.89575 3.66009 6.38973 2.83634 3.43609 0.77726 0.00109559 0.773395 0.000549679 
1.6755 7.55487 -1.96811 9.89575 3.66009 6.38973 0.779142 0.00139297 0.77726 0.00109559 
-1.182 10.4676 1.6755 7.55487 -1.96811 9.89575 0.773349 0.00143627 0.779142 0.00139297 
-2.65744 9.16628 -1.182 10.4676 1.6755 7.55487 0.767096 0.00124148 0.773349 0.00143627 
-0.383821 8.37512 -2.65744 9.16628 -1.182 10.4676 0.76381 0.00106484 0.767096 0.00124148 
-0.246058 9.64138 -0.383821 8.37512 -2.65744 9.16628 0.759589 0.0013184 0.76381 0.00106484 
-2.52111 10.3688 -0.246058 9.64138 -0.383821 8.37512 0.755777 0.001862 0.759589 0.0013184 
-3.26303 10.4736 -2.52111 10.3688 -0.246058 9.64138 0.753928 0.00185421 0.755777 0.001862 
-2.82124 9.56999 -3.26303 10.4736 -2.52111 10.3688 0.752508 0.00155427 0.753928 0.00185421 
-6.32871 11.8852 -2.82124 9.56999 -3.26303 10.4736 0.748508 0.00162435 0.752508 0.00155427 
1.32708 6.51638 -6.32871 11.8852 -2.82124 9.56999 0.742128 0.00143924 0.748508 0.00162435 
1.29955 9.84132 1.32708 6.51638 -6.32871 11.8852 0.733302 0.0015938 0.742128 0.00143924 
-2.36821 9.63276 1.29955 9.84132 1.32708 6.51638 0.72263 0.00137268 0.733302 0.0015938 
-1.01079 9.30399 -2.36821 9.63276 1.29955 9.84132 0.715745 0.00173468 0.72263 0.00137268 
-1.60312 9.25974 -1.01079 9.30399 -2.36821 9.63276 0.701461 0.001623 0.715745 0.00173468 
1.39321 13.7559 -1.60312 9.25974 -1.01079 9.30399 0.695463 0.00174022 0.701461 0.001623 
2.45516 14.6195 1.39321 13.7559 -1.60312 9.25974 0.696193 0.00178857 0.695463 0.00174022 
3.51932 11.7604 2.45516 14.6195 1.39321 13.7559 0.700196 0.00210489 0.696193 0.00178857 
6.21977 17.1966 3.51932 11.7604 2.45516 14.6195 0.703438 0.00234491 0.700196 0.00210489 
1.35382 16.0304 6.21977 17.1966 3.51932 11.7604 0.706315 0.00235381 0.703438 0.00234491 
5.51136 14.3143 1.35382 16.0304 6.21977 17.1966 0.707745 0.0029721 0.706315 0.00235381 
7.75711 9.60932 5.51136 14.3143 1.35382 16.0304 0.7091 0.00317087 0.707745 0.0029721 
4.57833 13.3459 7.75711 9.60932 5.51136 14.3143 0.710714 0.00287818 0.7091 0.00317087 
8.17527 11.2519 4.57833 13.3459 7.75711 9.60932 0.715852 0.00298246 0.710714 0.00287818 
11.3578 9.45047 8.17527 11.2519 4.57833 13.3459 0.720118 0.00328996 0.715852 0.00298246 
12.9795 6.91868 11.3578 9.45047 8.17527 11.2519 0.728161 0.00246016 0.720118 0.00328996 
13.953 6.5736 12.9795 6.91868 11.3578 9.45047 0.737287 0.00221736 0.728161 0.00246016 
14.8867 7.83313 13.953 6.5736 12.9795 6.91868 0.751616 0.00160426 0.737287 0.00221736 
11.2083 6.3656 14.8867 7.83313 13.953 6.5736 0.765858 0.0017375 0.751616 0.00160426 
7.31169 7.33024 11.2083 6.3656 14.8867 7.83313 0.777749 0.00126771 0.765858 0.0017375 
8.34792 8.71608 7.31169 7.33024 11.2083 6.3656 0.785965 0.00124847 0.777749 0.00126771 
10.0661 7.71727 8.34792 8.71608 7.31169 7.33024 0.793573 0.000959751 0.785965 0.00124847 
6.49385 10.6878 10.0661 7.71727 8.34792 8.71608 0.796878 0.00107919 0.793573 0.000959751 
6.51426 8.98997 6.49385 10.6878 10.0661 7.71727 0.800637 0.00150094 0.796878 0.00107919 
3.70194 11.1916 6.51426 8.98997 6.49385 10.6878 0.799941 0.00163448 0.800637 0.00150094 
3.33852 10.5816 3.70194 11.1916 6.51426 8.98997 0.797534 0.00175692 0.799941 0.00163448 
4.76534 12.3607 3.33852 10.5816 3.70194 11.1916 0.798572 0.00126379 0.797534 0.00175692 
4.39273 12.0334 4.76534 12.3607 3.33852 10.5816 0.803168 0.00222108 0.798572 0.00126379 
0.0487154 14.2312 4.39273 12.0334 4.76534 12.3607 0.808797 0.00153204 0.803168 0.00222108 
0.803671 14.3414 0.0487154 14.2312 4.39273 12.0334 0.808851 0.00209485 0.808797 0.00153204 
-3.18512 15.0117 0.803671 14.3414 0.0487154 14.2312 0.806063 0.00200613 0.808851 0.00209485 
-1.10675 16.549 -3.18512 15.0117 0.803671 14.3414 0.79945 0.00144426 0.806063 0.00200613 
-3.17079 16.0407 -1.10675 16.549 -3.18512 15.0117 0.787853 0.00256669 0.79945 0.00144426 
-6.21155 12.044 -3.17079 16.0407 -1.10675 16.549 0.782574 0.00239326 0.787853 0.00256669 
-3.81865 14.5787 -6.21155 12.044 -3.17079 16.0407 0.773227 0.00261873 0.782574 0.00239326 
-6.96926 10.3938 -3.81865 14.5787 -6.21155 12.044 0.7622 0.00202369 0.773227 0.00261873 
-3.12255 9.83712 -6.96926 10.3938 -3.81865 14.5787 0.753033 0.00207018 0.7622 0.00202369 
-3.85586 10.4186 -3.12255 9.83712 -6.96926 10.3938 0.744019 0.00229364 0.753033 0.00207018 
7.93748 7.7216 -3.85586 10.4186 -3.12255 9.83712 0.737146 0.00256321 0.744019 0.00229364 
-2.46709 9.62006 7.93748 7.7216 -3.85586 10.4186 0.726751 0.0033774 0.737146 0.00256321 
-1.55578 9.14543 -2.46709 9.62006 7.93748 7.7216 0.715063 0.00319367 0.726751 0.0033774 
-3.79373 10.0601 -1.55578 9.14543 -2.46709 9.62006 0.704369 0.00251578 0.715063 0.00319367 
-0.0763627 9.81267 -3.79373 10.0601 -1.55578 9.14543 0.697003 0.00185029 0.704369 0.00251578 
-1.56446 8.61746 -0.0763627 9.81267 -3.79373 10.0601 0.68847 0.00138371 0.697003 0.00185029 
-2.16484 10.0824 -1.56446 8.61746 -0.0763627 9.81267 0.682843 0.00177817 0.68847 0.00138371 
-1.23762 8.52479 -2.16484 10.0824 -1.56446 8.61746 0.684761 0.00217096 0.682843 0.00177817 
10.2577 9.84279 -1.23762 8.52479 -2.16484 10.0824 0.690685 0.0022599 0.684761 0.00217096 
1.63353 10.4374 10.2577 9.84279 -1.23762 8.52479 0.696602 0.00242026 0.690685 0.0022599 
3.1987 10.8226 1.63353 10.4374 10.2577 9.84279 0.705287 0.00220453 0.696602 0.00242026 
-0.0173737 8.93412 3.1987 10.8226 1.63353 10.4374 0.703471 0.00192413 0.705287 0.00220453 
6.18676 8.95075 -0.0173737 8.93412 3.1987 10.8226 0.698963 0.00155357 0.703471 0.00192413 
8.59147 9.75119 6.18676 8.95075 -0.0173737 8.93412 0.69534 0.00182991 0.698963 0.00155357 
9.53161 9.62112 8.59147 9.75119 6.18676 8.95075 0.69583 0.00133782 0.69534 0.00182991 
13.4805 9.99233 9.53161 9.62112 8.59147 9.75119 0.699937 0.001758 0.69583 0.00133782 
10.8828 10.3164 13.4805 9.99233 9.53161 9.62112 0.709378 0.00156971 0.699937 0.001758 
12.0307 9.25693 10.8828 10.3164 13.4805 9.99233 0.719688 0.0015848 0.709378 0.00156971 
22.9719 8.74266 12.0307 9.25693 10.8828 10.3164 0.72663 0.00152032 0.719688 0.0015848 
21.3822 11.0048 22.9719 8.74266 12.0307 9.25693 0.736527 0.00162201 0.72663 0.00152032 
13.473 8.76522 21.3822 11.0048 22.9719 8.74266 0.746914 0.00164583 0.736527 0.00162201 
19.3284 12.7137 13.473 8.76522 21.3822 11.0048 0.753812 0.00197621 0.746914 0.00164583 
17.8865 12.7013 19.3284 12.7137 13.473 8.76522 0.762248 0.0022081 0.753812 0.00197621 
14.7575 11.2004 17.8865 12.7013 19.3284 12.7137 0.767079 0.00213209 0.762248 0.0022081 
9.73277 15.1794 14.7575 11.2004 17.8865 12.7013 0.775851 0.00225888 0.767079 0.00213209 
20.5131 15.4003 9.73277 15.1794 14.7575 11.2004 0.783026 0.00220727 0.775851 0.00225888 
17.8585 16.2374 20.5131 15.4003 9.73277 15.1794 0.796261 0.00218383 0.783026 0.00220727 
15.0384 16.663 17.8585 16.2374 20.5131 15.4003 0.804768 0.00288701 0.796261 0.00218383 
15.526 16.1585 15.0384 16.663 17.8585 16.2374 0.812218 0.00265155 0.804768 0.00288701 
10.4066 16.7668 15.526 16.1585 15.0384 16.663 0.816215 0.00286495 0.812218 0.00265155 
15.0342 15.0729 10.4066 16.7668 15.526 16.1585 0.816179 0.00224309 0.816215 0.00286495 
17.1315 15.8864 15.0342 15.0729 10.4066 16.7668 0.816889 0.00291402 0.816179 0.00224309 
18.359 15.5309 17.1315 15.8864 15.0342 15.0729 0.814463 0.00297072 0.816889 0.00291402 
13.487 15.5291 18.359 15.5309 17.1315 15.8864 0.812846 0.00319504 0.814463 0.00297072 
16.2341 22.7925 13.487 15.5291 18.359 15.5309 0.809643 0.00317634 0.812846 0.00319504 
14.3935 22.6216 16.2341 22.7925 13.487 15.5291 0.810574 0.00341659 0.809643 0.00317634 
14.0496 22.348 14.3935 22.6216 16.2341 22.7925 0.814054 0.00281553 0.810574 0.00341659 
14.5554 25.1192 14.0496 22.348 14.3935 22.6216 0.819214 0.00322822 0.814054 0.00281553 
