

*******************************************************************************
Mon May 28 11:41:42 2018


FIT:    data read from "output_arm_pitch_train.log" u 1:3
        format = x:z
        #datapoints = 4879
        residuals are weighted equally (unit weight)

function used for fitting: f(x)
	f(x) = a * x + b
fitted parameters initialized with current variable values

iter      chisq       delta/lim  lambda   a             b            
   0 4.4643393754e+05   0.00e+00  8.78e-01    1.000000e+00   1.000000e+00
   2 4.4009010674e+05  -9.82e-02  8.78e-03    2.854598e+00  -1.497736e+00

After 2 iterations the fit converged.
final sum of squares of residuals : 440090
rel. change during last iteration : -9.82458e-07

degrees of freedom    (FIT_NDF)                        : 4877
rms of residuals      (FIT_STDFIT) = sqrt(WSSR/ndf)    : 9.49936
variance of residuals (reduced chisquare) = WSSR/ndf   : 90.2379

Final set of parameters            Asymptotic Standard Error
=======================            ==========================
a               = 2.8546           +/- 2.352        (82.4%)
b               = -1.49774         +/- 1.733        (115.7%)

correlation matrix of the fit parameters:
                a      b      
a               1.000 
b              -0.997  1.000 


*******************************************************************************
Mon May 28 12:00:49 2018


FIT:    data read from "output_test.log" u 1:4
        format = x:z
        #datapoints = 1218
        residuals are weighted equally (unit weight)

function used for fitting: f(x)
	f(x) = a * x + b
fitted parameters initialized with current variable values

iter      chisq       delta/lim  lambda   a             b            
   0 1.6012006943e+05   0.00e+00  8.66e-01    1.000000e+00   1.000000e+00
   3 1.5219008564e+05  -6.88e-04  8.66e-04    2.302724e+01  -1.223200e+01

After 3 iterations the fit converged.
final sum of squares of residuals : 152190
rel. change during last iteration : -6.88372e-09

degrees of freedom    (FIT_NDF)                        : 1216
rms of residuals      (FIT_STDFIT) = sqrt(WSSR/ndf)    : 11.1873
variance of residuals (reduced chisquare) = WSSR/ndf   : 125.156

Final set of parameters            Asymptotic Standard Error
=======================            ==========================
a               = 23.0272          +/- 6.134        (26.64%)
b               = -12.232          +/- 4.331        (35.41%)

correlation matrix of the fit parameters:
                a      b      
a               1.000 
b              -0.997  1.000 


*******************************************************************************
Mon May 28 12:00:53 2018


FIT:    data read from "output_test.log" u 2:4
        format = x:z
        #datapoints = 1218
        residuals are weighted equally (unit weight)

function used for fitting: f(x)
	f(x) = a * x + b
fitted parameters initialized with current variable values

iter      chisq       delta/lim  lambda   a             b            
   0 4.7543416398e+05   0.00e+00  8.65e+00    2.302724e+01  -1.223200e+01
   4 1.5237873055e+05  -1.48e-03  8.65e-04    6.893084e+02   5.045884e+00

After 4 iterations the fit converged.
final sum of squares of residuals : 152379
rel. change during last iteration : -1.47666e-08

degrees of freedom    (FIT_NDF)                        : 1216
rms of residuals      (FIT_STDFIT) = sqrt(WSSR/ndf)    : 11.1943
variance of residuals (reduced chisquare) = WSSR/ndf   : 125.311

Final set of parameters            Asymptotic Standard Error
=======================            ==========================
a               = 689.308          +/- 194.4        (28.21%)
b               = 5.04588          +/- 0.4394       (8.708%)

correlation matrix of the fit parameters:
                a      b      
a               1.000 
b               0.683  1.000 
