10.7771061003 5.65724525229
6.94348579194 9.26023468582
10.1413546353 10.4604894907
11.1770809236 13.6810676296
13.5182613864 14.8008617181
14.3248218897 12.2469678971
12.2791782929 13.9139173898
13.5111464432 11.2634292718
11.332859344 15.2792882072
14.8299627317 13.3018238877
12.5889557941 12.0018445999
11.4184430556 9.56686904106
9.0709463504 11.8297394194
10.8561471016 10.2234165538
9.37945828079 9.56557907586
8.74668809498 10.494210051
9.19178900088 2.00229815007
2.13155486577 4.56302986033
4.82236222625 2.83711146605
2.96459593899 1.39755974902
1.34423136634 1.39755974902
1.06215570716 -0.999446687231
-0.613515510162 -3.78282183835
-2.21592467033 -3.10401927391
-2.25830907516 -7.99630223628
-6.3551353735 -4.42778725875
-2.87596538789 -4.70460399749
-3.20548441437 -5.16772750762
-3.53120973664 2.06311664804
2.68983514735 -2.5096994771
-0.818137024411 12.4987264399
12.3001500441 2.98636397727
4.21609356945 5.03592375232
6.56168795313 8.47485457877
9.09786642719 9.25751107954
10.2636837005 11.7578472378
12.3557781207 11.3523260593
11.7882216446 10.6819698483
11.5454674036 14.2488127599
14.163470686 10.3646550374
10.9046616758 12.0430598919
12.533727233 13.1964374664
13.4995983747 12.2997281052
12.9490695352 12.2688806999
12.6990298688 12.5614343997
13.0522781718 14.8021453116
14.419671631 10.8427584389
11.0815759508 15.0614052608
14.8192812775 11.5380101254
11.5115287387 11.7271896295
11.7577278652 8.9359189733
8.77774223927 11.9938958646
11.4271916145 7.56560567937
7.38153669633 12.4650984753
11.7942996722 11.3400372366
10.3168215272 7.52200308692
7.56057496145 9.92911274934
8.91714090143 8.37912227866
8.14187389329 10.3609456473
9.4351442844 5.42014911857
5.17488273499 7.26545722503
7.07760990439 7.18495229799
7.07150592885 5.48177227216
6.05803427067 9.53316805225
8.84203655639 7.0110947769
5.68873620054 7.06076224638
7.26317486454 5.39274037135
5.1307111357 4.97444978433
5.25191610795 7.51182346756
7.24087064729 9.77402208109
9.46057182557 7.18014778547
7.23388379674 8.43196665278
8.08052397752 10.2787739464
10.2617184222 13.9617828168
13.0840671023 12.8335737889
12.3144921244 16.1811555475
14.8920273218 16.4988410543
15.492886874 17.7107665741
16.8784915811 17.0371046787
16.093909262 17.9500705127
17.3784388856 15.6951627557
15.4513048842 17.3784503759
18.0677235241 15.9758389656
15.9342523751 15.1907588175
15.378440069 16.3708817496
16.2708424607 14.6384880607
16.2521185485 10.638564919
11.2390664066 13.6995800211
14.1261129372 12.7473886793
13.4938963522 10.2713412166
11.128724347 10.817646129
11.651557927 11.9250343018
12.5168376576 10.2476360525
10.3162142227 4.90215370206
5.74110684007 0.43349684593
1.73504806273 -4.26118293478
-1.96979586319 -2.08787391053
-0.435157498522 -5.53366113124
-3.66267497137 -6.1785856582
-4.40234101941 -8.04486109205
-5.69502028053 -5.49265036686
-3.99653226202 3.04869317437
2.64379897779 0.866612931446
1.23445482599 0.866612931446
1.1097092897 1.70695929219
1.23512894286 0.00895821744192
-0.0569301691372 5.80116291771
5.32605178907 5.82197120891
5.08924417944 9.89053200923
8.56777595786 9.95124478534
8.62689539488 10.2257994256
9.08615678402 10.0011882418
8.74271691799 11.3970990179
10.3377662641 13.6483623909
12.658380557 12.9411823456
11.9941056648 11.8801547511
11.6157608519 13.6204414984
12.9724901564 14.2842438631
14.0029463617 10.5178299933
10.7921670111 9.01186230892
9.8240709072 8.60264293226
10.1265475774 11.3767398479
12.7521585339 13.2437956439
14.356778829 17.3045673044
17.7517753242 13.9473894
15.3323086431 17.0363733341
17.6545277422 13.6271313992
14.6943306426 18.2937120811
18.3280556053 19.1492490935
19.1893542419 18.9616339334
18.3634950952 12.5092047105
13.1648275783 7.51113966585
9.4138095367 15.0843396761
15.4961591445 15.1909649033
15.0612307299 15.4926887063
14.7390337686 16.8212940643
15.930919899 14.2766142163
13.8146070656 14.723083487
13.7848910557 14.8569943188
13.9635754327 12.9943154936
11.5673619861 13.9854406236
12.3066685289 4.48520315525
4.57505285444 -1.38187182277
-0.623800217345 -2.35516225019
-1.23033338396 -1.91600437235
-1.23026379685 -8.35636006146
-6.67275806289 -6.13340475323
-4.73951939803 -5.59528761943
-4.36809455361 -9.7818947189
-7.77001239491 -8.52999971481
-6.09543899972 -3.72856601586
-2.78538396002 -7.49496968423
-5.60584997593 5.01576779185
5.00193840263 11.7666152816
10.728046797 7.13317553862
7.19795892329 -0.317149562998
1.5354975493 2.88309269432
4.33460407191 6.51948568106
7.27481765253 5.94877907624
6.69490262183 2.91688144104
4.23195428534 4.83756831306
6.21602154138 7.21459840348
8.06107840284 7.50420750612
8.46225412274 7.82256432367
8.60967272895 11.7169675008
12.6416412733 13.6508389393
13.2341967728 12.297470634
12.4455307806 16.2792504565
15.8257380697 14.3217026311
13.8953886932 19.1904889106
18.0330846603 21.5293090297
19.9870418747 23.3369009317
21.1575135138 21.0985639212
19.351127525 19.5217858782
18.1486869684 18.5302692055
17.1395983082 15.8998539813
14.8787537589 15.8998539813
14.7198765841 14.0089723943
13.3123453389 14.2757723332
14.0094229011 15.6585635646
15.0030411105 14.2043314874
13.5284080923 12.774578605
12.4572392868 12.5188115024
12.3515505959 8.5188114329
9.07457082078 7.37363803042
7.93509340627 7.06798591814
7.66461559003 8.53122339996
8.95862423455 8.0933410134
8.3870699871 6.07065111264
6.86367731278 10.5348460723
10.8394191464 14.4926797631
13.8063084306 12.7432067125
12.1664361345 9.66241446548
9.62784986654 12.8960812976
12.3443990876 14.5741984168
13.5366546246 14.5741984168
13.5295801449 12.2185517134
11.5427021502 12.2185517134
11.5900423793 12.2185517134
11.5759415558 12.2185517134
11.5579264045 12.2185517134
11.4916599074 5.68769396376
6.07259809547 8.221200848
8.10919642314 6.35149678027
6.49303392492 9.31545899352
9.04533071204 4.80134830372
5.33176665878 6.52143593454
6.69517573402 3.5127956286
4.60656509586 10.34405154
10.1406622714 10.34405154
10.0419838567 10.34405154
9.99365161354 10.34405154
10.1224274857 10.34405154
10.2279611841 10.34405154
10.2971824985 10.34405154
10.3257617718 13.8099973346
13.9241369112 14.9928735713
14.3695212792 15.3080745463
14.9077581467 14.169223486
13.7495252193 13.2935498873
12.9909852514 12.2016538384
12.2804388256 14.8782363136
16.2241183257 13.1986579512
12.9912039562 11.2122921526
11.5993155339 12.7103683334
12.2602736355 10.4445444259
10.6997864002 9.5477520371
10.1614001352 10.5650296156
10.7010338072 9.75213607961
9.94975192576 6.39248547508
8.3394947577 6.46225409037
7.21649089632 7.74111738771
8.13196975927 4.54090649034
5.31355623455 7.58380259531
8.3037318436 10.413994327
9.81936787448 9.77832199832
9.03895189256 9.23409259066
8.94640059002 8.88418505172
8.46839319371 4.3157016293
4.5717476095 4.08356529816
4.25730647428 8.12318037395
7.41192344338 5.17122774541
4.47556524422 7.28430521665
6.85926879358 6.83627143897
6.44538003743 6.80611866189
6.60628173696 10.3373609553
9.40106742005 13.3122504335
11.9559107235 13.2206841817
11.8923588549 10.4286712447
9.66105298126 14.5425150762
13.288605427 10.4717402478
9.87388662634 8.70242566721
8.83925594659 12.230632384
11.3669709746 10.2437707635
10.2020839969 12.7725520562
12.350858118 7.63998530029
8.39605915621 8.87678645276
9.34487590727 10.2324090308
10.6642363481 9.12525998718
9.87926869177 10.5708810853
10.9262715622 12.4207653134
12.8926672048 15.3677328789
15.1055226788 13.505102923
13.9149576364 13.505102923
13.732700375 13.505102923
13.7286675489 13.505102923
13.8838028185 16.997030575
16.2820435519 18.0556230452
17.3847065664 15.089610727
15.0824772856 12.9062214724
13.1431865691 13.6982333302
13.8034492888 13.6516760668
13.3442726619 13.7524464002
13.2733872128 13.0258744739
12.5794603918 10.0764209466
9.76620503138 10.5898063529
10.198740925 8.88862337202
8.68545178004 4.68514620874
4.81686789816 2.89991049815
3.0575734906 -0.0815117992393
0.459423013907 -2.54827024233
-1.58353044173 -6.34821877254
-4.55270588241 -5.79411118707
-4.30165887012 -6.84077717664
-5.32138556479 -3.78007074108
-2.76413779139 -2.5869932101
-1.62016537788 -4.59103123841
-3.43005273477 2.20943789744
2.51596956967 4.52463971427
4.45409345452 3.07822241246
3.1655195324 0.738501235032
1.58366899772 0.476763715721
1.62358958561 2.73725012432
3.35647116862 6.87415997656
7.04460889776 5.11992861965
5.39828505326 8.87057625755
8.86275248858 13.1314846793
12.6855160518 15.7438165488
15.1182209129 17.1442738478
16.5235911216 18.0534755051
17.0977454736 18.496103234
17.6717024226 19.402239733
18.4874723523 18.5931570918
17.8440990837 15.2438254981
15.7500438462 14.7548293913
15.1650822739 19.2687273445
19.2093489284 20.9747251926
20.6982316612 20.1713493404
20.1424716327 21.7465401829
21.9643154529 22.3668495436
21.9670341264 24.3748059649
23.3233146736 24.5109110621
23.9004782223 26.5332522575
25.1760258205 22.4623949793
21.8946315944 23.0623813113
22.1702495847 23.3252135042
22.2371589171 25.6693896049
24.4068285728 22.4526907644
21.0372457631 15.5209638915
15.11964162 16.4823371876
16.244843927 6.63500033528
7.03492748029 14.3462830053
14.3517683579 17.9266758986
17.0842529843 13.9449944908
13.1850711304 15.8519695895
14.674877758 13.035737567
12.3186853482 17.045803957
15.0631284141 9.55776108716
8.8574302136 10.1461300125
9.15747059876 1.43786668702
1.72262782764 1.69024587456
2.00828137165 -0.0934820397311
0.791829902465 -1.86876175982
-0.750148738506 -4.90232227159
-3.53977027486 -3.6484421461
-2.65468214639 -5.48748082237
-4.06353793258 -7.023016435
-5.39489569811 -1.34139395978
-0.358499565426 -9.31552163342
-6.91422290689 -3.08544851909
-1.3521254898 -1.82067261436
-0.429251640306 -2.18305317034
-1.11389821318 3.04822079173
4.18017538778 5.10947941996
5.68747347052 1.74694155217
3.26320422598 6.04485604036
7.3624649557 6.86385466216
8.03735649257 8.09280711124
9.05846896782 6.79298712346
8.21759123213 10.7656213029
11.5963054309 8.56355082179
9.32985866719 9.97027549785
10.7349625796 11.2326757287
11.5713395427 10.5318981123
11.439503974 9.64041835528
10.4697298369 13.3573989751
13.110700955 6.63694961069
7.41043695836 13.3730191723
13.0660410967 16.5445759911
15.5795362505 14.1741456937
13.5654973148 16.5646013694
15.5739189269 16.2969924301
15.0198339279 15.1945926645
14.0755151184 14.1567994474
12.6848467576 5.9689219181
6.09683107486 12.1271183507
11.0819507305 13.0735987693
11.3271438446 7.9119943004
7.04659295583 3.67414506876
4.24264890911 7.77217633553
6.84471079695 8.95584548329
8.0079565911 6.10702032217
5.47258972502 5.83656720305
5.10122862706 7.18283005814
6.22317828109 8.32851693341
7.07210465322 8.32351916951
7.41910774718 10.3768806956
9.28274295943 7.93608677983
7.32795073685 5.97602018556
6.03540766336 9.03271024868
8.61648461057 9.43549060797
9.27701021797 6.10570043586
6.98470307411 11.4890036084
11.2897951399 6.33206826057
7.1363165595 6.85116015758
7.83173214007 8.3616610327
9.6284164598 10.6655327064
12.4350921523 12.4224932931
13.048350999 11.4072659417
12.4999452116 15.3682189681
15.5616536538 14.3482224517
14.9121368306 15.5910358976
16.1258455825 15.8958411019
16.3711363007 17.2117312585
17.0246010319 13.2589247046
14.0387424906 13.7338212067
