3.12184414778 4.64849915877
3.3129088036 7.21675364881
5.11653076844 7.80386865001
5.55684449919 2.51282827792
2.31924494673 0.133186819061
0.815318364761 0.816486135053
1.07964589364 -1.4322405353
-0.268181922404 -0.950873365929
-0.0964091180578 0.927977619335
1.28442044561 -5.46950226943
-2.73574027969 -5.2580550169
-2.55803164115 -6.64649738705
-3.32614090627 -7.75061471384
-3.88974080492 -8.11352577352
-4.08238502225 -8.7754947021
-4.49873169497 -12.5913721396
-6.81605946027 -11.3339429208
-6.37636563687 -3.01375754714
-0.916190094139 -6.63552959731
-3.13128252891 -9.32811778462
-4.66811539747 -9.32811778462
-4.35747905599 -3.24668873739
-0.491307326023 6.61609193892
5.61955510827 -1.2510244213
0.705354692937 -1.28446893468
0.451636050972 4.90556829014
4.50092697936 3.08761050111
3.29834202462 3.53584364503
3.5298668329 5.06926469023
4.78405568245 8.22706439631
6.47005979715 12.4978871522
9.62240318994 9.4721619011
7.14372628277 15.0560231934
10.5341246009 9.26652214769
6.93713301631 12.599071776
8.78625052284 11.4590753617
8.08955281053 7.34082289392
5.37870822643 10.6468224947
7.3557828013 5.3893954327
4.17320795507 4.33113228097
3.23882936258 6.13472887908
4.35789408107 4.86238975569
3.50125051699 6.5139563441
4.41524148877 3.58535940057
2.56478921678 5.63919034922
3.92316248548 0.928488561968
1.22109571158 1.0260209245
1.12590371927 4.24170062222
3.39315493838 -0.288567848459
0.382138584977 1.42455801155
1.51458810274 -6.25059876447
-3.3944784785 -3.72584688128
-1.54785929724 -6.17672512839
-3.1377261282 -1.1959001514
0.306663802874 -6.73064296341
-3.11187944817 -0.389482905763
0.74801749029 -7.7576208457
-3.67815842154 -0.670173290223
0.733004498251 -5.36221388731
-2.12276392963 -7.34621553776
-3.63911058705 -2.6731986774
-0.610235033674 -1.32045427351
0.282221102709 4.9459894917
4.22180307411 -1.7102097996
0.327665378198 -13.6330907483
-7.1610917386 5.95969882631
5.14501248603 -3.30990421408
-0.745123375268 2.27830582871
2.705476533 0.1093626657
1.42325625423 3.97903497806
3.93314168897 3.13116494118
3.26380223022 0.74987732519
1.84328749235 9.05337567051
7.16015459231 5.92803809276
5.38838882375 7.6936860154
6.40118407871 4.60448081921
4.59936201517 7.9580848407
6.63766806835 11.436463955
8.76628239873 7.00412475973
5.80716921023 11.172129518
8.24805478832 9.78335653258
7.18745797899 23.8892313675
16.0074767492 10.2737379456
7.26778492342 10.749889402
7.45387776347 9.04207085812
6.39070877733 26.7915526126
17.4045631335 4.39468034878
3.04675630485 7.89242743156
5.3285910682 8.74016979475
5.70386849234 4.30029339659
2.7346089346 4.79501066291
3.03906141871 4.50350516418
2.94729141648 -4.80338381101
-2.90425343612 -4.50924941302
-2.84081242588 -5.82031310748
-3.69842006211 -2.82768123542
-2.03458014305 -6.3652821213
-4.14738828852 -9.71222845175
-6.32497802571 -10.9319517259
-7.00747439161 -6.08287794895
-3.92943461967 -10.2429860837
-6.29654380256 -14.827032562
-8.60231435037 -5.27522834443
-2.33713386476 -5.27522834443
-2.19900586231 -11.8659129139
-6.23012035874 -9.01360151966
-4.41567242288 -1.59270303105
0.571309523962 -3.84150365231
-0.753574832788 -2.66457716394
0.19990168748 -1.54413987014
0.994341722554 1.47372501321
2.91122208495 0.138997273458
2.11872232579 5.10344541187
5.25967289654 8.18111581727
7.07850075587 6.6010406499
5.99303513084 11.5756244854
8.93035356092 8.90412448857
7.21137937922 13.9018518665
10.286263839 11.4941628043
8.44850691605 13.3178722285
9.35419990242 18.094383424
12.0315687608 18.6772964477
12.2414940377 17.9501906186
11.7617639194 15.6975107117
10.3477937563 20.2185617261
12.9849984729 16.3168167735
10.6328656268 14.3189048494
9.15821735979 10.7774527755
7.14777051773 12.4756452275
8.23820396952 3.38882357539
2.47268253197 5.10401658929
3.16423787714 9.85539899471
5.83907514765 6.11850132035
3.80877407786 -0.558957932668
-0.381439941965 -6.84478696101
-4.22600921489 -4.77290453761
-2.77232211928 -3.81145904649
-2.22326109625 -7.46889083127
-4.37233312616 -4.6829199576
-2.45160711503 -13.596572245
-7.98678930372 -13.954536533
-8.09828989292 -7.70553982364
-4.33073387891 -9.12414587594
-5.30909130065 -4.3275541156
-2.16055734193 -7.24433981655
-3.81949787692 -6.32803469963
-3.4146912247 -4.65188605593
-2.19128404229 -5.53507981429
-2.70895019458 -4.34437559894
-2.16998191694 3.68630212078
2.9352881753 -5.04311980093
-2.28922968802 -0.526470867879
0.392781160642 2.04633778168
2.6771869674 3.27963763402
3.79693678143 6.1518065302
5.24445923075 9.56366923748
6.69159980383 10.2083429559
7.16919703598 7.60523951061
5.59530340501 5.02287686754
3.83542283457 4.31923709329
3.10600508602 7.5864468876
5.1155226897 4.74323140316
3.35621595472 4.94234123907
3.33603777313 2.87911139124
2.00801593287 10.7212143301
6.94255806431 -2.81528563287
-1.50395861701 1.16024011076
0.890927465728 2.36548185038
1.8879144538 0.168582401113
0.544755826651 0.869270167956
1.2055197127 1.73280942505
1.9349786283 -1.62573964369
-0.00257697108158 0.182891706638
1.10706397392 2.5049070148
2.55994943632 1.47484130122
1.97354507524 1.99586427013
2.28380487452 1.99586427013
2.45788939951 4.21865501651
3.761701985 9.51369174622
7.0333255865 7.12137514692
5.56985000811 2.84240837712
2.72717888928 3.36915962852
2.89603555176 4.25132077351
3.3939048968 4.5427651987
3.33297317803 1.94286892568
1.62049218934 2.17569927978
1.78816921406 3.0212006173
2.38530846506 0.150677146874
0.540019051214 2.11850439728
1.66233331936 5.02633350675
3.68808752158 0.849125498763
1.27400162109 -0.741338044666
0.248492008312 0.257436528231
0.771401711885 1.10828868848
1.52238210316 -0.59399766189
0.620907438835 -0.59399766189
0.629041562922 -1.29836335803
0.0307180845633 -1.29836335803
-0.0209613976151 -1.29836335803
-0.00469570401306 -1.29836335803
0.0157953250667 -1.29836335803
0.0896296362811 -0.326430235822
0.421603181331 0.0559632187387
0.909002694565 -0.647563686662
0.374729001719 0.110099209
0.978575503111 0.737486170586
1.14076900104 -0.625726402889
0.333194505993 4.80651510605
3.59692215576 2.83886391177
2.72023376806 2.83886391177
2.83032973534 2.83886391177
2.8846533232 2.83886391177
2.74348430576 2.83886391177
2.62762165366 2.83886391177
2.55182463243 2.83886391177
2.52119445267 11.6021030535
8.17765756862 4.70061983671
3.90573551034 8.22767964767
6.13853783207 5.67703382081
4.48957657662 5.05013139852
4.029266223 6.75001052173
4.96859604079 27.318718613
17.9117787043 2.35307425507
2.01482152451 5.26214384182
3.70156108785 -2.72857297598
-1.27934422367 1.07558005443
0.961622560993 3.74681945635
2.59522370155 -0.0132619123716
0.304684961483 -0.985474283029
-0.348260892454 13.8536811614
8.76774553157 -1.8311047328
-1.12905376975 -3.47407891775
-2.06948874882 -4.86172691991
-3.05728046824 1.92866140849
1.45017579494 -6.52514242771
-3.51098740327 -7.60445114592
-4.03594397602 -2.55806567968
-0.855538215282 -4.25213740842
-1.87695018116 -4.26931482146
-2.02498829374 -5.19019989748
-2.55957651647 -6.77826656312
-3.24974099164 -11.4091748188
-6.18278035378 -2.53504938094
-0.419288653324 -1.37742127058
0.430699297073 1.31191236824
2.14557491262 0.281629190168
1.75615253282 0.851023497581
2.23430095011 0.336657086081
1.84883810961 0.636963123912
1.81498462542 2.1652016877
2.90050274853 1.42060593777
2.18504020607 6.65248692994
5.34860220303 0.810056574389
1.81432503243 6.7051094973
5.3833839759 6.47086541644
5.30278453493 9.32053372049
6.71951597609 7.68604230346
5.7075123028 9.14615081504
6.6124974652 10.2136433253
7.16758461098 7.63845547184
5.57841626222 11.9487038138
8.28603980465 7.32888045812
5.40735612108 9.94481307449
6.78513321184 9.94481307449
6.98922432783 9.94481307449
6.99715302507 9.94481307449
6.8289105561 1.01502822279
1.19887433562 2.4446846482
2.03433904657 4.31565483507
3.03373219477 2.41331765542
1.69732142465 3.14669942057
2.26661274501 -1.47388057391
-0.568139669284 -2.70052591225
-1.2629882303 -3.18887976861
-1.547409458 -7.19667302504
-4.16402184064 -6.29709101985
-3.49628744176 -5.44339464749
-2.86373180648 -8.21659632179
-4.65334980618 -10.1300839527
-5.80833414267 -8.8403926932
-4.91277162673 -7.09862533501
-3.80820655379 -3.06878451089
-1.34280422525 -4.717723818
-2.25910748001 -6.6513658464
-3.53226021665 -5.77156100223
-2.75389466733 -3.46960254214
-1.21454154018 -4.55008614383
-1.93632859616 -0.331206307831
1.12006406599 0.199206975557
1.60873055255 -0.693926353652
0.987809774262 3.87798199465
3.72702916773 6.72709178708
5.4643641802 4.54631996251
4.18970234543 6.79965511567
5.74711751269 4.05434851511
3.89892632119 7.52463439384
6.19773143516 9.51438982894
7.53958450885 11.1553766413
8.5657663052 12.3369761749
9.22081411518 8.35770529059
6.62948165808 8.91460798939
6.82593342137 7.20254474697
5.5859792504 5.62005122425
4.38302662007 12.5143895691
8.37078039035 9.58190718824
6.45065243687 12.5285726274
8.48080568439 13.1708679853
8.95790743812 14.6016332921
9.81748426484 20.5507390457
13.5916388602 13.0315887185
8.82454468913 7.92375178746
5.63420689968 13.360021725
9.01823970795 7.69134447853
5.53033230082 9.29763427918
6.3503439644 6.65804491646
4.74981569008 5.30871564004
3.97218325709 8.53207597606
6.16277579035 0.356426430901
0.921880616293 -0.617436895586
0.0298007444102 3.56669926704
2.71606345533 -9.48774553643
-6.00518320363 1.33522391406
1.14597807839 -1.15452470584
-0.164176474836 -6.9907955924
-3.89448353638 -6.46586214096
-3.3081083369 -4.27409512906
-1.87333292637 -10.7453830804
-5.62566485802 -9.21400475108
-4.95213330019 -9.98916157291
-5.26208269455 -10.4065045964
-5.80890969589 -8.20213046983
-4.3001762104 -2.63583289456
-0.711705588243 -1.66255532312
-0.0374421209401 -2.85348233698
-0.754744609658 -3.27245272441
-0.812058358773 0.493233846007
1.64724670516 0.391231394934
1.55194900112 3.85636414531
3.98727885193 3.90038998013
3.50733766724 7.35559321023
5.88787423763 4.16297687554
3.81545166279 -0.816684471928
0.660169788183 9.48678319248
7.25732963601 5.63999305275
4.84638385882 10.1115301056
7.45027749125 14.8513913921
10.4875244882 12.6951794348
8.99835581429 9.68586077493
6.9156992148 11.3527031369
7.77248153706 10.5845690648
7.35418054971 3.71023243308
2.80658941004 6.17921150148
4.38796094654 2.93073660411
2.37188391794 8.36264517491
5.71826926993 5.39593280342
3.80420644333 -0.10035328909
0.574429031588 -0.786979433521
-0.15078942698 -0.464833993965
0.383247940806 -2.90430765232
-1.05158291702 -3.74665104504
-1.73162851447 -3.45099396508
-1.41382507372 -5.61340413163
-2.60472133973 -4.68583499818
-1.96718608984 -9.50722705767
-4.88126337773 -4.53369753505
-2.00802721092 -5.63579565638
-2.31287425306 -11.3935700229
-5.77426892998 -9.46820342443
-4.68529253566 2.23453848416
2.65684360798 -7.26640666413
-3.01980165159 -3.93300787747
-0.770257844242 -3.8994732599
-0.713567694704 -4.89639547631
-1.27754110774 -3.68666142722
-0.342588387207 -4.16229901118
-0.504886739975 0.538309756072
2.46719030424 1.50904531514
3.09940110389 1.65604862717
2.9915007264 4.98058514269
4.89007387733 5.01034804984
5.03287413157 7.82748855383
6.70989904058 13.6678809393
10.1787331108 10.3350316476
8.27614233813 10.5877472149
8.03191748762 12.2240225006
8.93820467534 16.8812010076
11.749990834 25.0110031245
16.6980394183 11.7177697995
8.23133915464 14.1688424986
9.60207626264 10.0116976566
7.10154552159 11.2883412984
7.74127883845 13.5222764789
9.20567943421 12.8524684679
8.75335304711 5.63057778799
4.15200701718 9.06074008756
6.0594384535 4.54510753742
