-12.2834029826 nan
-14.5135383228 nan
-11.6052758094 nan
-15.6774263521 nan
-12.4593090621 nan
-12.7334219522 nan
-8.93899078913 nan
-12.5715349483 nan
-16.5084707921 nan
-12.3144004927 nan
-16.0222437385 nan
-8.71033736508 nan
-8.28658608527 nan
-8.401687476 nan
-12.8101902866 nan
-7.79023927113 nan
-8.99287689637 nan
-5.76413047023 nan
-7.65286891232 nan
-5.7456105093 nan
-7.90135239466 nan
-5.67320726011 nan
-1.10547520008 nan
-5.07485768339 nan
0.497104683272 nan
-1.87986417721 nan
3.80424338043 nan
-0.67518712495 nan
3.81742528479 nan
0.801182330877 nan
2.12009890268 nan
-0.712138359223 nan
3.10762707705 nan
1.21591747183 nan
8.43937224962 nan
1.14662229217 nan
19.9686202935 nan
9.76474909718 nan
24.5885750845 nan
8.91849675553 nan
9.50952111009 nan
-4.51464602241 nan
6.71184208588 nan
-5.97523701966 nan
6.34133121466 nan
-3.30930202113 nan
10.6190696087 nan
-2.92575238219 nan
10.2900957401 nan
-5.11273374295 nan
11.548123262 nan
-6.17574027307 nan
11.8222521579 nan
-6.21033473978 nan
3.72341531754 nan
-5.08040646269 nan
-0.210632079202 nan
-4.54204626644 nan
0.644203668844 nan
-10.2240990583 nan
-1.87323303438 nan
-11.4764495473 nan
-5.29872753531 nan
-14.8722050486 nan
-5.76304707253 nan
-15.4356895378 nan
-6.24809252357 nan
-15.9445905474 nan
-2.58983641907 nan
-17.3081679013 nan
-10.094298347 nan
-18.8488099426 nan
-8.57580734879 nan
-20.5823470852 nan
-12.9561520479 nan
-19.0357841771 nan
-18.0815485383 nan
-18.3449552708 nan
-16.8680442567 nan
-18.6732471079 nan
-9.40124535115 nan
-17.1946151167 nan
-17.7515718278 nan
-16.2731964035 nan
-27.0750547549 nan
-17.1464579791 nan
-15.0294878609 nan
-10.4827986647 nan
19.4831090305 nan
-10.5623720037 nan
-23.20139015 nan
-11.7690371375 nan
-17.303906196 nan
-6.66612308668 nan
-22.8557772608 nan
-11.7447773735 nan
-0.932902838059 nan
-10.3861818671 nan
-9.09791448025 nan
-9.90450155425 nan
30.9070063841 nan
-6.18027016779 nan
11.3164224174 nan
-11.9737136917 nan
-1.9522049361 nan
-7.57061414042 nan
14.7859735168 nan
-6.57563763226 nan
-5.57981247764 nan
-10.5288972391 nan
1.5702486004 nan
-9.02969660542 nan
0.227246247066 nan
-12.3622435494 nan
3.81253959681 nan
-8.88706062172 nan
3.55918579219 nan
-9.64162330222 nan
11.9583945681 nan
-9.10272567977 nan
5.71953167466 nan
-6.53872185777 nan
-5.71471913596 nan
-6.90372319365 nan
7.20103672839 nan
-7.93847050973 nan
3.9887888998 nan
-5.68229349461 nan
7.44355440892 nan
-3.51602301558 nan
9.56101777789 nan
-5.11911425103 nan
40.411913465 nan
-3.83885523713 nan
4.52239597054 nan
-0.995953413991 nan
4.54608005993 nan
-3.66278828142 nan
3.95630067111 nan
-0.948009848208 nan
-0.647582584643 nan
-0.0750065112468 nan
0.618698212421 nan
-2.57535321148 nan
-0.886916521606 nan
0.92755962286 nan
-5.53080373387 nan
1.00924980905 nan
-7.11895266668 nan
-2.21959449928 nan
-11.9279232733 nan
2.71521558473 nan
-9.74227419616 nan
-0.752981460474 nan
-9.4862979316 nan
-4.71373710662 nan
-8.90115931456 nan
-0.935054787361 nan
-13.2089423245 nan
-2.02682415071 nan
-10.804488817 nan
-7.21961130812 nan
-17.6853182357 nan
-5.56509201406 nan
-20.3776106444 nan
-12.4338206597 nan
-19.240767284 nan
-9.73442545646 nan
-23.7772253571 nan
-16.59422895 nan
-18.3866504433 nan
-20.8683821091 nan
-11.5839625352 nan
-16.5204510597 nan
-16.2573127358 nan
-17.4766549736 nan
-16.7135291225 nan
-23.1023967112 nan
-9.45802847896 nan
-18.8702054787 nan
-15.7735991825 nan
-22.6725389712 nan
-9.59456025287 nan
-24.3790696928 nan
-13.5093013911 nan
-23.611866032 nan
-4.05151431606 nan
-20.1530585478 nan
-6.37841017409 nan
-15.9286455555 nan
-5.90485523288 nan
-22.0674282936 nan
-1.26124580013 nan
-14.0785831339 nan
-13.172105729 nan
-13.8471857768 nan
-7.59332879729 nan
-8.75321321371 nan
-5.89827500038 nan
4.42668180345 nan
-14.4929273821 nan
-7.03599432248 nan
4.05625861481 nan
-9.39437610088 nan
-7.57011290904 nan
-8.99566998972 nan
1.42582803387 nan
-4.14421640982 nan
-3.45489321885 nan
0.569186089637 nan
-0.357233304872 nan
-2.63393683514 nan
2.94337906663 nan
2.61815728517 nan
0.617140690915 nan
-3.09798450793 nan
5.36964560049 nan
-1.15465662939 nan
-0.434528990326 nan
2.50275260797 nan
8.75178402777 nan
-0.892978080706 nan
7.63387305249 nan
2.98427387136 nan
0.712569164272 nan
2.55203726103 nan
0.450277614476 nan
-3.29955251645 nan
6.71259507659 nan
4.00987938214 nan
1.55638317215 nan
0.163129825717 nan
9.27850921618 nan
-3.20456694546 nan
5.06161338282 nan
1.19966922298 nan
1.28382220872 nan
-0.581722648399 nan
7.01297702348 nan
-3.85377547459 nan
5.51983197471 nan
-2.80037923705 nan
2.95257092399 nan
-8.05456862658 nan
-0.269819525499 nan
-5.57361274888 nan
-1.63653643934 nan
-4.03537874499 nan
-0.266266389492 nan
-6.59505377356 nan
-4.89442508363 nan
-8.53939104586 nan
-14.3728890063 nan
-9.17802380899 nan
-10.7886843897 nan
-11.4579134207 nan
-13.8521248647 nan
-11.3762446466 nan
-8.58897161097 nan
-13.0927780231 nan
-14.9851609049 nan
-13.28977899 nan
-22.3881818844 nan
-12.2640135702 nan
-22.8656747252 nan
-12.4994752493 nan
-20.5015572411 nan
-15.7259481801 nan
-25.6011387363 nan
-13.5419379745 nan
-36.7017344942 nan
-13.7036676597 nan
-48.384475667 nan
-15.5439105095 nan
-24.7581232034 nan
-10.8183052973 nan
-25.8799537605 nan
-11.4241260517 nan
-22.0902496022 nan
-2.29951705458 nan
-34.3456460208 nan
10.8698183421 nan
-17.1542036741 nan
15.0907209583 nan
-18.0472374784 nan
17.9750701475 nan
-12.882787364 nan
23.9913156241 nan
-21.6654165398 nan
24.8251822149 nan
-20.6139469886 nan
22.333388484 nan
2.4358120505 nan
22.183112636 nan
5.74095488164 nan
25.6530609778 nan
-5.18644276191 nan
27.4153067738 nan
-1.14647734118 nan
21.854641408 nan
5.60332185588 nan
21.8189022843 nan
9.36398174409 nan
15.7851530809 nan
4.38902671019 nan
11.2983845728 nan
14.0881218328 nan
6.71203663926 nan
19.626432783 nan
7.71649557478 nan
15.9778054379 nan
9.70541097205 nan
25.0677507661 nan
1.83134622772 nan
27.4020982293 nan
2.36541534944 nan
20.2344462303 nan
-0.557172646069 nan
32.6539670723 nan
-5.02761721278 nan
29.1023862658 nan
-2.01205690994 nan
25.5163103916 nan
-6.21884435843 nan
27.5970719525 nan
-4.32013488633 nan
34.8253858545 nan
-3.10553242511 nan
31.7760872742 nan
-3.06915289726 nan
34.8518431435 nan
2.2817072448 nan
17.2230319429 nan
2.58721290576 nan
17.1114824242 nan
-2.47564813316 nan
6.47689743761 nan
2.2562371144 nan
8.74386105088 nan
-0.192258438434 nan
12.5838384452 nan
-2.1496437775 nan
13.1660380016 nan
-2.36781695629 nan
11.1560931614 nan
-5.80019786052 nan
8.11210004576 nan
-8.41054210829 nan
-2.61040924624 nan
-17.7039877912 nan
5.20357073779 nan
-13.4791912068 nan
-6.02056874607 nan
-7.00284741581 nan
-7.46712952534 nan
-7.8232413594 nan
-2.19038461167 nan
-5.3533963174 nan
-7.55160297227 nan
-1.22216073299 nan
-14.5527258065 nan
-2.82074256037 nan
-16.5408112317 nan
-4.92102285882 nan
-21.6496689998 nan
7.99497502746 nan
-17.2650231704 nan
7.20023329537 nan
-15.2456144467 nan
9.31502054917 nan
-38.1413613978 nan
20.6783905149 nan
-32.0358689465 nan
18.4541065481 nan
-24.8486714179 nan
17.4992315692 nan
-20.436764422 nan
11.7437625478 nan
-13.1657437755 nan
7.83829871809 nan
-13.9129711724 nan
10.4416581083 nan
-12.6928841419 nan
9.72881913412 nan
-15.6782068589 nan
8.70865498751 nan
-11.0771224444 nan
-2.20093440508 nan
-9.60351654709 nan
-8.38043818461 nan
-12.3106254251 nan
-8.3108262912 nan
0.218502675684 nan
-16.4237721882 nan
-6.49343105487 nan
-16.5205338967 nan
40.2386384856 nan
-18.0197108525 nan
21.176844715 nan
-20.2437710012 nan
1.85985973263 nan
-21.1460759176 nan
-2.75774955647 nan
-22.8978078827 nan
-9.23288583657 nan
-9.48811934466 nan
39.809755889 nan
50.2941438363 nan
35.3093150673 nan
-24.2406019206 nan
2.22977474843 nan
-22.2635135592 nan
2.25098572128 nan
-19.2432767765 nan
-6.15509277566 nan
-20.5485405953 nan
-4.48222932621 nan
-15.4295878104 nan
-4.85765725628 nan
-14.357619528 nan
-0.259304801722 nan
-12.5918900896 nan
-0.259304801722 nan
-12.5918900896 nan
-1.22656008623 nan
-16.8655361633 nan
-1.36098481853 nan
-16.6419305094 nan
-9.43701100846 nan
-16.2680703685 nan
-2.73482841456 nan
-17.854628379 nan
2.31778137859 nan
-14.0221313529 nan
-5.71047229777 nan
-14.8232832211 nan
-6.49523598865 nan
-16.679356116 nan
-10.5611425416 nan
-11.9785870547 nan
-12.4559608905 nan
-13.8850415533 nan
-9.97540297354 nan
-14.3446873041 nan
-1.12539255222 nan
-12.240621533 nan
-7.64632610996 nan
-10.5512214135 nan
-6.44355255561 nan
-5.83746749876 nan
-2.38584582007 nan
-7.26449013127 nan
-0.817570495559 nan
-8.53861047155 nan
-3.0411225101 nan
-3.70479014875 nan
1.32630128301 nan
-2.76239626228 nan
-0.697579442855 nan
2.27456294735 nan
1.37970772447 nan
-0.434629389793 nan
-0.420578368533 nan
0.905713779919 nan
-0.407544336466 nan
-0.188101828919 nan
2.15014984258 nan
-1.26087313656 nan
4.36761175654 nan
3.15728665895 nan
8.63713633087 nan
-0.236840165762 nan
5.77902216032 nan
1.21431052763 nan
1.05251326596 nan
-2.0425110517 nan
10.769392688 nan
0.179916436499 nan
8.9192713694 nan
0.827420510938 nan
7.3946202414 nan
-1.17965689163 nan
3.99598139541 nan
-2.12353668628 nan
2.9999891025 nan
-3.14779119777 nan
3.67165713394 nan
-5.86524981358 nan
9.44805951682 nan
-9.0867635462 nan
8.92201979317 nan
-5.58724550362 nan
7.17347384172 nan
-8.65253845444 nan
5.26353975084 nan
-7.08482889255 nan
3.56625130963 nan
-7.15395383954 nan
2.82637203751 nan
-6.87157609245 nan
3.81504518987 nan
-6.20807676818 nan
3.44503348043 nan
-5.60347796168 nan
-8.88136386036 nan
-5.49852042245 nan
1.56251984314 nan
-6.14918236194 nan
0.537667960798 nan
-8.96026348358 nan
-2.6841224456 nan
-10.3257905526 nan
-1.34178637436 nan
-9.4895305515 nan
-4.84087501122 nan
-9.39378204212 nan
-10.5937858682 nan
-11.5159212422 nan
-8.98986582152 nan
-12.758815823 nan
-9.29973571854 nan
-16.5558028724 nan
-14.2456818883 nan
-14.8868843635 nan
-20.1521087181 nan
-15.4314851976 nan
-21.9634937657 nan
-14.9748249226 nan
-19.7556600292 nan
-11.0222955767 nan
-18.9533488814 nan
-13.4344040314 nan
-18.0284027146 nan
-16.3655901835 nan
-20.2040856093 nan
-10.2150626447 nan
-17.526478432 nan
-11.4639154113 nan
-3.79157980511 nan
-17.1028796862 nan
-5.7551995818 nan
-16.4817150159 nan
-6.6813904613 nan
-13.6207005018 nan
-8.39872654034 nan
-13.8770027165 nan
1.99517585887 nan
-12.7032711593 nan
-0.889406747067 nan
-9.56203153397 nan
0.0788015097884 nan
-8.56112902443 nan
-2.71741670348 nan
-4.46706776481 nan
-6.2261755895 nan
-4.15386811486 nan
-1.08172613311 nan
-3.17284219578 nan
-0.0259980268809 nan
1.99430238554 nan
-0.740156873179 nan
2.42167436799 nan
2.54671281646 nan
5.83669510143 nan
5.16866718101 nan
8.16012105639 nan
10.9504278747 nan
11.7895047782 nan
3.65363750681 nan
5.30622358324 nan
9.50636013469 nan
3.31217225476 nan
11.4448883785 nan
0.535235140421 nan
9.11802578388 nan
-1.68880414509 nan
9.52678720454 nan
1.73944705614 nan
9.61803211559 nan
-0.608120910808 nan
12.5884885888 nan
-2.22312686148 nan
10.1363235796 nan
-4.85492862617 nan
10.611324927 nan
-2.36283261245 nan
4.38611587694 nan
-4.42890737125 nan
4.2691523014 nan
-5.89996060717 nan
6.211006046 nan
-7.09479140561 nan
3.65260283126 nan
-9.42764868877 nan
8.91686007273 nan
-9.02129701862 nan
1.56126101642 nan
-10.2359134126 nan
-3.35408316529 nan
-13.9540755927 nan
-6.36571915584 nan
-18.6577202641 nan
-6.96407253098 nan
-22.128912275 nan
-8.66290450526 nan
-25.0823727902 nan
-14.252722836 nan
-25.7629686426 nan
-14.5410140079 nan
-24.1792027959 nan
-25.993215994 nan
-26.1645980488 nan
-26.3087601701 nan
-21.3346957017 nan
-35.8639217961 nan
-21.9565690596 nan
-22.1907317834 nan
-21.4457891175 nan
-29.6605588303 nan
-14.3973307305 nan
-29.6771342624 nan
-15.9099572718 nan
-30.3593739736 nan
5.0873772837 nan
-33.9726720595 nan
4.37419727663 nan
-30.8478988898 nan
-10.8002156395 nan
-17.7465298307 nan
-8.89294467487 nan
-22.0658878506 nan
-7.59184660474 nan
3.68086849002 nan
-8.57639452316 nan
-18.5946783091 nan
-8.18063456054 nan
-3.35843083273 nan
-11.3637362842 nan
-11.6318597441 nan
-7.34418558079 nan
-6.15505988692 nan
-16.7752302366 nan
-1.13370815226 nan
-14.0890096555 nan
-16.5233809766 nan
-17.0036108219 nan
-9.17319765733 nan
-19.5159929974 nan
-3.56738777599 nan
-16.0123553925 nan
-18.5583485766 nan
-16.3755351255 nan
-2.10490797633 nan
-19.5171856799 nan
-4.25553844747 nan
-15.7246557608 nan
-7.62297462953 nan
-19.294589963 nan
-7.08856066732 nan
-13.2299464474 nan
-14.7205730439 nan
-17.8362462795 nan
-3.91733165908 nan
-11.5841627515 nan
-12.518952393 nan
-14.5422747731 nan
-10.5123471217 nan
-13.0951941688 nan
-3.17634220427 nan
-8.18115149421 nan
-5.54424713169 nan
-6.67777158454 nan
-1.10918109141 nan
-7.4562282917 nan
0.336688064992 nan
0.577370560849 nan
-2.90248719746 nan
-2.09004781704 nan
4.21233989062 nan
0.547981246043 nan
0.0856534595235 nan
-0.0323019523467 nan
11.6533420815 nan
6.60524938514 nan
0.827874236641 nan
7.65017934725 nan
9.57400376588 nan
6.39712799799 nan
1.09913025057 nan
1.08918000909 nan
3.72333013336 nan
3.96669332651 nan
7.93169987597 nan
1.21029840395 nan
7.55078173118 nan
-3.16425425371 nan
7.3443585832 nan
-0.489307345532 nan
7.9486425954 nan
-8.69218908988 nan
0.145636709168 nan
-9.09570577911 nan
5.0664436894 nan
-12.0212283347 nan
2.92174747352 nan
-9.87055592761 nan
-1.8776500769 nan
-13.4248809164 nan
0.698693530137 nan
-14.1511513377 nan
4.99967466154 nan
-12.6858565756 nan
-3.25607872407 nan
-12.6322215446 nan
-1.09682406577 nan
-12.8571144342 nan
-4.15463049154 nan
-11.6598259847 nan
-6.12111723853 nan
-16.0681360671 nan
-6.80736181682 nan
-15.4419998979 nan
-11.6189990016 nan
-18.4283474821 nan
-12.9684567924 nan
-16.3511022507 nan
-14.1636257638 nan
-19.9489421789 nan
-21.7685500285 nan
-16.7388400557 nan
-20.6330468627 nan
-17.7982664803 nan
-14.7118888958 nan
-19.4840478989 nan
-15.1944961393 nan
-14.7184262818 nan
-19.1477402408 nan
-13.6088650158 nan
-16.062651318 nan
-13.3981128071 nan
-21.685340504 nan
-8.29006974817 nan
-24.3096540687 nan
-12.9502719208 nan
-21.2828254579 nan
-12.2551624568 nan
-8.29802815889 nan
-5.33663382549 nan
-14.0459390764 nan
-6.86568844084 nan
-13.5846549622 nan
-7.99620936912 nan
-8.28361684668 nan
-9.11775943302 nan
-7.03787610473 nan
-7.67563346426 nan
-5.29035337498 nan
-11.5673817319 nan
-3.04850885593 nan
-12.3864196572 nan
16.3382718401 nan
-11.5850971094 nan
1.08458222591 nan
-13.1081411592 nan
4.24257023804 nan
-13.2942848615 nan
6.26144070902 nan
-13.5407243351 nan
6.42435591487 nan
-13.574003899 nan
3.74345669757 nan
-13.3697064898 nan
8.67328662615 nan
-14.6010062018 nan
7.40684540019 nan
-11.5727073552 nan
7.03955182142 nan
-11.0632576684 nan
2.01947403748 nan
-11.528907593 nan
2.76883734564 nan
-9.68280424896 nan
-3.59314643468 nan
-9.93033962486 nan
3.26750682085 nan
-5.79043120557 nan
1.18439351381 nan
-5.16280746474 nan
2.59931261679 nan
-4.99343439826 nan
-1.30851939463 nan
-6.17698714594 nan
-2.06298675386 nan
-8.43280273129 nan
-2.98426976843 nan
-8.86774672813 nan
-6.88626258939 nan
-10.4836077699 nan
-4.83146421619 nan
-13.3045051701 nan
-4.95728121678 nan
-12.3840014914 nan
-12.3595166302 nan
-13.0898389731 nan
-9.70206137682 nan
-13.6691582512 nan
-12.7133470707 nan
-11.969397171 nan
-14.6104034935 nan
-11.6536719922 nan
-8.75243936697 nan
-12.2323953899 nan
-19.2601828923 nan
-12.1829054738 nan
-18.8662895474 nan
-14.8355453401 nan
-9.79104731196 nan
-17.0355488586 nan
-10.1326324769 nan
-11.8952512513 nan
-21.5948338528 nan
-14.6766939232 nan
-8.76187375887 nan
-18.940976329 nan
-8.7955265738 nan
-11.1042939189 nan
15.9476243809 nan
-14.766995508 nan
-0.778121262794 nan
-16.4715558356 nan
0.732736422586 nan
-17.655256716 nan
-5.37632721838 nan
-15.2859091905 nan
-2.77308250002 nan
-19.1892341909 nan
1.77534664275 nan
-14.5819525945 nan
0.0872340103054 nan
-11.2414905492 nan
3.57026251645 nan
-16.1574859617 nan
5.16453414514 nan
-10.6731133788 nan
-1.69379867737 nan
-11.7825396043 nan
8.99719543562 nan
-13.6888037715 nan
1.88277521773 nan
-8.63157797215 nan
-2.76641180841 nan
-11.467472107 nan
1.31003695211 nan
-10.9653640825 nan
5.56569936547 nan
-3.1836385772 nan
1.09128315918 nan
-4.10882295329 nan
3.70505630929 nan
-5.83941537513 nan
3.9939569335 nan
0.124517410514 nan
-0.826331134021 nan
-2.14176540664 nan
-1.66710373733 nan
4.81249578007 nan
-5.73998805233 nan
0.692999965531 nan
-3.44181902126 nan
3.24772941474 nan
-8.69084992503 nan
-2.18439307913 nan
-2.59314090527 nan
-2.03733473989 nan
-5.05678186743 nan
-0.927445374295 nan
-5.62995041865 nan
-1.23225845172 nan
-6.2655001916 nan
-6.48072987177 nan
-12.0163891717 nan
-8.16506652549 nan
-10.1325244693 nan
-9.44906405849 nan
-16.3176190445 nan
-6.04128546637 nan
-17.441066181 nan
-14.641894893 nan
-21.7667251324 nan
-14.0286110495 nan
-19.1399182434 nan
-17.4763945195 nan
-15.1250611801 nan
-15.5529965443 nan
15.3876566378 nan
-17.5543499732 nan
40.4573844524 nan
-17.9432815513 nan
-5.18824176534 nan
-13.1395918537 nan
-9.78021521206 nan
-13.2533156429 nan
-7.80756076003 nan
-18.5176594701 nan
-6.7402934338 nan
-22.4215185082 nan
28.1525873352 nan
-24.79044707 nan
-1.37910759889 nan
-18.6060327478 nan
-4.30316762032 nan
-21.5465628812 nan
-4.91399052468 nan
-22.1548831005 nan
-7.77198173847 nan
-16.9517235278 nan
-8.33814753059 nan
-16.8320284559 nan
-8.86346303096 nan
-1.14455819242 nan
-12.5534969699 nan
44.5132110406 nan
3.99343462922 nan
45.4514546158 nan
-3.21434094144 nan
-10.7489759916 nan
-3.80227307173 nan
-11.8411332976 nan
-4.65219611049 nan
-9.60175435013 nan
6.34215783076 nan
-5.22890681125 nan
5.88361236095 nan
-8.50956797647 nan
1.28944233373 nan
-7.29421823742 nan
-70.6459527336 nan
-10.8790366627 nan
87.9427691342 nan
-6.89077249261 nan
-5.15598012316 nan
-4.79359163703 nan
-3.36327336523 nan
-21.544280983 nan
-4.8403162978 nan
-23.5132742242 nan
-6.08354483643 nan
-25.8271753003 nan
-6.81605757706 nan
-28.1401535036 nan
-5.75349093377 nan
-22.7327558824 nan
29.9687497631 nan
-24.3130337756 nan
-9.75383945621 nan
-28.0023859913 nan
55.836349352 nan
-27.2953883287 nan
-20.0595711141 nan
-26.0327883182 nan
-25.5703801848 nan
-7.17185166032 nan
-24.0644014278 nan
-8.58223565611 nan
-18.4950200405 nan
-23.8648262371 nan
-22.3109123518 nan
-26.7702553882 nan
-25.0108057009 nan
-21.2181386837 nan
-17.1032982333 nan
-25.7035502577 nan
-11.996979707 nan
-21.242073169 nan
-22.3316294943 nan
-21.5604463791 nan
-6.3561436985 nan
-24.1766854852 nan
-16.5954119035 nan
-23.1242132332 nan
-17.3377928207 nan
-27.7154969474 nan
-14.5890833074 nan
-26.6017378494 nan
-29.7199947948 nan
-24.9714226057 nan
-12.5835880464 nan
-27.7460422855 nan
-3.08123463089 nan
-24.1853959424 nan
-9.20173576789 nan
-22.9691973032 nan
-6.58528961194 nan
-16.406471339 nan
-6.48878191308 nan
-9.01065614335 nan
-4.7576691098 nan
-15.5177988208 nan
-3.45074298059 nan
-17.7258338297 nan
-7.3588530148 nan
-13.1786479076 nan
-2.47422705724 nan
-19.9987311273 nan
0.289077335182 nan
-14.6864379261 nan
-0.472327722461 nan
-8.85309781504 nan
11.3523648944 nan
-8.74166973593 nan
-1.5036738022 nan
-12.9239205957 nan
9.42368590965 nan
-5.53984486649 nan
0.490908934339 nan
0.864034137039 nan
2.36827671649 nan
-0.0899128673913 nan
-0.47947832603 nan
3.183932795 nan
-1.15018516487 nan
-0.497372022551 nan
4.51581627589 nan
2.53709122058 nan
50.8809036916 nan
5.0929876749 nan
4.08034541152 nan
4.89652296526 nan
-0.181648207851 nan
2.15923294433 nan
7.05924227975 nan
1.4331689288 nan
8.69155483512 nan
0.295626682045 nan
-1.23277552828 nan
-2.42489552655 nan
0.938820560634 nan
-2.65747314991 nan
2.9820142118 nan
-2.52955731417 nan
1.75384538225 nan
-2.91775229035 nan
6.37249260395 nan
-6.44176771009 nan
5.81248675379 nan
-8.36030757907 nan
0.773518103273 nan
-5.93028242102 nan
11.9520492161 nan
-8.78384574676 nan
3.28985998144 nan
-8.55004553716 nan
2.32394507081 nan
-6.72536664349 nan
-5.6943850198 nan
-10.2147732966 nan
-7.65231538503 nan
-13.7666360995 nan
-16.9862334639 nan
-17.5046222827 nan
-6.4203909327 nan
-16.8452661705 nan
-6.48870400259 nan
-15.1070007595 nan
-8.31598007724 nan
-16.7567710137 nan
33.7584359292 nan
-15.760957887 nan
-21.4333489687 nan
-14.0105585469 nan
-12.8980204347 nan
-12.2980472474 nan
-22.3933089101 nan
-1.41558343407 nan
-22.3765357878 nan
0.142841682789 nan
-16.5189848075 nan
-19.7966727232 nan
-9.98614210189 nan
-15.5768409794 nan
-10.8803733633 nan
-14.4760879614 nan
-8.21196182751 nan
-15.6326721359 nan
-8.88900388852 nan
-13.9853738984 nan
-12.1957921672 nan
-17.3372582841 nan
-11.5681643267 nan
-21.5735045041 nan
-11.0229608753 nan
-18.6358398364 nan
-9.9643789306 nan
-18.3678687348 nan
-16.1397481044 nan
-20.4824958167 nan
-60.8997122298 nan
-23.407971285 nan
-6.44879467063 nan
-22.3497344778 nan
-5.90818786657 nan
-25.6406254434 nan
-5.34768727012 nan
-23.6494839723 nan
4.07782673261 nan
-21.8071232874 nan
25.459473666 nan
-18.6630060661 nan
21.4614094529 nan
-2.78356606878 nan
40.6175677589 nan
48.1752545915 nan
-2.39779567788 nan
-0.150001167474 nan
-1.13773894374 nan
-15.9904556742 nan
7.76923554107 nan
-6.17718851807 nan
2.30748598414 nan
-8.58609283914 nan
8.45350579001 nan
-6.99369176584 nan
2.80644450791 nan
-7.93363852389 nan
8.96020749393 nan
-8.05009195554 nan
15.2225579842 nan
-4.93071019314 nan
3.63690838339 nan
-3.55926571488 nan
4.60152138678 nan
-5.17192080506 nan
1.61050242667 nan
-3.82098696753 nan
3.4089489288 nan
-1.23962632198 nan
-0.794604909059 nan
-2.48617213052 nan
0.295408447037 nan
-3.60210114455 nan
0.243230386765 nan
-1.23243215035 nan
-5.2229052726 nan
-4.04703698303 nan
-0.701586868516 nan
-2.55402081278 nan
-2.57953020785 nan
-3.55196491886 nan
-5.00811090714 nan
-7.70948443131 nan
-7.4297894599 nan
-6.54596275465 nan
-10.2182104115 nan
-12.7246553643 nan
-4.82472197925 nan
-10.4380097512 nan
-9.64127830409 nan
-10.2009931498 nan
-4.01005095549 nan
-15.3429865775 nan
-7.10939591915 nan
-14.0720465207 nan
-9.13959846268 nan
-18.0353695513 nan
-4.06720219154 nan
-20.521491235 nan
-2.40092113047 nan
-18.3776566922 nan
-6.11962587368 nan
-21.5767637036 nan
2.41927247121 nan
-22.3322360021 nan
1.9125095497 nan
-21.5353280781 nan
48.93944937 nan
-21.2596143396 nan
-1.53750156907 nan
-20.0869559753 nan
3.31478659378 nan
-19.131254466 nan
2.04733725079 nan
-18.2942497863 nan
-2.4155983444 nan
-13.2019422026 nan
-1.28294482309 nan
-17.1642236017 nan
-0.613443692331 nan
-13.2459074205 nan
0.980999275461 nan
-13.6107030071 nan
-4.79962352201 nan
-9.30844078167 nan
-4.180768712 nan
-6.84680477672 nan
0.82678940352 nan
-4.90641778459 nan
-1.32713115707 nan
-2.6814076944 nan
0.881251738218 nan
-1.99494230903 nan
0.837658100634 nan
0.0679431061128 nan
1.77654453708 nan
-0.303037470824 nan
5.86119882573 nan
1.99821631414 nan
4.46341642801 nan
0.514087268234 nan
2.57338201204 nan
1.53550867174 nan
0.62360336999 nan
0.0299812003626 nan
0.151350647514 nan
0.986467306221 nan
2.0242884279 nan
0.00377060735223 nan
-0.676330095768 nan
-3.00747690177 nan
-2.35494251711 nan
-4.98160256362 nan
-3.30813734942 nan
-2.83767021808 nan
-4.43957724866 nan
-7.67569711231 nan
-5.86076134054 nan
-7.34276086422 nan
-5.47842431023 nan
-10.1436442167 nan
-2.27661739068 nan
-11.1424049197 nan
-3.44469713237 nan
-10.483030666 nan
-9.29236260315 nan
-10.7230245008 nan
-11.6768865578 nan
-12.0947203503 nan
-6.02140611725 nan
-14.011885516 nan
-10.9588621449 nan
-16.7973740996 nan
-15.6757538392 nan
-16.1302209168 nan
-12.8846752852 nan
-18.3518063688 nan
-12.9966792048 nan
-17.0135649557 nan
-14.7996257455 nan
-18.624259034 nan
-10.9278372898 nan
-15.8442132657 nan
-16.098631253 nan
-19.0446225613 nan
-12.6277872723 nan
-17.6846083114 nan
-18.9564411019 nan
-12.9563948622 nan
-10.041083364 nan
-14.1873125524 nan
-12.8176989026 nan
-14.8553067489 nan
-11.2997917576 nan
-11.1491543071 nan
22.831326724 nan
-4.9278247028 nan
-12.2258018744 nan
-4.71451899115 nan
-3.72281549645 nan
-7.95836440137 nan
-8.20399566041 nan
-7.32576682526 nan
3.61626093896 nan
-6.27402559511 nan
6.22368315424 nan
-3.33713124882 nan
-2.99615822062 nan
-2.26117006532 nan
2.93406540341 nan
-4.58225507118 nan
4.28564013849 nan
-4.44001313288 nan
3.55616198005 nan
-0.568575548306 nan
7.10863772218 nan
-3.21270350847 nan
6.61125239235 nan
0.01688662978 nan
8.06609317349 nan
0.855246427107 nan
11.4261518195 nan
-1.29658800574 nan
11.160438318 nan
-1.52835213211 nan
9.8795931008 nan
-3.57220284965 nan
15.4146112425 nan
-1.88202331158 nan
20.5441171367 nan
-0.322352449867 nan
7.23400708787 nan
-2.4329961543 nan
4.25093942018 nan
1.61531566201 nan
-5.88162123749 nan
-0.180780809674 nan
3.09617761346 nan
-1.54959404506 nan
-0.562558694985 nan
0.854907364021 nan
-1.2616298282 nan
-5.04443453396 nan
1.21232208489 nan
-5.01807950705 nan
-2.81039488734 nan
-9.37188603447 nan
-3.93219465225 nan
-11.3228707176 nan
-5.69123939605 nan
-12.1569125684 nan
-9.7110843826 nan
-15.3061621421 nan
-10.7115083079 nan
-14.4190776584 nan
-14.0997926695 nan
-16.0335508782 nan
-10.9271467094 nan
-11.9553903599 nan
-18.3948688173 nan
-13.2394473707 nan
-15.2329392256 nan
-15.0429163522 nan
-16.7594443463 nan
-12.223468758 nan
-16.612011874 nan
-9.6682001263 nan
-13.9795619272 nan
-11.5344514286 nan
-16.9443189322 nan
-11.058904029 nan
-10.1960156432 nan
-10.296239013 nan
-10.5448828592 nan
-11.0207872045 nan
-7.59185160642 nan
-8.82759480597 nan
-6.82606751632 nan
-7.38897643018 nan
-4.84708308556 nan
-4.58270929236 nan
-0.436799967766 nan
-3.37762693831 nan
-1.93425726787 nan
-3.76091644695 nan
-9.59666185656 nan
-2.43930151551 nan
2.45789813239 nan
-0.731563992839 nan
6.46292778256 nan
-1.44343978503 nan
18.9815492866 nan
-2.4787147985 nan
2.27742798848 nan
-0.403755832794 nan
7.70658486571 nan
-5.68437896338 nan
7.06896098451 nan
-5.19532703829 nan
7.80492672248 nan
-7.87217785312 nan
14.4090670956 nan
-6.01457051267 nan
12.564193746 nan
-4.97123852171 nan
13.4978238911 nan
-5.651023823 nan
11.3173646004 nan
-3.03790188762 nan
8.29455223691 nan
-4.97486565537 nan
10.3280863412 nan
-3.96117438725 nan
9.1763306964 nan
-3.20781992988 nan
5.99577219359 nan
-3.21654196108 nan
5.41643805858 nan
-2.98969490329 nan
-2.86846904749 nan
-4.68112325055 nan
5.24216549184 nan
-4.33597455027 nan
-2.38965913008 nan
-6.39471293755 nan
-2.22563562788 nan
-9.8496838367 nan
1.28464857152 nan
-11.2481683045 nan
-4.89526901376 nan
-13.8577666836 nan
-3.52907328227 nan
-14.0902041143 nan
-9.32155036558 nan
-14.4374163872 nan
-8.34869159345 nan
-17.4381438263 nan
-20.1416241304 nan
-14.263431996 nan
-18.1036321583 nan
-16.5992112363 nan
-23.7052015238 nan
-14.1008011758 nan
-20.3039240386 nan
-18.6735897579 nan
-22.1854073223 nan
-22.2080392521 nan
-24.33214386 nan
-17.2247745333 nan
-26.8361021876 nan
-13.9479654741 nan
-33.6373968828 nan
-17.2338317688 nan
-17.6914115729 nan
-18.0569166977 nan
-16.3439744843 nan
-14.7472313476 nan
-16.8415985831 nan
-16.6273446071 nan
-13.2832405495 nan
-15.3497228644 nan
-17.2275961427 nan
-17.2492277106 nan
-9.33527778687 nan
-13.6217715532 nan
-7.70705574579 nan
-13.8934093729 nan
-14.6399299573 nan
-16.1588356233 nan
-7.21854421509 nan
-18.1755390756 nan
-2.6044678048 nan
-9.16545310634 nan
5.50183922838 nan
-10.6325317546 nan
-7.05001229637 nan
-18.0639317483 nan
4.65211041439 nan
-7.72223460374 nan
-2.58518560505 nan
-5.15261317618 nan
0.292083320729 nan
-10.8882429944 nan
5.45198542816 nan
-7.59101115875 nan
7.65790418045 nan
-7.91578733481 nan
7.17175055868 nan
-7.13637098189 nan
15.2939438231 nan
-5.68210585463 nan
7.18377748367 nan
-4.32113132123 nan
11.7854542136 nan
-6.75237152235 nan
11.0307093973 nan
-2.66342081934 nan
7.29224231807 nan
-2.43549773166 nan
4.8787358509 nan
-0.287934493355 nan
8.75505962793 nan
-3.13717536202 nan
10.3533042225 nan
-0.174969336322 nan
5.39713701588 nan
-2.15814662084 nan
5.07024693817 nan
0.0979607082772 nan
7.07141665648 nan
0.634606793836 nan
2.61543560526 nan
3.17900349077 nan
2.10894827798 nan
3.41581264156 nan
3.12665502495 nan
7.11275826802 nan
3.33707628689 nan
7.29400756668 nan
7.1398187413 nan
7.55357258159 nan
0.774576418244 nan
10.3102558433 nan
-2.8968435753 nan
6.13367318847 nan
-3.50091250079 nan
3.58604779873 nan
1.7985630288 nan
7.61292571925 nan
-11.4472082181 nan
2.806475894 nan
-5.82104942257 nan
2.28874310115 nan
-12.8361586482 nan
1.72041882652 nan
-10.9411958669 nan
-1.20029320065 nan
-6.74443689728 nan
-4.89053928246 nan
-15.9238802887 nan
-8.44386818861 nan
-12.6927968694 nan
-11.2137253973 nan
-15.269383769 nan
-12.1529888227 nan
-15.7462224425 nan
-16.9434362496 nan
-20.0628274165 nan
-15.4664181395 nan
-14.8532537739 nan
-13.4349733673 nan
-24.8867396462 nan
-16.9520943225 nan
-33.727501378 nan
-17.4449824556 nan
-20.88198562 nan
-7.65054304265 nan
-15.6842060227 nan
-13.9353437755 nan
-21.5498828407 nan
-20.6040783316 nan
-16.5806274086 nan
-21.4462618559 nan
-16.6761005869 nan
-22.1297283079 nan
-17.718805314 nan
-22.3747075081 nan
-15.4809991905 nan
-18.896359915 nan
-25.446095885 nan
-22.2881335359 nan
-5.48658850971 nan
-22.249578553 nan
-15.5501533027 nan
-25.2721326832 nan
40.2690364439 nan
-23.467446275 nan
25.4165726852 nan
-20.8564453272 nan
-9.11387270759 nan
-24.3968523211 nan
-2.4261802891 nan
-23.8868516586 nan
-7.15289856422 nan
-19.1279400051 nan
40.5620842723 nan
-19.9938414303 nan
-10.4262569102 nan
-18.3034022258 nan
-8.56053125194 nan
4.76259355179 nan
9.93069128419 nan
45.0825098968 nan
-1.31238179685 nan
-5.26567826616 nan
-5.9951051529 nan
-11.8423894713 nan
4.01622116858 nan
-8.3273502848 nan
2.492773491 nan
0.0311777898946 nan
8.22699660424 nan
-4.73967027693 nan
7.85466307881 nan
0.0399547977372 nan
-2.18977098207 nan
1.56950024824 nan
-4.1996834833 nan
-2.6598972609 nan
5.29412338481 nan
4.21283577718 nan
-6.22125437835 nan
-1.00927484739 nan
-0.0141992079753 nan
-4.39323696469 nan
-4.70561257901 nan
-1.03000994582 nan
-1.82425085465 nan
-3.53258388888 nan
3.84949371119 nan
-0.845916867369 nan
3.72747840866 nan
-6.28394982029 nan
3.54343529161 nan
-4.73692994664 nan
4.04608473862 nan
-4.83828558261 nan
3.77942750733 nan
-8.09692851499 nan
-0.984166083058 nan
-7.57324313429 nan
-1.54667863527 nan
-9.8429034648 nan
-2.99510279615 nan
-11.2013631566 nan
-0.790849477855 nan
-11.2211807742 nan
0.216775454332 nan
-10.3253535425 nan
-4.77614393679 nan
-11.849761367 nan
-2.9004904525 nan
-9.44758106056 nan
-2.90017995098 nan
-11.3509063213 nan
-5.81532313368 nan
-13.0193153798 nan
-7.45191513198 nan
-13.4913230647 nan
-5.73370989795 nan
-13.996721401 nan
-8.83934260699 nan
-12.3741684935 nan
-11.2858498561 nan
-11.4883124658 nan
23.7060508331 nan
-12.3661045271 nan
-7.52865663144 nan
-10.9020738182 nan
-7.33825464736 nan
-11.9367445634 nan
-7.07738994755 nan
-6.4664310037 nan
-7.83131028092 nan
-14.0847605659 nan
-7.62220256856 nan
-14.63911206 nan
0.0697503562421 nan
-11.8829324543 nan
11.879027139 nan
-9.86437310896 nan
-3.01500668671 nan
-5.54943129434 nan
-3.26317221864 nan
-4.67075816832 nan
-2.00492588549 nan
-5.14451639241 nan
-7.8324452847 nan
-3.61985398149 nan
-0.518548905502 nan
-6.07895909242 nan
-5.97689130046 nan
-4.6640875349 nan
-2.0840569607 nan
-3.1662299644 nan
-2.03847827516 nan
-6.85873314055 nan
-4.72463737749 nan
-2.05863049443 nan
-3.75581079937 nan
-6.89051315706 nan
-0.870662467555 nan
-5.99514025425 nan
-3.17423216854 nan
-3.97222363616 nan
-5.8974410484 nan
-7.74190853472 nan
-14.8260319922 nan
-5.67281145982 nan
-3.0851984977 nan
0.356830113146 nan
55.7179643173 nan
-5.36768497627 nan
4.09117460286 nan
-11.953738425 nan
15.9760413153 nan
-10.3436558513 nan
12.8751152271 nan
-11.7062767772 nan
0.295101009939 nan
-7.954714103 nan
-2.31760406802 nan
-8.46849546955 nan
5.60350616652 nan
-8.02509188369 nan
0.641871190728 nan
-8.04108120862 nan
6.5731992286 nan
-4.89769711999 nan
3.31476691626 nan
-5.05971227939 nan
2.36567719573 nan
-1.21298062742 nan
-1.26151115586 nan
-2.97527516941 nan
7.98331740237 nan
-4.31317024919 nan
-7.39974740223 nan
-1.00263085079 nan
0.699765077314 nan
-3.35223281286 nan
2.86831967991 nan
-3.58246324465 nan
7.05328512157 nan
-0.197671387104 nan
11.8444603535 nan
-0.872335336335 nan
-6.06503406646 nan
-2.09799736066 nan
-7.53521336857 nan
-6.89987014207 nan
-4.06966638859 nan
-6.20642338226 nan
-7.80297837026 nan
-9.25470893216 nan
-2.86725109104 nan
-11.7567182313 nan
-4.3740190198 nan
-9.37108979911 nan
-2.94808246935 nan
-10.8853806135 nan
-5.68967608379 nan
-11.8065272028 nan
-6.80218182435 nan
-9.56173441166 nan
-9.36188013462 nan
-9.33826643119 nan
-8.46414524948 nan
-9.03698981624 nan
-8.67171876736 nan
-6.37020585348 nan
-12.6137766863 nan
-6.27481203496 nan
-11.1154708659 nan
-6.22674045204 nan
-6.48132906023 nan
-4.40142942282 nan
-7.74909650434 nan
-4.37770272884 nan
-7.74909650434 nan
-4.37770272884 nan
-6.22925811321 nan
-7.80705967059 nan
-5.9891137301 nan
-8.71636032079 nan
3.19473018223 nan
-6.99897880147 nan
-2.96397788889 nan
-9.15685624022 nan
0.66249432225 nan
-8.21132041328 nan
-1.17514556581 nan
-10.4674926284 nan
6.95048946704 nan
-3.07930788469 nan
1.30233955961 nan
-3.22470829137 nan
7.53053649812 nan
-4.59337189809 nan
9.2898953296 nan
-2.2748984791 nan
7.36795106999 nan
-1.30852923856 nan
9.81367525295 nan
1.67489134959 nan
4.174228877 nan
1.16010839965 nan
8.57948207791 nan
0.353779092326 nan
6.36172475396 nan
2.55664998919 nan
6.67370291522 nan
-1.43592541907 nan
11.4604606258 nan
-1.57289903844 nan
0.595221890412 nan
-2.06335282505 nan
7.74584092658 nan
-4.59746548906 nan
3.05506158577 nan
-3.61793762053 nan
4.56768472197 nan
-6.90617080204 nan
7.10582412673 nan
-5.77839747173 nan
1.27043754897 nan
-5.06106264878 nan
0.188298979504 nan
-7.93881267236 nan
-3.38920141069 nan
-4.42593936897 nan
-3.53281277198 nan
-8.94244259685 nan
-2.59719904766 nan
-10.4697086342 nan
-8.62945799423 nan
-14.6926525832 nan
-5.77262247953 nan
-15.5464203279 nan
-10.1868976001 nan
-14.2052655087 nan
-8.57184155225 nan
-17.7987625621 nan
-9.79254989244 nan
-16.7127719705 nan
-17.2073214387 nan
-17.7492356001 nan
-22.148400408 nan
-18.4503499127 nan
-14.9354826638 nan
-19.7365601941 nan
-24.1413690326 nan
-16.5377990574 nan
-21.1843152775 nan
-14.311613634 nan
-21.0029956946 nan
-13.1006202381 nan
-51.6530988443 nan
-10.8940332087 nan
-25.7154411122 nan
-12.0527118379 nan
-19.6362228778 nan
-11.4689715144 nan
-7.56021677145 nan
-9.64499880979 nan
-9.84533126969 nan
-3.4116810311 nan
-7.34785204356 nan
-7.24724517918 nan
-7.80783123178 nan
1.23923527579 nan
-3.5816710297 nan
-2.2050505328 nan
0.136470900036 nan
4.69095157547 nan
5.32969660469 nan
0.359013574273 nan
5.86642972437 nan
5.97453475619 nan
3.1111991835 nan
1.2696357196 nan
14.39349628 nan
-1.33162228562 nan
11.6342005096 nan
3.48277739865 nan
6.79012655038 nan
-1.74655395973 nan
9.47293818949 nan
-1.1047800113 nan
12.5206318044 nan
-1.93708190668 nan
14.4315488594 nan
-6.18481968653 nan
12.5727246681 nan
-5.69566739067 nan
17.1725131847 nan
-8.94004617574 nan
6.5071065154 nan
-5.14554654014 nan
7.81112494691 nan
-5.91420672502 nan
9.50992402171 nan
-4.75940565906 nan
7.84918293175 nan
-6.25054448642 nan
6.23856570285 nan
-5.45785795872 nan
-0.799938154831 nan
-6.75307640067 nan
-2.91996272314 nan
-10.760224907 nan
-2.15414485775 nan
-10.3953587025 nan
-2.27551797471 nan
-15.1279892647 nan
-1.92950137868 nan
-16.1569730281 nan
-4.47644884237 nan
-13.3335121972 nan
-9.43432147843 nan
-14.6682434731 nan
-9.92152785279 nan
-15.8781495925 nan
-18.1527369777 nan
-13.0734581585 nan
-17.1610472525 nan
-15.1080778013 nan
-21.0648234079 nan
-12.9439194012 nan
-19.3232456845 nan
-9.42912737189 nan
-30.6074285912 nan
-13.7795609355 nan
-28.5649313608 nan
-16.2239482613 nan
-18.5139728552 nan
-11.9988806374 nan
-19.9939486645 nan
-10.6118466558 nan
-23.5178309005 nan
-14.8827727066 nan
-19.438587984 nan
-12.0286613277 nan
-10.0026034391 nan
-13.6367902117 nan
-7.79876723007 nan
-11.4268852816 nan
-14.4494900434 nan
-9.90690853431 nan
-15.5237450236 nan
-12.9874511569 nan
-7.24771702465 nan
-12.0201985486 nan
-11.6053022781 nan
-10.3359714411 nan
-3.1089468695 nan
-12.1552764185 nan
3.75165192528 nan
-14.7352143008 nan
4.40456173901 nan
-10.8936230682 nan
-2.60463254136 nan
-15.376009927 nan
-0.976400083665 nan
-16.7136619824 nan
4.38539112119 nan
-13.4470951024 nan
1.27455215008 nan
-11.0501982155 nan
0.656312641879 nan
-12.2480242445 nan
7.58313127619 nan
-11.6187563653 nan
2.46267398478 nan
-12.641197066 nan
5.80523438167 nan
-11.3453942871 nan
5.1821055742 nan
-7.40305207922 nan
3.57976911128 nan
-6.67043930031 nan
5.97068152753 nan
-5.3834741366 nan
3.15183134484 nan
-7.13459297509 nan
6.10093350373 nan
-4.01387428472 nan
3.50075376432 nan
-3.15299997025 nan
-4.51534146997 nan
-6.64643152414 nan
0.0679755630237 nan
-3.71358450279 nan
-8.29953984811 nan
-2.83914225954 nan
6.48192639422 nan
0.639616476822 nan
27.2230046867 nan
-3.4098721727 nan
-2.72781532223 nan
-1.05292946243 nan
0.740539812298 nan
-0.536457742675 nan
-1.92232547596 nan
-4.27811359846 nan
4.30544922077 nan
-4.72896687586 nan
-1.22486924781 nan
-1.96984971675 nan
-9.99680650042 nan
-3.22179879348 nan
-1.92707682627 nan
-6.98680410624 nan
-1.9966552599 nan
-5.01005143629 nan
-4.74039375409 nan
-9.26440210203 nan
-6.63344739033 nan
-7.89372543316 nan
-8.22257949205 nan
-6.68847857665 nan
-4.88654799349 nan
-8.14925100044 nan
-3.11335048836 nan
-6.29863041676 nan
-7.59417981644 nan
-6.50487601298 nan
-7.82599085664 nan
-7.3095334111 nan
-12.9193325729 nan
-11.4301355625 nan
-3.94116323403 nan
-15.1297007216 nan
-9.72397547816 nan
-13.4944484389 nan
-2.92886027433 nan
-15.6029282255 nan
-11.6450829513 nan
-15.7944553863 nan
-9.58655238322 nan
-19.2274972102 nan
-6.12133518048 nan
-15.0746609602 nan
-18.4621897805 nan
-16.0891012761 nan
-2.9533760767 nan
-17.4295048803 nan
-16.6980891591 nan
-14.3882527199 nan
-12.2807036774 nan
-19.8997278536 nan
-5.03790002405 nan
-18.1410880936 nan
-9.59616854894 nan
-16.6032589486 nan
-6.47210296227 nan
-16.7927221023 nan
-8.83265322087 nan
-11.1200998924 nan
-4.8535675654 nan
-11.6538020994 nan
0.547890840496 nan
-11.60731415 nan
6.70066235108 nan
-6.70840301468 nan
-1.82278555111 nan
-5.90103720367 nan
7.56152764992 nan
-2.09057045415 nan
-3.85139171518 nan
-2.87543108354 nan
5.90922510207 nan
-1.89698807721 nan
3.51369511344 nan
-1.03551390821 nan
4.81969518307 nan
-2.0387245095 nan
4.74814571996 nan
1.63084236738 nan
13.5553398799 nan
-0.20158277573 nan
4.55693666914 nan
1.46283759595 nan
4.37233382354 nan
-2.75139243058 nan
8.6560034608 nan
1.12331259633 nan
11.1641382998 nan
1.07821353934 nan
5.8214271417 nan
7.13025872833 nan
12.9358500253 nan
0.671696105039 nan
1.3682563434 nan
-1.16860480411 nan
9.81258838435 nan
-4.29298454895 nan
6.91985057455 nan
-3.98425006904 nan
6.0479544329 nan
-0.160756252918 nan
7.11706656259 nan
-4.46038342688 nan
1.78748078541 nan
-5.61851248652 nan
3.43102535888 nan
-2.83681446237 nan
-0.867149201855 nan
-5.96616059058 nan
-2.52421723533 nan
-6.93074446004 nan
-1.38705223483 nan
-5.4601291984 nan
0.360403858262 nan
-4.7358045882 nan
-1.22204399448 nan
-7.461502307 nan
-3.1326115139 nan
-3.08890544873 nan
-13.8701448526 nan
-4.34436543611 nan
-14.4460666298 nan
-4.1593578921 nan
-14.5215454796 nan
-5.60452662975 nan
-10.5951772158 nan
-0.268159817265 nan
-16.1099952963 nan
-0.370463230334 nan
-14.6809642448 nan
-7.18911827844 nan
-22.1942312024 nan
-8.62398145307 nan
-23.8596707558 nan
-12.1924744182 nan
-27.6683161075 nan
-8.15406317886 nan
-11.9945341661 nan
-15.2219886866 nan
-15.0965928196 nan
-11.4999773859 nan
-14.1706625636 nan
-18.9910906402 nan
-7.22941602674 nan
-15.4985398885 nan
-12.0824383764 nan
-23.1463926357 nan
35.7221507772 nan
-23.359794417 nan
9.43314746596 nan
-18.9828528061 nan
0.057110947129 nan
-22.8856731378 nan
1.90473738803 nan
-20.3437705967 nan
14.5699253808 nan
-19.6696247998 nan
35.2347438167 nan
-20.7535437917 nan
-2.30824772472 nan
-15.3256394254 nan
-7.2166768508 nan
-12.8150755737 nan
-0.520538567356 nan
-9.31494921246 nan
-6.18664329427 nan
-7.67443387157 nan
1.11997820718 nan
-7.67412550474 nan
4.64766490473 nan
-11.3182792311 nan
1.53309197397 nan
-8.62950163123 nan
7.03907806705 nan
-11.834403385 nan
4.47985817538 nan
-5.38978943661 nan
1.34821714093 nan
-5.94557422496 nan
5.9373262123 nan
-5.68390229387 nan
2.22012435315 nan
-2.89502496426 nan
8.553753868 nan
-6.52836636005 nan
1.28969144125 nan
-2.65476191538 nan
3.51736614184 nan
-3.06767253561 nan
-1.47037375797 nan
-7.31922479018 nan
4.26243510832 nan
-8.35293664903 nan
0.803505878786 nan
-4.66780458102 nan
6.68853147746 nan
-5.60903257051 nan
-2.41495018837 nan
-8.57511650018 nan
5.46549795719 nan
-11.2847046868 nan
-1.73204104421 nan
-8.56332435385 nan
1.31010718797 nan
-2.6801451571 nan
-1.53425682839 nan
-2.34819164962 nan
1.33884728183 nan
1.03766277031 nan
-2.5201632873 nan
1.98963924582 nan
-8.48449380307 nan
5.63039075869 nan
2.98776685392 nan
7.88533469645 nan
4.97626260666 nan
10.9820391189 nan
10.4853189488 nan
10.2810956706 nan
-0.00429492398858 nan
16.6346001105 nan
-6.28289229247 nan
12.9686337663 nan
-4.93522207492 nan
12.7212938652 nan
-8.21458059062 nan
8.66783729771 nan
-9.98909137938 nan
2.16542375978 nan
-1.35315561515 nan
2.58510064509 nan
-5.12295737021 nan
0.851609775117 nan
-1.83890796662 nan
-5.59392866296 nan
-3.36168291506 nan
-5.58953161935 nan
-8.70983714769 nan
-6.88526321772 nan
-2.37103217989 nan
-8.11971397996 nan
-1.00785669697 nan
-10.1914358585 nan
-15.008053999 nan
-13.4476516519 nan
-0.416177903307 nan
-16.3155412528 nan
-2.41405974921 nan
-15.3444296436 nan
-0.0177897874934 nan
-17.5357983284 nan
1.96220571831 nan
-14.1906676661 nan
-7.83326983089 nan
-18.7823463202 nan
0.0578758199408 nan
-15.6789257515 nan
-2.39773571601 nan
-13.69883073 nan
-2.20999636534 nan
-12.4396317257 nan
-8.73630027639 nan
-8.17472416488 nan
-9.05942488431 nan
-9.21361926013 nan
-0.900427986274 nan
-11.6772139567 nan
-3.73520964167 nan
-9.31429868881 nan
-0.656528706287 nan
-9.40230358429 nan
-7.76506617002 nan
-5.87228819574 nan
-9.97225291141 nan
-8.69992759616 nan
-2.61885680307 nan
-8.86575351993 nan
1.86781265854 nan
-8.21448491389 nan
-1.67794558851 nan
-7.51889234876 nan
-5.27570392468 nan
-4.00612790063 nan
-7.51092768298 nan
-12.328700409 nan
-5.10537031278 nan
-12.4788289343 nan
-7.31256090703 nan
-9.23735413672 nan
-6.39607750596 nan
-14.8003748205 nan
-10.5043987123 nan
-14.1020576952 nan
-2.23536422152 nan
-8.91088982384 nan
-5.40047290998 nan
-11.5835499086 nan
2.98942000977 nan
-10.0067927712 nan
0.0834079845675 nan
-6.69005409668 nan
-5.09936107612 nan
-9.94619640569 nan
7.04568818634 nan
-7.45961877709 nan
-0.0591316477917 nan
-6.42499393961 nan
2.47807528531 nan
-5.21695096553 nan
-3.47219127553 nan
-5.12567871763 nan
-6.01231241539 nan
-3.44919679755 nan
1.44466282795 nan
-4.7318118876 nan
-1.27962329744 nan
-4.07786089224 nan
-3.79860442544 nan
-4.36184787236 nan
-0.159500711809 nan
-8.817376903 nan
6.77287495536 nan
-1.64854756401 nan
4.67877119431 nan
-0.709714737525 nan
6.06833794102 nan
-10.7102060619 nan
-35.1731780824 nan
-12.6819923287 nan
-0.906010052084 nan
-8.96980701749 nan
1.35593151986 nan
-10.689769862 nan
0.454661086412 nan
-11.7008284194 nan
6.64107039687 nan
-7.88199582989 nan
-1.49442835883 nan
-9.36765237618 nan
4.35030995849 nan
-8.37654030967 nan
-0.921862161811 nan
-5.40348674564 nan
-9.24381016329 nan
-6.41015512047 nan
0.843112577356 nan
-5.89032519125 nan
-2.46947719707 nan
-2.54889574316 nan
-9.67868997133 nan
-2.53520216337 nan
1.28272317348 nan
-1.86447505564 nan
-13.5656206247 nan
-2.91306106329 nan
-11.6065687797 nan
-3.31730735765 nan
-14.4061310718 nan
-2.3303649492 nan
-12.9898678535 nan
-1.17976803607 nan
-14.1647346251 nan
-3.07567031801 nan
-22.4401301094 nan
-6.41764822601 nan
-13.6692840186 nan
-4.61538844803 nan
-18.6498833569 nan
-9.16223713645 nan
-19.9608775498 nan
-13.956927121 nan
-15.680668252 nan
-17.720131077 nan
-7.93266998745 nan
-15.9891839672 nan
-2.55619315106 nan
-15.8304780142 nan
-16.359222865 nan
-19.5025547787 nan
-13.4316353112 nan
-19.4320993414 nan
-11.8024946602 nan
-19.4584622258 nan
-13.2620059759 nan
-21.7649184339 nan
34.9598753324 nan
-24.9240562906 nan
51.2499962658 nan
-28.3464142988 nan
48.980917819 nan
-28.2848749098 nan
-5.46275769007 nan
-21.422183591 nan
-8.31721945398 nan
-22.7657928245 nan
-5.9333302083 nan
-22.8489993853 nan
-13.3118004157 nan
-13.9162988305 nan
-5.35771946042 nan
46.709279215 nan
0.903041438347 nan
49.8568233188 nan
4.32020989915 nan
51.6061647435 nan
-6.04569142771 nan
45.4016954358 nan
3.12207610009 nan
-14.3843373742 nan
-3.79966190067 nan
-11.6849662151 nan
5.07600521524 nan
-4.45001549401 nan
13.4761681126 nan
-4.76950843696 nan
16.4226151764 nan
-2.2160011737 nan
-2.5194303575 nan
1.98666608518 nan
5.44120651054 nan
0.475831750689 nan
6.2096653378 nan
-1.72266696689 nan
0.628680453977 nan
3.21925312634 nan
-0.108849823416 nan
1.78231713835 nan
8.68503832131 nan
-0.0619855334662 nan
-3.67347382063 nan
-1.36045544525 nan
-2.2374425868 nan
-0.381124933415 nan
-3.97539003884 nan
-7.69920964876 nan
-2.85616534721 nan
-8.1185788817 nan
0.849455530656 nan
-5.43279426023 nan
-2.3214815215 nan
-7.80016791049 nan
-19.6863332746 nan
-12.3224653412 nan
-3.38396021174 nan
-10.92376908 nan
-6.78158729892 nan
-11.580197817 nan
-9.83315764465 nan
-14.0104456378 nan
-15.1782495419 nan
-13.2676864564 nan
-2.44054647213 nan
-14.1015024465 nan
-0.722977190738 nan
-12.6193516721 nan
-3.35103143751 nan
-13.6374589036 nan
-1.55393309265 nan
-16.7780227226 nan
-3.90269079557 nan
-20.9724741263 nan
-1.32129392868 nan
-21.7485874944 nan
3.09391568068 nan
-20.1027728993 nan
4.7750976624 nan
-24.4569475336 nan
-0.539111658958 nan
-22.2000298959 nan
0.210156910553 nan
-21.8430967491 nan
-1.73156081633 nan
-23.7617898505 nan
3.73518388515 nan
-21.0815742653 nan
1.85852997372 nan
-20.6977296523 nan
7.34026212504 nan
-17.5615861512 nan
5.95430557965 nan
-17.9194196177 nan
3.25644441153 nan
-15.730762338 nan
2.27161594329 nan
-15.3702842441 nan
5.58275512407 nan
-10.7270998454 nan
1.37735008994 nan
-11.3659856977 nan
0.587382059701 nan
-9.39589445937 nan
-2.4805453413 nan
-9.16574811147 nan
2.73378996 nan
-3.25296727924 nan
