0.850000023842 0.340000003576 6.99064118227 4.40142575152
0.850000023842 0.340000003576 5.7601735531 4.63874159932
0.850000023842 0.340000003576 -1.98062671914 4.58416874781
0.850000023842 0.340000003576 4.14094723167 4.68623768542
0.820000052452 -0.340000003576 6.67471391791 5.24151936716
0.850000023842 0.340000003576 0.706741755613 4.90664933443
0.850000023842 0.340000003576 4.69362919131 5.31426525337
0.850000023842 0.340000003576 7.36071729048 4.45307795861
0.850000023842 0.340000003576 2.95754171023 5.36749634501
0.850000023842 0.340000003576 5.17319596891 4.65760502999
0.850000023842 0.340000003576 7.0019484442 4.01345187405
0.850000023842 0.340000003576 7.3281071206 4.4072306699
0.850000023842 0.340000003576 4.71809411236 4.62920382505
0.850000023842 0.340000003576 6.35998620373 4.31083244985
0.850000023842 0.340000003576 4.51167640681 5.37344293155
0.850000023842 0.340000003576 4.72216770473 4.47543061301
0.850000023842 0.340000003576 4.51968104037 4.34268565044
0.850000023842 0.340000003576 6.63987996801 4.72859873949
0.850000023842 0.340000003576 2.9743917045 4.94155800977
0.850000023842 0.340000003576 1.08458284531 4.04055750383
0.850000023842 0.340000003576 8.29509501829 5.42486428557
0.820000052452 0.281818717718 5.50491098775 4.42507825978
0.850000023842 0.340000003576 2.97828116042 5.05707335164
0.850000023842 0.340000003576 5.40411183244 4.42854428604
0.850000023842 0.340000003576 2.94442909358 4.37136680754
0.850000023842 0.340000003576 5.17647873184 4.00184426003
0.820000052452 0.340000003576 5.40887328905 4.5343890973
0.850000023842 0.340000003576 5.40442196861 4.85787860919
0.850000023842 0.340000003576 4.46011376532 5.01791914013
0.850000023842 0.340000003576 5.33199523882 5.10791880282
0.850000023842 0.340000003576 6.80093097803 4.08696124235
0.850000023842 0.340000003576 4.80412109896 4.79614674877
0.850000023842 0.340000003576 9.08640796764 4.5174686957
0.850000023842 0.340000003576 12.3091996476 4.27481037697
0.850000023842 0.340000003576 7.00145928088 4.76278903354
0.850000023842 0.340000003576 5.50484676836 6.77498437421
0.850000023842 0.340000003576 7.22717492746 1.40956206408
0.850000023842 0.340000003576 3.98096695662 -0.485837757341
0.850000023842 0.340000003576 1.66723315257 -4.93461552976
0.850000023842 -0.117592573166 2.46442554605 -6.54670177794
0.850000023842 -0.340000003576 -3.4893605056 -8.04057069677
0.850000023842 -0.340000003576 6.49875354684 -32.0065923247
0.820000052452 -0.340000003576 -28.6455470337 -10.3970230849
0.850000023842 -0.340000003576 -24.5552040215 -27.7853089985
0.820000052452 -0.340000003576 -1.86868371757 -16.7212800835
0.790000081062 -0.340000003576 -14.2493184185 -22.7760968138
0.760000109673 -0.340000003576 -4.97040252247 -7.28719170889
0.730000138283 -0.340000003576 -7.11851912809 -41.6985204718
0.760000109673 0.340000003576 -1.89396839082 8.60182418472
0.730000138283 -0.340000003576 40.6469616461 -43.9693254129
0.760000109673 0.340000003576 40.4853007518 -5.77997434915
0.790000081062 0.340000003576 -41.126060284 38.722186611
0.820000052452 0.340000003576 -41.3388285766 35.3556534085
0.790000081062 -0.340000003576 -33.45208422 38.7672933868
0.760000109673 -0.340000003576 -50.5535480488 26.2372192919
0.730000138283 -0.340000003576 -41.1271712812 0.676149322592
0.700000166893 -0.340000003576 0.0 0.0
0.670000195503 -0.340000003576 0.0 0.0
0.700000166893 0.130081549287 0.0 0.0
0.730000138283 0.340000003576 0.0 0.0
0.760000109673 0.340000003576 0.0 0.0
0.730000138283 -0.056107763201 0.0 0.0
0.700000166893 -0.0730858594179 0.0 0.0
0.670000195503 -0.0664598867297 0.0 0.0
0.640000224113 -0.0581404641271 0.0 0.0
0.610202014446 -0.0499014668167 0.0 0.0
0.600000023842 -0.0441517084837 0.0 0.0
0.600000023842 -0.0436255298555 0.0 0.0
0.600000023842 -0.0435927696526 0.0 0.0
0.600000023842 -0.0435907356441 0.0 0.0
0.600000023842 -0.0435906052589 0.0 0.0
0.600000023842 -0.0435906052589 0.0 0.0
0.600000023842 -0.0435906052589 0.0 0.0
0.600000023842 -0.0435906052589 0.0 0.0
0.600000023842 -0.0435906052589 0.0 0.0
0.600000023842 -0.0435906052589 0.0 0.0
0.600000023842 -0.0435906052589 0.0 0.0
0.600000023842 -0.0435906052589 0.0 0.0
0.600000023842 -0.0435906052589 40.542673834 -52.7284609881
0.600000023842 -0.0435906052589 -1.45025297202 -16.0250086556
0.629999995232 0.340000003576 -1.55920310292 -17.270976335
0.659999966621 -0.340000003576 -0.993771288522 -6.77765386186
0.689999938011 -0.340000003576 0.0 0.0
0.659999966621 -0.340000003576 0.0 0.0
0.629999995232 0.340000003576 16.5079064388 0.800757340119
0.600000023842 0.340000003576 4.23421718317 0.853588811001
0.629999995232 0.340000003576 -47.8803057848 -5.47148509991
0.659999966621 0.340000003576 -48.5745417125 -5.14929920072
0.629999995232 -0.340000003576 -50.0892480994 -2.77669014886
0.600000023842 -0.340000003576 -62.2745359266 1.52941875214
0.600000023842 -0.340000003576 -1.34952076833 -9.35116138745
0.600000023842 -0.340000003576 -1.52255902954 -12.6570437931
0.629999995232 0.340000003576 -0.144259867418 -5.36296896271
0.659999966621 0.340000003576 40.5156511484 33.2587086606
0.689999938011 0.340000003576 15.2920857514 3.18816511335
0.719999909401 0.340000003576 21.6449651323 6.15528813907
0.749999880791 0.340000003576 33.4129241057 6.31592250377
0.77999985218 0.340000003576 -4.74161364915 20.1207193516
0.80999982357 0.340000003576 0.0 0.0
0.77999985218 0.340000003576 0.0 0.0
0.749999880791 -0.340000003576 0.0 0.0
0.719999909401 -0.340000003576 0.0 0.0
0.749999880791 -0.340000003576 0.0 0.0
0.766079962254 -0.110294505954 -3.72878026396 48.9802680372
0.736079990864 -0.0871048867702 2.19244322741 33.5769890115
0.706080019474 0.340000003576 -1.92293857623 27.2757309073
0.676080048084 0.340000003576 -40.6452047325 21.724383338
0.646080076694 0.340000003576 -47.2998080248 43.5876868469
0.616080105305 -0.340000003576 -47.2269405386 45.6630610768
0.600000023842 -0.340000003576 -46.9508384652 31.6392467464
0.600000023842 -0.340000003576 -47.8714872747 21.2574781616
0.600000023842 -0.340000003576 40.3446524358 5.69523048257
0.600000023842 -0.340000003576 42.9767899167 4.90761733302
0.629999995232 0.340000003576 67.6011199896 6.16544664566
0.659999966621 0.340000003576 40.6432837576 6.46876819529
0.689999938011 0.340000003576 40.8712335482 11.0185052101
0.719999909401 0.340000003576 40.4098495787 12.062596414
0.749999880791 0.340000003576 33.1787771528 1.93323481427
0.77999985218 0.340000003576 0.0 0.0
0.80999982357 0.340000003576 0.0 0.0
0.77999985218 -0.340000003576 0.0 0.0
0.749999880791 -0.340000003576 0.0 0.0
0.719999909401 -0.340000003576 40.3445527785 4.22565709756
0.73962444067 -0.102599874139 -37.5658924268 -20.7834587668
0.76962441206 0.340000003576 36.851591986 2.48857060264
0.73962444067 -0.340000003576 34.4150596431 3.51812681378
0.76962441206 0.340000003576 27.938041112 -1.96233694213
0.79962438345 0.340000003576 34.8954343524 -2.70553058899
0.829624354839 0.340000003576 9.57152281088 4.31298748909
0.850000023842 0.340000003576 25.2280297378 2.96326914132
0.820000052452 -0.166892498732 30.4449222871 1.81235900123
0.850000023842 0.340000003576 33.2975009231 1.52578038705
0.850000023842 0.340000003576 38.4112403702 0.00810344384023
0.850000023842 0.340000003576 56.495115959 5.500233415
0.850000023842 0.340000003576 67.2700749343 8.24614098531
0.850000023842 0.340000003576 33.3105198565 4.38893753099
0.850000023842 0.340000003576 54.9891291632 -1.9230814016
0.850000023842 0.340000003576 -49.0527855134 -0.432640584489
0.850000023842 0.340000003576 -5.78843884184 21.4642707535
0.820000052452 -0.340000003576 34.0950086546 -0.601808332337
0.790000081062 -0.340000003576 37.4820321402 -0.551240547077
0.820000052452 0.340000003576 40.2680388714 0.741757588193
0.850000023842 0.340000003576 30.5358003274 -8.9877885677
0.850000023842 0.340000003576 26.898673144 -11.0129475662
0.850000023842 0.340000003576 31.7538696098 -9.90069041338
0.850000023842 0.340000003576 34.3595589709 -10.1571598872
0.850000023842 0.340000003576 28.9027170561 -6.31055598801
0.850000023842 0.340000003576 28.6623198796 -5.53670566821
0.850000023842 0.340000003576 20.2421141582 -6.16046853273
0.850000023842 0.340000003576 19.5829230305 -10.4947570426
0.850000023842 0.340000003576 25.5335854471 -12.6528743003
0.850000023842 0.340000003576 -42.4756681244 -17.1153437929
0.850000023842 0.340000003576 20.31787847 -10.9286059253
0.820000052452 -0.340000003576 16.1252561762 -11.1239761785
0.850000023842 0.340000003576 14.9184254961 -14.1390104364
0.850000023842 0.340000003576 17.3394884557 -13.9694046821
0.850000023842 0.340000003576 21.6371384122 -13.9973432087
0.850000023842 0.340000003576 -54.0611183262 -18.9480232203
0.850000023842 0.340000003576 -53.9982958163 -12.4287665908
0.820000052452 -0.340000003576 5.45066717652 -13.4183894922
0.790000081062 -0.340000003576 5.52899279456 -14.0548202934
0.760000109673 -0.340000003576 -27.4676163132 -14.4040820953
0.790000081062 0.340000003576 20.5359022817 -15.4452272883
0.760000109673 -0.340000003576 8.61480207078 -13.810356758
0.790000081062 0.340000003576 6.50326621647 -17.2578044611
0.820000052452 0.298725575209 16.4669122357 -19.4028164311
0.850000023842 0.340000003576 15.3878732113 -15.6116857978
0.850000023842 0.0410213693976 18.2092076594 -16.7588905511
0.850000023842 0.340000003576 7.49040136728 -19.8045281595
0.850000023842 0.340000003576 11.1720791732 -20.509613479
0.850000023842 -0.340000003576 9.03082186551 -14.5324561048
0.850000023842 -0.340000003576 4.94075199566 -17.9093865847
0.850000023842 -0.340000003576 2.66132205745 -20.6744848953
0.850000023842 -0.340000003576 10.3885795533 -20.9061785236
0.820000052452 -0.340000003576 6.2974881816 -15.2594027237
0.850000023842 -0.340000003576 10.1382835927 -20.1126273337
0.850000023842 -0.340000003576 11.4568480898 -20.7322927889
0.850000023842 0.255927979946 5.72487781199 -18.9489668485
0.850000023842 -0.267326742411 2.08175840915 -19.3852589956
0.850000023842 -0.340000003576 -3.03706736225 -24.8357059654
0.820000052452 -0.340000003576 0.882037822238 -23.6250314719
0.790000081062 -0.340000003576 -2.21351364604 -22.0243557216
0.760000109673 -0.340000003576 1.01422989195 -18.872412153
0.730000138283 -0.340000003576 2.14670869648 -21.2367584186
0.760000109673 -0.340000003576 -58.0115897805 -25.4559466067
0.790000081062 -0.340000003576 -54.7284553927 -30.4962581828
0.760000109673 -0.340000003576 -53.1896450145 -27.3108633104
0.730000138283 -0.340000003576 -48.7007222134 -26.7305025824
0.700000166893 -0.340000003576 -48.3478815259 -26.3702452619
0.670000195503 -0.340000003576 -10.9453960192 -28.5149152164
0.640000224113 -0.340000003576 -47.5879247387 -19.4918651838
0.670000195503 -0.340000003576 -47.8938838397 -19.3463907824
0.640000224113 -0.340000003576 -13.8127422504 -35.1085147334
0.610000252724 -0.340000003576 -17.4063142156 -31.918326947
0.600000023842 -0.340000003576 -5.96033593095 -32.756279924
0.629999995232 -0.340000003576 -14.8469457841 -30.743532281
0.659999966621 -0.340000003576 -60.4652439474 -32.2978283828
0.629999995232 -0.340000003576 -14.8165749829 -32.0926365208
0.600000023842 -0.340000003576 -46.2377330815 -29.3075577595
0.600000023842 -0.340000003576 -25.6974982825 -29.8656461578
0.600000023842 -0.340000003576 -32.731392797 -26.3781559193
0.600000023842 -0.340000003576 -43.0537092041 -28.9739317977
0.600000023842 -0.340000003576 -27.1900565694 -31.2126776732
0.600000023842 -0.340000003576 -29.3769870419 -28.6314409186
0.600000023842 -0.340000003576 -22.4663812467 -27.0805563141
0.600000023842 -0.340000003576 -23.9397214578 -24.8821604002
0.600000023842 -0.340000003576 -35.3604129093 -23.9925781144
0.600000023842 -0.340000003576 -23.4854760116 -24.3667356221
0.600000023842 -0.340000003576 -21.3830069957 -25.1642814464
0.600000023842 -0.340000003576 -19.9480386949 -20.5498345661
0.600000023842 -0.340000003576 -34.1576700278 -19.9580328477
0.600000023842 -0.340000003576 -25.3504367794 -19.5984165785
0.600000023842 -0.340000003576 -16.0226086024 -21.8452003118
0.600000023842 -0.340000003576 -17.6929669908 -20.8934686791
0.600000023842 -0.340000003576 -19.9877606593 -14.7256652188
0.600000023842 -0.340000003576 -16.3710936028 -16.5006103712
0.600000023842 -0.340000003576 -22.539823034 -17.3155119186
0.600000023842 -0.340000003576 -18.6169511037 -19.2173985769
0.600000023842 -0.340000003576 -18.2773463094 -16.9261340149
0.600000023842 -0.340000003576 -9.36143839271 -13.6486418894
0.600000023842 -0.340000003576 -21.0852965727 -11.9670082039
0.600000023842 -0.340000003576 -9.29391750772 -11.0736299958
0.600000023842 -0.340000003576 15.5358850314 -12.0500665979
0.600000023842 -0.340000003576 -22.8291884136 -15.1038905935
0.629999995232 0.340000003576 -7.32539994174 -14.0960127624
0.600000023842 -0.340000003576 7.57194025617 -9.13496176304
0.600000023842 -0.340000003576 -8.81327444902 -8.49169263937
0.629999995232 -0.293698638678 -30.5028290968 -11.2261713119
0.600000023842 -0.340000003576 -5.07854721539 -11.6708493862
0.600000023842 -0.340000003576 -11.9412859592 -5.68704487974
0.600000023842 -0.340000003576 2.95495928065 -6.39011079288
0.600000023842 -0.340000003576 -4.62326794805 -4.04733803149
0.629999995232 0.340000003576 -7.45163585896 -3.08592759047
0.600000023842 -0.340000003576 -5.7968188966 -3.77902045537
0.600000023842 -0.340000003576 -38.3830193981 -1.19199523927
0.600000023842 -0.340000003576 -38.5849187989 0.615168723501
0.600000023842 -0.340000003576 -48.9701844706 14.6509850746
0.600000023842 -0.340000003576 1.48587138584 7.49858601208
0.600000023842 -0.340000003576 -8.81136745239 14.0882709152
0.629999995232 0.340000003576 -8.38787068101 15.6538935545
0.659999966621 0.340000003576 -51.4758559603 14.7648119175
0.689999938011 0.340000003576 -57.8001808022 15.7998416651
0.659999966621 -0.340000003576 5.91475897883 4.60893780206
0.629999995232 -0.340000003576 9.32173070612 6.66351516691
0.659999966621 0.340000003576 7.85334387381 8.27053423634
0.689999938011 0.340000003576 5.67920152295 9.04479260001
0.719999909401 0.340000003576 7.41106779484 9.85893626017
0.749999880791 0.340000003576 12.3981824441 13.1543514842
0.77999985218 0.340000003576 9.62655315627 14.3670419735
0.80999982357 0.340000003576 4.24431704973 14.714154722
0.83999979496 0.340000003576 12.0907339778 18.5315603641
0.80999982357 0.340000003576 6.04053329122 20.0517454253
0.83999979496 0.340000003576 8.85063720178 20.6940641174
0.850000023842 0.340000003576 10.049182287 20.1418221875
0.850000023842 0.340000003576 9.45211876832 19.3335795874
0.850000023842 0.340000003576 15.8261714629 22.9996222061
0.850000023842 0.340000003576 8.66090236471 22.8320756846
0.850000023842 0.340000003576 13.7911002826 18.5388120117
0.850000023842 0.340000003576 19.1759254959 19.2088178074
0.850000023842 0.340000003576 12.7666877626 19.5244762475
0.850000023842 0.340000003576 27.0082687199 22.5019096625
0.850000023842 0.340000003576 10.3741520088 21.1576173531
0.850000023842 0.340000003576 20.7391023859 22.3737986511
0.850000023842 0.340000003576 13.403795532 21.9359139724
0.850000023842 0.340000003576 30.6554437883 24.0446448803
0.850000023842 0.340000003576 17.5661503787 26.6573226224
0.850000023842 0.340000003576 67.3439446719 27.6390440019
0.850000023842 0.340000003576 53.2892953817 25.5421215757
0.850000023842 0.340000003576 31.9895991776 27.7441220824
0.850000023842 0.340000003576 35.9282621681 27.1922770386
0.850000023842 0.340000003576 -45.2858943806 26.0598345017
0.850000023842 0.340000003576 -44.7999128554 26.8881469458
0.820000052452 -0.340000003576 60.1262064262 25.691693787
0.790000081062 -0.340000003576 46.2775310112 27.4615987965
0.820000052452 0.340000003576 48.1488485718 26.3270447544
0.850000023842 0.340000003576 33.1567193667 25.4495306277
0.850000023842 0.340000003576 4.07864546837 21.4916265697
0.850000023842 0.340000003576 44.0356947401 21.1044944576
0.820000052452 -0.340000003576 22.1783506567 22.0067295463
0.850000023842 0.340000003576 13.106317895 20.7594334578
0.850000023842 0.340000003576 17.3545497745 21.3240932822
0.850000023842 0.340000003576 19.2935168318 17.9104726713
0.820000052452 0.340000003576 -42.9467108899 -12.1751753386
0.850000023842 0.340000003576 12.1007254506 6.69918095919
0.820000052452 -0.340000003576 9.82842211236 5.30206198536
0.850000023842 0.340000003576 16.6712249059 3.68198046057
0.850000023842 0.340000003576 13.5109006984 3.25797313609
0.850000023842 0.340000003576 14.26857686 4.59759069225
0.850000023842 0.340000003576 11.2020684251 15.9982752922
0.850000023842 0.340000003576 -53.0669060181 -17.1738668305
0.850000023842 0.340000003576 -53.3347312477 -6.81177541683
0.820000052452 -0.340000003576 14.0984249916 14.487392521
0.790000081062 -0.340000003576 17.8475542779 15.6478594162
0.820000052452 0.340000003576 11.9820203823 14.4309096298
0.850000023842 0.340000003576 36.2890802027 14.543757421
0.850000023842 0.340000003576 17.0068849272 14.8923892795
0.850000023842 0.340000003576 13.9140826824 15.345590315
0.850000023842 0.340000003576 14.7789198379 15.1536014422
0.850000023842 0.340000003576 14.2170826084 17.8077758241
0.850000023842 0.340000003576 19.2765500136 14.7627930231
0.850000023842 0.340000003576 14.9356577455 14.574820264
0.850000023842 0.340000003576 16.7835429495 15.5722727539
0.850000023842 0.340000003576 15.4494547433 16.3282544522
0.850000023842 0.340000003576 16.204693471 15.6197607943
0.850000023842 0.340000003576 17.1743265178 16.9887805865
0.850000023842 0.340000003576 14.208683314 16.3186565625
0.850000023842 0.340000003576 14.4438883168 14.8072800241
0.850000023842 0.340000003576 74.893301815 -2.04377186079
0.850000023842 0.340000003576 8.09222683836 17.3619467253
0.850000023842 0.340000003576 68.3837979186 9.0753334895
0.850000023842 0.340000003576 23.7992241294 16.7916854697
0.850000023842 0.340000003576 2.85300798299 17.6494556658
0.820000052452 0.340000003576 21.7437133244 15.1772513316
0.790000081062 0.340000003576 -47.6926970762 -8.62074638206
0.760000109673 0.340000003576 -45.9286642093 -25.68365508
0.730000138283 -0.340000003576 5.18516989754 10.1790534344
0.700000166893 -0.340000003576 10.7262985494 10.8823128827
0.670000195503 0.0775482133031 10.1410768238 11.4108179022
0.700000166893 0.340000003576 14.0553067165 1.66595284227
0.730000138283 0.340000003576 -44.0726145111 -8.66990463873
0.760000109673 0.340000003576 -48.4456168734 -1.29518678055
0.730000138283 -0.340000003576 3.13830843644 1.59405809281
0.700000166893 -0.340000003576 6.91721144357 0.539185787021
0.670000195503 -0.340000003576 3.46535622422 -0.243177003972
0.700000166893 0.340000003576 4.85235304663 -2.48035327248
0.730000138283 0.340000003576 11.7909513578 3.83472949195
0.760000109673 0.340000003576 0.485148235022 1.01479360347
0.790000081062 0.340000003576 1.30679663987 1.82823990322
0.760000109673 -0.0443255454302 0.114504554288 -0.406810639345
0.730000138283 0.340000003576 -1.63576670193 -2.35937891991
0.700000166893 -0.340000003576 -5.82534037986 -2.48332411667
0.670000195503 -0.340000003576 -1.10338389911 -3.17401198992
0.640000224113 -0.340000003576 -11.4300016105 -1.60760694138
0.610000252724 -0.340000003576 -1.71212977208 -5.24209768736
0.600000023842 -0.340000003576 -3.86356876457 -10.4006690444
0.629999995232 -0.340000003576 -3.11381729314 -9.34101847698
0.600000023842 -0.340000003576 -3.85958293688 -10.5709928601
0.629999995232 -0.340000003576 -0.858395012464 -10.2868704895
0.600000023842 -0.340000003576 0.504382003292 -12.6296025262
0.629999995232 -0.340000003576 -11.7964311378 -16.9454045718
0.659999966621 -0.340000003576 -2.77292910056 -16.2409476256
0.629999995232 -0.340000003576 -0.978403473674 -16.6377829455
0.600000023842 -0.340000003576 -3.3572844532 -17.9963525828
0.600000023842 -0.340000003576 2.93684460771 -19.4612769085
0.629999995232 -0.340000003576 1.82825529321 -17.7493096402
0.659999966621 -0.340000003576 -56.7153036751 -15.5821678202
0.689999938011 -0.340000003576 -7.69808517739 -18.6850914683
0.659999966621 -0.340000003576 -2.08327399453 -16.3616325887
0.629999995232 -0.340000003576 -59.2225534179 -15.7743111419
0.600000023842 -0.340000003576 -16.162157555 -14.5442185001
0.600000023842 -0.340000003576 -16.8363267631 -13.3814908441
0.600000023842 -0.340000003576 -7.7138009924 -12.8388503299
0.600000023842 -0.340000003576 -3.32341077669 -13.4917223456
0.629999995232 0.340000003576 -4.79297586007 -11.6213549971
0.659999966621 -0.340000003576 -3.67436943438 -12.5281281039
0.689999938011 -0.340000003576 -2.15990489367 -10.853784042
0.659999966621 -0.340000003576 1.07914169496 -10.1437459477
0.629999995232 -0.340000003576 -4.12239090285 -10.9040650769
0.659999966621 -0.340000003576 -0.31415120875 -8.53518804721
