0.80999982357 0.340000003576 12.0030228616 24.2319422371
0.83999979496 0.340000003576 23.3156196224 25.0126703202
0.850000023842 0.340000003576 16.5893814441 20.2492795697
0.850000023842 0.340000003576 9.14667986032 24.5304644882
0.850000023842 0.340000003576 10.6498423848 21.3217144493
0.850000023842 0.340000003576 -35.7525015606 21.3007806436
0.850000023842 0.340000003576 -37.1831178362 20.3382308732
0.820000052452 -0.340000003576 -39.4633590367 20.401168316
0.790000081062 -0.340000003576 -39.796276594 21.1839179494
0.760000109673 -0.340000003576 -40.8723051891 20.5210563831
0.730000138283 -0.340000003576 -43.9594701156 22.2049730782
0.700000166893 -0.340000003576 -49.0653420797 22.9453017586
0.670000195503 -0.340000003576 17.2639143092 22.5896946037
0.640000224113 -0.340000003576 23.4602050817 24.3086621588
0.670000195503 0.340000003576 16.2787664134 27.0929353376
0.700000166893 0.340000003576 16.3171999003 23.1717379527
0.730000138283 0.340000003576 15.5283970542 23.7214473993
0.760000109673 0.340000003576 25.5592413669 22.0096518668
0.790000081062 0.340000003576 14.3231583217 22.9752603276
0.820000052452 0.340000003576 10.955095785 22.4953808333
0.850000023842 0.340000003576 11.8218461786 23.9683146948
0.850000023842 0.340000003576 -40.231651155 -9.87221987094
0.850000023842 0.340000003576 -38.8129381571 -18.9842959948
0.820000052452 -0.340000003576 -34.661348229 -20.118686345
0.790000081062 -0.340000003576 -34.9047117004 -19.5971789454
0.760000109673 -0.340000003576 -34.8580145937 -16.9495352183
0.730000138283 -0.340000003576 -37.3655114769 -16.2700088596
0.700000166893 -0.340000003576 -1.30876014754 -15.7641636981
0.670000195503 -0.340000003576 -40.8173616949 -17.1101541245
0.700000166893 0.340000003576 -52.3203040595 -6.12049872575
0.670000195503 -0.340000003576 -65.3634828444 23.44420082
0.640000224113 -0.340000003576 11.7344940534 24.9707818259
0.610000252724 -0.340000003576 23.9504463849 32.9378653415
0.640000224113 0.340000003576 40.3783737735 32.677961074
0.670000195503 0.340000003576 35.9144154392 31.8339722919
0.700000166893 0.340000003576 22.9130319013 31.1070063278
0.730000138283 0.340000003576 19.8866415797 25.2986671072
0.760000109673 0.340000003576 19.5829093703 25.6290870559
0.790000081062 0.340000003576 32.1610498061 27.6990876345
0.820000052452 0.340000003576 34.9206849496 28.2275830186
0.850000023842 0.340000003576 -39.9125189003 26.8627868252
0.850000023842 0.340000003576 -37.6230390903 25.9094253763
0.820000052452 -0.340000003576 -38.0570331765 26.6256712603
0.790000081062 -0.340000003576 -37.6368969169 28.4094759088
0.760000109673 -0.340000003576 20.7868622015 31.9179769837
0.730000138283 -0.340000003576 34.9241660955 34.1173754816
0.760000109673 0.340000003576 23.9211785428 32.2151902796
0.790000081062 0.340000003576 25.4762453716 31.2894562999
0.820000052452 0.340000003576 34.3627398611 25.4856997912
0.850000023842 0.340000003576 -53.2125458794 20.2581394771
0.850000023842 0.340000003576 -52.1116753749 -5.56765130559
0.820000052452 -0.340000003576 -44.8187234161 -31.3690786101
0.790000081062 -0.340000003576 -38.5805373374 -19.8334774381
0.760000109673 -0.340000003576 -37.6654315631 -19.15820232
0.730000138283 -0.340000003576 -36.2719154088 -14.9133183855
0.700000166893 -0.340000003576 -37.4100374776 -15.004571595
0.670000195503 -0.340000003576 -50.3042523788 -11.922911439
0.640000224113 -0.340000003576 24.3200700373 -15.6821090184
0.610000252724 -0.340000003576 40.3417394545 1.75707209277
0.640000224113 0.340000003576 80.1336934609 23.5993687695
0.670000195503 0.340000003576 24.0355287998 27.9846376532
0.700000166893 0.340000003576 49.9513596761 19.1426588515
0.730000138283 0.340000003576 33.8856899857 14.3269491287
0.760000109673 0.340000003576 53.5780195885 7.38402559563
0.790000081062 0.340000003576 40.5118073534 0.134076342541
0.820000052452 0.340000003576 -47.2451068081 -8.59901107984
0.850000023842 0.340000003576 -45.2781475362 -11.9945730194
0.820000052452 -0.340000003576 -41.0880377998 -11.8047502466
0.790000081062 -0.340000003576 -50.6697892261 -30.9461397092
0.760000109673 -0.340000003576 -52.8105511216 -34.4100363202
0.730000138283 -0.340000003576 -0.363967087594 -37.4249492906
0.700000166893 -0.340000003576 -10.9527039619 -32.5891035818
0.730000138283 -0.340000003576 -14.1924297769 -28.2702021926
0.760000109673 -0.340000003576 -1.38510780549 -26.5888350699
0.790000081062 -0.340000003576 3.7595293791 -23.0348935244
0.760000109673 -0.340000003576 -3.69122868391 -6.17728216202
0.790000081062 0.144019126892 0.558341861118 -6.68288061849
0.760000109673 0.340000003576 -4.62636886705 -5.66318289079
0.730000138283 0.340000003576 -51.4324633935 -23.4479507259
0.700000166893 -0.340000003576 -57.1131189102 -37.3969739504
0.670000195503 -0.340000003576 -56.6633004859 -33.2924405388
0.640000224113 -0.340000003576 -55.8875853831 -31.1955625474
0.610000252724 -0.340000003576 -55.3189120505 -26.8468120587
0.600000023842 -0.340000003576 -55.0671869139 -23.5883659187
0.600000023842 -0.340000003576 -51.3453230307 -21.3646111091
0.600000023842 -0.340000003576 -46.5182422206 -23.0625223917
0.600000023842 -0.340000003576 40.3549894546 -9.88768704243
0.600000023842 -0.340000003576 -34.6708093126 -5.66068999212
0.629999995232 0.340000003576 7.33109377724 11.2951939145
0.600000023842 -0.340000003576 -8.34755274749 0.163656369628
0.629999995232 0.340000003576 -3.37262988971 -1.2671719536
0.600000023842 -0.340000003576 -20.4799494332 -1.2714347981
0.629999995232 0.340000003576 -14.3069935177 8.59073570462
0.600000023842 -0.340000003576 -36.3248545434 13.0434537859
0.600000023842 -0.340000003576 69.9033849736 -9.20552751999
0.600000023842 -0.340000003576 -4.38589060577 -15.8026007281
0.629999995232 0.340000003576 -49.682392562 -3.37594656236
0.659999966621 -0.340000003576 -52.1525338539 17.3870686261
0.629999995232 -0.340000003576 -49.2806184142 19.1011947858
0.600000023842 -0.340000003576 -48.9957344559 18.8678687915
0.600000023842 -0.340000003576 -47.5340264919 18.3921795232
0.600000023842 -0.340000003576 4.08959810913 -30.3248022372
0.600000023842 -0.340000003576 25.5744223535 -28.2519794034
0.629999995232 -0.340000003576 7.85420464093 -28.0811043016
0.659999966621 0.340000003576 10.286403208 -25.986570049
0.689999938011 -0.130062267184 17.7460233561 -32.7226084956
0.719999909401 -0.251973539591 21.8695912569 -31.7477235164
0.749999880791 -0.340000003576 40.4378979414 -31.2306711992
0.77999985218 0.340000003576 32.6511122069 -30.0766556907
0.80999982357 0.340000003576 22.0238601872 -30.2045420125
0.83999979496 0.340000003576 17.9325427899 -34.3854397377
0.850000023842 0.340000003576 34.284088975 -34.5181080219
0.850000023842 -0.340000003576 22.0093401744 -33.1277825153
0.850000023842 0.340000003576 33.2575230546 -34.5047142691
0.850000023842 -0.0520058274269 20.1864229365 -35.4568782076
0.850000023842 0.340000003576 53.1854904544 -35.595896508
0.850000023842 -0.340000003576 21.4771201223 -27.5178131577
0.850000023842 0.340000003576 28.3893558537 -19.5008954047
0.850000023842 0.168399184942 21.9656050851 -20.7525163475
0.850000023842 0.340000003576 18.5749401282 -21.6593536908
0.850000023842 -0.293908506632 25.9414317753 -25.500970074
0.850000023842 0.340000003576 22.8645017954 -25.4677470789
0.850000023842 0.340000003576 20.765791257 -23.4742170051
0.850000023842 0.340000003576 24.2698513953 -20.7472072763
0.850000023842 0.340000003576 19.2647358812 -23.8622557412
0.850000023842 0.340000003576 31.0281084172 -20.520635191
0.850000023842 0.340000003576 -18.8766098081 46.9008903348
0.850000023842 0.340000003576 5.50174852162 36.4800526025
0.820000052452 0.340000003576 61.4357751472 44.5963336322
0.790000081062 0.340000003576 0.636221123536 39.4153638074
0.820000052452 0.340000003576 -4.38490425185 43.0928064354
0.850000023842 0.340000003576 2.06157775525 6.09415831757
0.820000052452 0.340000003576 35.2174747892 -11.8968744936
0.790000081062 -0.340000003576 14.4521398954 -15.9228576601
0.820000052452 0.340000003576 7.89200742375 -17.4141658951
0.850000023842 -0.340000003576 -0.0660318841059 -18.2397608135
0.850000023842 -0.340000003576 9.29813216629 -16.7823808837
0.820000052452 -0.340000003576 8.9871922556 -14.2738879288
0.850000023842 -0.340000003576 3.51656422336 -15.0107456746
0.850000023842 0.307485491037 9.98897373094 -16.2852046822
0.850000023842 -0.340000003576 6.87342614393 -14.1044170927
0.850000023842 -0.0360910631716 -43.3211622129 -16.7004429647
0.850000023842 -0.340000003576 -47.7805186057 -22.9128007461
0.820000052452 -0.340000003576 -47.9500180551 -25.7922628482
0.790000081062 -0.340000003576 20.7127446529 -21.3155876214
0.760000109673 -0.340000003576 -4.41662849668 -21.7181486075
0.790000081062 0.340000003576 -7.06844077177 -23.5953794739
0.820000052452 0.340000003576 4.84478262595 -26.3489110831
0.850000023842 0.033924434334 -3.85822148494 -30.4028820036
0.820000052452 -0.340000003576 26.8384143214 -30.1205280279
0.790000081062 -0.340000003576 -7.21659876064 -33.6019103479
0.820000052452 0.340000003576 -19.5005767406 -31.9395581765
0.790000081062 -0.340000003576 -7.44311787404 -32.918738845
0.760000109673 -0.340000003576 -8.86243706525 -31.8797134281
0.730000138283 -0.340000003576 -22.8590332421 -30.4208234589
0.700000166893 -0.340000003576 -7.06325002834 -29.4125120514
0.670000195503 -0.340000003576 -13.0060307297 -30.8228245492
0.640000224113 -0.340000003576 -14.9792695811 -29.8490675556
0.610000252724 -0.340000003576 -20.4801813242 -29.7590268095
0.600000023842 -0.340000003576 -25.3280555288 -28.5199765352
0.600000023842 -0.340000003576 -26.9491300306 -26.7724862823
0.600000023842 -0.340000003576 -27.2412995151 -27.8296391589
0.600000023842 -0.340000003576 -29.3683070583 -25.5979000011
0.600000023842 -0.340000003576 -31.7374729699 -25.947082875
0.600000023842 -0.340000003576 -39.2943320938 -26.9022427897
0.600000023842 -0.340000003576 -36.4634862931 -27.1778680959
0.600000023842 -0.340000003576 -30.1900126561 -26.7281180333
0.600000023842 -0.340000003576 -26.1421599237 -27.3842651402
0.600000023842 -0.340000003576 -28.0644222831 -25.9735301511
0.600000023842 -0.340000003576 -25.9456365942 -25.4210181948
0.600000023842 -0.340000003576 -30.7693795287 -24.8206236778
0.600000023842 -0.340000003576 -29.9696564134 -24.3897651288
0.600000023842 -0.340000003576 -33.342321956 -23.0310670265
0.600000023842 -0.340000003576 -25.8553697403 -24.5568676734
0.600000023842 -0.340000003576 -26.0829179302 -18.1100014897
0.600000023842 -0.340000003576 -28.6499311295 -19.2270815912
0.600000023842 -0.340000003576 -38.7769817396 -14.3585491163
0.600000023842 -0.340000003576 -26.8179455274 -12.3442535345
0.600000023842 -0.340000003576 -20.8137951948 -10.3883026213
0.600000023842 -0.340000003576 -21.3815721209 -11.0621385057
0.600000023842 -0.340000003576 -24.3492462557 -11.2527624231
0.600000023842 -0.340000003576 -24.2036511268 -9.69789015206
0.600000023842 -0.340000003576 -20.5468940235 -7.65179103944
0.600000023842 -0.340000003576 -22.011871879 -7.78190786345
0.600000023842 -0.340000003576 -19.1735900721 -7.24503707088
0.600000023842 -0.340000003576 -2.17880341946 -6.7669758642
0.600000023842 -0.340000003576 -17.3876133271 -4.19533052236
0.629999995232 0.340000003576 -14.6176761232 -5.60405574191
0.600000023842 -0.340000003576 -23.2483280546 -2.85961739998
0.600000023842 -0.340000003576 -18.0076210779 -3.74247900287
0.600000023842 -0.340000003576 -20.951869684 -5.03475478746
0.600000023842 -0.340000003576 -16.5465447509 -3.20787764351
0.600000023842 -0.340000003576 -14.7682278325 -2.1830535936
0.600000023842 -0.340000003576 -15.5452328861 -3.64242446392
0.600000023842 -0.340000003576 -12.8284003352 -3.13363845882
0.600000023842 -0.340000003576 -17.511854655 -2.6031940155
0.600000023842 -0.340000003576 -9.4496672859 1.59878349251
0.600000023842 -0.340000003576 -4.32744347908 0.681464497428
0.600000023842 -0.340000003576 -11.3497425449 0.131777698925
0.600000023842 0.340000003576 0.0809673054899 2.94219674706
0.600000023842 -0.340000003576 -12.3862383488 2.90919944965
0.629999995232 0.340000003576 -47.6785114548 9.21296383441
0.600000023842 -0.340000003576 -50.6579676892 18.5577452219
0.600000023842 -0.340000003576 -53.9351593131 19.0948478481
0.600000023842 -0.340000003576 -51.6306998335 15.9865623822
0.600000023842 -0.340000003576 -2.31970385345 10.8424335858
0.600000023842 -0.340000003576 0.662087029828 14.8062987825
0.629999995232 0.340000003576 -45.3678741096 16.1493478316
0.659999966621 0.340000003576 -46.146754241 16.852660306
0.629999995232 -0.340000003576 -46.3484385236 16.2713721567
0.600000023842 -0.340000003576 4.6531100693 17.8331881151
0.600000023842 -0.340000003576 3.91671286594 15.439971115
0.629999995232 0.340000003576 9.36049467564 18.5052565391
0.659999966621 0.340000003576 11.6794018863 20.6367152703
0.689999938011 0.340000003576 5.1872795788 21.6156473228
0.719999909401 0.340000003576 6.9372609808 22.7316876615
0.749999880791 0.340000003576 11.4967759393 25.0308811419
0.77999985218 0.340000003576 31.3955182116 25.4784547634
0.80999982357 0.340000003576 24.805032595 24.418501242
0.83999979496 0.340000003576 13.4661419275 27.1528236135
0.850000023842 0.340000003576 20.0097280526 29.4558714368
0.850000023842 0.340000003576 17.9781653472 27.4264786907
0.850000023842 0.340000003576 16.5411957241 26.9613510651
0.850000023842 0.340000003576 20.1809821242 29.9346711616
0.850000023842 0.340000003576 16.7859440796 29.513478989
0.850000023842 0.340000003576 15.1479946789 30.5034012243
0.850000023842 0.340000003576 40.0119156159 32.751422653
0.850000023842 0.340000003576 35.1966648997 31.3443099531
0.850000023842 0.340000003576 26.5103685281 28.403634318
0.850000023842 0.340000003576 34.671512552 30.422805435
0.850000023842 0.340000003576 19.3590902542 31.2547812407
0.850000023842 0.340000003576 40.1623215759 30.9194326616
0.850000023842 0.340000003576 40.1865660639 30.3832864547
0.850000023842 0.340000003576 40.0965476266 29.5053391339
0.850000023842 0.340000003576 26.3665381821 29.0493773152
0.850000023842 0.340000003576 40.1164445543 27.9190376944
0.850000023842 0.340000003576 36.469432101 28.8595312307
0.850000023842 0.340000003576 46.8956061274 26.5698745309
0.850000023842 0.340000003576 32.692755971 27.7512966521
0.850000023842 0.340000003576 40.1936485223 23.872956941
0.850000023842 0.340000003576 36.2895246233 28.5483100535
0.850000023842 0.340000003576 35.9429758987 25.605746716
0.850000023842 0.340000003576 50.7844532829 26.7543155197
0.850000023842 0.340000003576 57.9568828547 26.6302998763
0.850000023842 0.340000003576 34.1080064575 24.3350721575
0.850000023842 0.340000003576 24.6205136406 26.1890179108
0.850000023842 0.340000003576 42.9006363675 26.7958649518
0.850000023842 0.340000003576 43.4279262011 23.6243717247
0.850000023842 0.340000003576 34.1971104286 25.3872266879
0.850000023842 0.340000003576 47.0712978218 26.1925267388
0.850000023842 0.340000003576 -42.3561513052 -11.4200490902
0.850000023842 0.340000003576 -41.5282931313 -23.5358750291
0.820000052452 -0.340000003576 -41.857361016 -4.54606214184
0.790000081062 -0.340000003576 28.0028284184 21.2946388461
0.760000109673 -0.340000003576 21.4329337816 14.7830814122
0.790000081062 0.340000003576 23.8485590809 14.5248246749
0.820000052452 0.340000003576 21.969252115 13.018422557
0.850000023842 0.340000003576 -45.9942034901 4.70760937119
0.850000023842 0.340000003576 -48.3117909133 -5.62475268219
0.820000052452 -0.340000003576 32.5683913254 10.8503952853
0.790000081062 -0.340000003576 22.9924365889 12.96007147
0.820000052452 0.340000003576 29.4591346682 20.054351948
0.850000023842 0.340000003576 23.3163604134 17.3106088049
0.850000023842 0.340000003576 22.6722829206 21.1661124014
0.850000023842 0.340000003576 30.9805507425 18.4397433967
0.850000023842 0.340000003576 25.2963358836 22.0040852205
0.850000023842 0.340000003576 22.8786074194 20.227114487
0.850000023842 0.340000003576 30.7595947902 18.483113655
0.850000023842 0.340000003576 22.7785401448 20.333667422
0.850000023842 0.340000003576 25.6827608672 16.6416366868
0.850000023842 0.340000003576 23.7081982142 21.7585365536
0.850000023842 0.340000003576 23.0570738828 22.6425776715
0.850000023842 0.340000003576 18.2355015708 10.5609714751
0.850000023842 0.340000003576 19.1199018175 20.9658661047
0.850000023842 0.340000003576 -43.7238717199 -6.26509043957
0.850000023842 0.340000003576 13.1823683345 20.2874508173
0.820000052452 -0.340000003576 -44.2679601569 -0.16810085846
0.850000023842 0.340000003576 -44.146917981 -4.83566135908
0.820000052452 -0.340000003576 -42.3001593539 -22.5604710983
0.790000081062 -0.340000003576 -47.1576535272 -29.6760358734
0.760000109673 -0.340000003576 3.99521653179 13.3415362792
0.730000138283 -0.340000003576 19.7052903797 12.0641112206
0.760000109673 0.340000003576 13.1352501539 15.0922293364
0.790000081062 0.340000003576 11.7277381441 13.9367126244
0.820000052452 0.340000003576 3.8756554877 12.6602778642
0.850000023842 0.340000003576 -1.83970428023 10.9445740397
0.820000052452 0.340000003576 -51.6722305048 5.87704494575
0.790000081062 -0.340000003576 -50.9591992398 3.6389631187
0.760000109673 -0.340000003576 5.57168969092 12.110098539
0.730000138283 -0.340000003576 -1.10405665087 10.0595717909
0.760000109673 0.340000003576 9.25216221643 6.79902492899
0.790000081062 0.340000003576 13.9083375052 9.4813286455
0.820000052452 0.340000003576 14.2898075081 24.7854780063
0.850000023842 0.340000003576 14.8831832002 23.8305306446
0.850000023842 0.340000003576 11.7866134618 21.6335525335
0.850000023842 0.340000003576 12.3525955069 20.3887082793
0.850000023842 0.340000003576 17.0882773859 26.5456109282
0.850000023842 0.340000003576 10.9199498248 25.2223992494
0.850000023842 0.340000003576 10.8267948505 25.7123334688
0.850000023842 0.340000003576 6.6418293506 29.22393893
0.850000023842 0.340000003576 -3.38392670862 28.2727989995
0.820000052452 0.340000003576 3.45117124347 29.6039359881
0.790000081062 0.340000003576 -47.0328633476 12.4540358504
0.760000109673 0.340000003576 -44.0894475666 -1.85902436306
0.730000138283 -0.340000003576 -43.6451122218 -9.45653260233
0.700000166893 -0.340000003576 -39.9070496492 -10.5552865524
0.670000195503 -0.340000003576 -39.405109304 -12.4698118163
0.640000224113 -0.340000003576 -42.2004898966 -19.2735439378
0.610000252724 -0.340000003576 8.77121632573 26.8824142402
0.600000023842 -0.340000003576 10.9666690803 27.5142052054
0.629999995232 0.340000003576 11.0566886748 24.9307139175
0.659999966621 0.340000003576 7.46869520522 26.3425669218
0.689999938011 0.340000003576 10.4242644687 23.6884133444
0.719999909401 0.340000003576 16.1162713416 30.3793365608
0.749999880791 0.340000003576 -62.7697784449 -11.2758691479
0.77999985218 0.340000003576 -57.2982917297 15.9732702593
0.749999880791 -0.340000003576 -25.86752356 29.2389814913
0.719999909401 -0.340000003576 -60.6670366119 14.5447571009
0.689999938011 -0.340000003576 -57.6186286248 21.2249580081
0.659999966621 -0.340000003576 -54.2108801169 11.863248339
0.629999995232 -0.340000003576 10.7777636046 30.0443605799
0.600000023842 -0.340000003576 14.4166701924 28.2850299925
0.629999995232 0.340000003576 12.5847276142 30.2206445013
0.659999966621 0.340000003576 27.8023809844 27.3628423211
0.689999938011 0.340000003576 12.3080848689 29.9379529871
0.719999909401 0.340000003576 13.5045155873 28.9731424028
0.749999880791 0.340000003576 13.457986123 29.6661069482
0.77999985218 0.340000003576 21.3792796867 27.8544637052
0.80999982357 0.340000003576 -34.6464052517 26.6028466853
0.83999979496 0.340000003576 -41.9104785125 26.8137740763
0.80999982357 -0.340000003576 -50.8417840546 25.959785435
