0.700000166893 -0.340000003576 -42.1759739841 -7.4444009907
0.730000138283 0.340000003576 -41.7321351469 -5.3365045426
0.700000166893 -0.340000003576 4.75641271841 -29.5892823699
0.670000195503 -0.340000003576 11.398706907 -27.9683147049
0.700000166893 -0.340000003576 0.800417998673 -25.3436732693
0.730000138283 0.340000003576 -3.51012037726 -24.1564884811
0.760000109673 -0.329222470522 -8.5685104759 -28.9282847405
0.730000138283 -0.340000003576 -5.02680104849 -26.7876932059
0.700000166893 -0.340000003576 0.822643893556 -25.6347299752
0.670000195503 -0.340000003576 -3.46561323858 -24.4688812519
0.700000166893 -0.340000003576 -1.02711946959 -23.2585362377
0.730000138283 -0.340000003576 -2.12403318685 -19.5306409626
0.760000109673 -0.340000003576 -11.7672324815 -21.70037847
0.730000138283 -0.340000003576 -13.7168131867 -23.1970811284
0.700000166893 -0.340000003576 -14.6389774072 -22.2439648582
0.670000195503 -0.340000003576 -56.9961911995 -15.6367055572
0.640000224113 -0.340000003576 -54.7995676114 -1.75974313637
0.610000252724 -0.340000003576 -53.9603861617 -5.44627123505
0.600000023842 -0.340000003576 -52.7043237846 2.99493641018
0.600000023842 -0.340000003576 -49.9204727682 18.2570652862
0.600000023842 -0.340000003576 -16.1339429614 -9.59423059411
0.600000023842 -0.340000003576 -12.4652988753 -8.70913268371
0.629999995232 -0.340000003576 -17.1694731772 -6.31644121142
0.659999966621 -0.340000003576 -75.6065217694 -5.42296608414
0.689999938011 -0.340000003576 -17.2691740543 -4.82649695958
0.659999966621 -0.340000003576 -25.425377158 -7.58042671934
0.629999995232 -0.340000003576 -17.5565015806 -8.47924411154
0.600000023842 -0.340000003576 84.4169991574 -3.44696826541
0.629999995232 0.340000003576 -13.196319762 -4.33983725488
0.659999966621 0.340000003576 -42.2540471556 -7.76651727873
0.629999995232 -0.340000003576 -39.2736268303 -7.54875705429
0.600000023842 -0.340000003576 -60.1715991322 -19.513336358
0.600000023842 -0.340000003576 -58.1703846635 -30.2664807979
0.600000023842 -0.340000003576 -56.5451182348 -28.7835107994
0.600000023842 -0.340000003576 -57.3891895581 -25.0300796653
0.600000023842 -0.340000003576 -56.3914022075 -19.3660146376
0.600000023842 -0.340000003576 -55.5468696399 -11.9509022594
0.600000023842 -0.340000003576 -54.8609949484 -7.17051863447
0.600000023842 -0.340000003576 -53.5395292717 -5.17077386648
0.600000023842 -0.340000003576 -49.1510430554 -3.93907647915
0.600000023842 -0.340000003576 -16.2673272572 -13.7786477847
0.600000023842 -0.340000003576 -18.08349252 -12.6915675856
0.629999995232 -0.340000003576 -14.5738046443 -11.3517948657
0.659999966621 -0.340000003576 -12.2203153999 -11.835933578
0.689999938011 -0.340000003576 -12.1355007554 -11.0723979919
0.659999966621 -0.340000003576 -12.570025522 -6.95719285832
0.629999995232 -0.340000003576 -15.5851590034 -0.311048500348
0.600000023842 -0.340000003576 -8.72173631195 11.9937905323
0.600000023842 -0.340000003576 -13.8311733867 14.6541941516
0.600000023842 0.340000003576 -50.1878747723 9.59060579909
0.600000023842 0.340000003576 40.4953691024 30.1893782814
0.600000023842 -0.340000003576 -14.9601229394 41.4129358487
0.629999995232 0.340000003576 -56.5057104371 12.7511924587
0.600000023842 0.340000003576 -46.2212839151 22.2047315509
0.600000023842 -0.340000003576 -47.5521147995 30.4349557955
0.600000023842 -0.340000003576 -49.9897985777 23.5918606087
0.600000023842 -0.340000003576 5.28533227246 15.5993951856
0.600000023842 -0.340000003576 4.93662082846 15.6775964909
0.629999995232 0.340000003576 1.68473272306 15.4860584921
0.659999966621 0.340000003576 8.60824441702 17.6042198869
0.689999938011 0.340000003576 12.3978911529 20.318511073
0.719999909401 0.340000003576 7.95291781122 21.2308205189
0.749999880791 0.340000003576 7.20737294162 21.0359213097
0.77999985218 0.340000003576 4.21299502671 22.106142388
0.80999982357 0.340000003576 10.9858746918 19.3165489496
0.77999985218 0.340000003576 11.0489453623 14.1007156258
0.80999982357 0.340000003576 8.8375951142 24.6557674298
0.83999979496 0.340000003576 9.98718793888 24.3603616706
0.850000023842 0.340000003576 19.4385203949 24.8895882691
0.850000023842 0.340000003576 -38.8291932805 19.9139227155
0.850000023842 0.340000003576 7.7590533904 -7.69219413196
0.820000052452 -0.340000003576 40.5503737364 -45.432902051
0.850000023842 -0.340000003576 38.4018106832 10.8874065331
0.850000023842 -0.340000003576 21.219079306 15.8382825763
0.850000023842 0.340000003576 30.0467767702 21.1447668086
0.850000023842 0.340000003576 26.070428631 20.2863976897
0.850000023842 0.340000003576 18.1501509427 20.7157464906
0.850000023842 0.340000003576 22.1550765968 20.561046628
0.850000023842 0.340000003576 22.7747112644 16.9980214262
0.850000023842 0.340000003576 20.9215215182 14.1680697991
0.850000023842 0.340000003576 29.9720807241 16.0580948234
0.850000023842 0.340000003576 24.2626454076 12.6355962881
0.850000023842 0.340000003576 18.4900175063 16.1801260759
0.850000023842 0.340000003576 22.7487042097 16.056667796
0.850000023842 0.340000003576 28.7238987716 17.8253793202
0.850000023842 0.340000003576 15.0822631473 18.7498211261
0.850000023842 0.340000003576 21.3776490389 19.6830150375
0.850000023842 0.340000003576 23.0671592468 18.03983863
0.850000023842 0.340000003576 16.3873368978 16.9954703785
0.850000023842 0.340000003576 20.8704355345 17.2770354461
0.850000023842 0.340000003576 25.6581711135 15.8743590044
0.850000023842 0.340000003576 -41.3702006607 13.5904681089
0.850000023842 0.340000003576 -41.4879723555 -14.6023913502
0.820000052452 -0.340000003576 -42.6232338791 -19.2002590592
0.790000081062 -0.340000003576 17.2678998635 14.8010622906
0.760000109673 -0.340000003576 10.3082115186 9.90181916852
0.790000081062 0.340000003576 7.31324160958 10.4690960354
0.820000052452 0.340000003576 2.44188899696 10.6192410067
0.850000023842 0.340000003576 -55.5549070061 -17.8588333505
0.820000052452 -0.186306074262 -52.3770550734 -3.70483704418
0.790000081062 -0.340000003576 10.9385613276 10.7239509178
0.760000109673 -0.340000003576 12.32517592 7.8947209711
0.790000081062 0.340000003576 15.5179688849 8.33543878607
0.820000052452 0.340000003576 10.0663614989 7.89453806566
0.850000023842 0.340000003576 7.94074746454 7.05503112788
0.850000023842 0.340000003576 9.47599914885 10.1504021576
0.850000023842 0.340000003576 12.1421040744 9.58424161409
0.850000023842 0.340000003576 14.0436747703 10.0694702764
0.850000023842 0.340000003576 17.0670972881 10.5514038103
0.850000023842 0.340000003576 4.95155535261 9.73805357632
0.850000023842 0.340000003576 8.13827495453 9.79155508348
0.820000052452 0.340000003576 10.3012986085 10.2423086836
0.850000023842 0.340000003576 7.68796460876 11.466884663
0.850000023842 0.340000003576 7.67861632389 10.838857039
0.850000023842 0.340000003576 3.81592643394 10.4070477155
0.850000023842 0.340000003576 4.00461752188 10.9630444137
0.820000052452 0.340000003576 3.11829213481 6.17621849279
0.797066271305 0.340000003576 2.92331131872 5.62095406009
0.767066299915 0.340000003576 0.898335881146 4.5642615476
0.797066271305 0.340000003576 -46.450804456 -13.5100254251
0.767066299915 -0.19827491045 -43.4213700306 -16.7084749457
0.737066328526 -0.340000003576 -47.0856718478 -5.83141841615
0.707066357136 -0.340000003576 -45.0333410917 -11.3044446105
0.677066385746 -0.340000003576 -49.3635628801 -13.3186309948
0.647066414356 -0.340000003576 -47.2917275288 -15.1049137269
0.617066442966 -0.340000003576 -50.5379887141 -19.290629223
0.600000023842 -0.340000003576 -54.0444022494 -14.4631920813
0.600000023842 -0.340000003576 -55.7059232905 -13.2874440037
0.600000023842 -0.340000003576 -55.7941487459 -14.7672131077
0.600000023842 -0.340000003576 -4.42548522441 -15.8288356429
0.600000023842 -0.340000003576 -6.94702364206 -15.0335326775
0.629999995232 0.340000003576 -8.32620912473 -14.2734277915
0.659999966621 0.340000003576 -11.3712354113 -17.9575615883
0.689999938011 0.340000003576 -6.69112066393 -19.3122111318
0.659999966621 -0.340000003576 -6.83409211455 -17.7331301782
0.629999995232 -0.340000003576 -12.0914689813 -17.0860020229
0.600000023842 -0.340000003576 -19.5931689813 -23.6861930298
0.600000023842 -0.340000003576 -15.1705373077 -21.44631438
0.600000023842 -0.340000003576 -18.4090017189 -20.6783162339
0.600000023842 -0.340000003576 -46.3483875216 14.1289097948
0.600000023842 -0.340000003576 -43.7616611213 17.195970408
0.600000023842 -0.340000003576 -50.3445589305 -9.72025671089
0.600000023842 -0.340000003576 -12.4711184822 -12.6825431303
0.600000023842 -0.340000003576 -12.6081325206 -10.5452704984
0.629999995232 -0.340000003576 -14.6231697804 -10.5569878248
0.659999966621 -0.340000003576 -12.6691048828 -10.9717314439
0.689999938011 -0.340000003576 -8.18805214635 -9.68885656996
0.659999966621 -0.340000003576 -17.3895141555 -9.75091961413
0.629999995232 -0.340000003576 -12.6718340654 -9.97087147499
0.600000023842 -0.340000003576 -7.65216561747 -5.95833257544
0.600000023842 -0.340000003576 -8.85113827975 -6.59126050605
0.600000023842 -0.340000003576 -5.73219003925 -4.81399482205
0.600000023842 -0.340000003576 -3.44222489861 -3.35047507284
0.600000023842 -0.340000003576 -8.48396594779 -3.91591181748
0.600000023842 -0.340000003576 -6.11897635777 -2.71699209268
0.600000023842 -0.340000003576 -8.13022633223 -2.72272297433
0.600000023842 -0.340000003576 -3.12081947634 -2.39575546179
0.600000023842 -0.340000003576 -6.46573113491 -1.62822658183
0.629999995232 -0.322244971991 -4.51097143641 -0.948319203517
0.600000023842 -0.340000003576 -4.5110291928 -1.1911658938
0.600000023842 -0.340000003576 -1.75693006064 0.575588110783
0.600000023842 -0.340000003576 -3.2058607557 0.90424204215
0.600000023842 0.340000003576 -2.41108841365 3.07843742858
0.600000023842 -0.274777382612 -0.194724935895 4.55383684122
0.600000023842 0.340000003576 -0.97224584228 4.72573462773
0.600000023842 0.340000003576 4.71975380234 5.01087023631
0.600000023842 0.340000003576 1.40093708439 8.96345489822
0.629999995232 0.340000003576 -0.381389259016 8.65608917392
0.659999966621 0.340000003576 -55.020411885 11.6168064679
0.629999995232 0.340000003576 -46.3745107578 14.652585213
0.600000023842 -0.340000003576 -48.0245583882 16.430042182
0.600000023842 -0.340000003576 -47.9734005042 18.216517183
0.600000023842 -0.340000003576 -47.9574969214 18.2380782228
0.600000023842 -0.340000003576 9.72989086759 16.0773323172
0.600000023842 -0.340000003576 -45.7029504181 19.5366819861
0.629999995232 0.340000003576 -45.8683024505 20.895094329
0.600000023842 -0.340000003576 12.9054525027 16.3783694546
0.600000023842 -0.340000003576 11.7313147586 18.4511445169
0.629999995232 0.340000003576 13.797575808 18.2931435914
0.659999966621 0.340000003576 12.3480024466 17.1816513384
0.689999938011 0.340000003576 16.46203715 19.1342650571
0.719999909401 0.340000003576 17.4907993082 17.7038275044
0.749999880791 0.340000003576 15.3151133014 18.4537462818
0.77999985218 0.340000003576 21.8821856506 17.4228939435
0.80999982357 0.340000003576 17.9166586762 18.8074502518
0.83999979496 0.340000003576 15.4221524339 16.9793215221
0.850000023842 0.340000003576 20.813039972 18.3629715979
0.850000023842 0.340000003576 32.9079855212 21.4088797976
0.850000023842 0.340000003576 27.2703709979 21.8679522046
0.850000023842 0.340000003576 23.0073185956 24.0771528877
0.850000023842 0.340000003576 26.5687866765 26.6493713641
0.850000023842 0.340000003576 26.5861590309 25.2807581713
0.850000023842 0.340000003576 40.0725595494 26.1503210331
0.850000023842 0.340000003576 32.3457383734 25.6861972727
0.850000023842 0.340000003576 25.742318988 27.0217418086
0.850000023842 0.340000003576 27.3763092815 25.7318629038
0.850000023842 0.340000003576 40.0735652281 23.8870522143
0.850000023842 0.340000003576 40.1736807053 24.8777079516
0.850000023842 0.340000003576 34.3963938875 25.3394665004
0.850000023842 0.340000003576 55.1460014863 22.7441433876
0.850000023842 0.340000003576 40.368911946 22.3441930777
0.850000023842 0.340000003576 37.8770637664 23.0577186627
0.850000023842 0.340000003576 43.3440849835 20.7497069419
0.850000023842 0.340000003576 40.429725097 15.6920390594
0.850000023842 0.340000003576 37.6676955153 19.9235690071
0.850000023842 0.340000003576 17.7115837417 19.5337437976
0.850000023842 0.340000003576 49.3329316807 19.9590952289
0.850000023842 0.340000003576 50.7344135532 23.5629701184
0.850000023842 0.340000003576 47.1105941469 20.0305176452
0.850000023842 0.340000003576 47.9202164484 18.8419986057
0.850000023842 0.340000003576 37.2365833014 20.223768654
0.850000023842 0.340000003576 30.9101189702 18.927360036
0.850000023842 0.340000003576 29.3869457519 19.0627168806
0.850000023842 0.340000003576 -40.6473149531 -23.0154838598
0.850000023842 0.340000003576 -42.667150663 -25.1601552121
0.820000052452 -0.340000003576 23.003438241 13.0325620605
0.790000081062 -0.340000003576 26.3757343076 14.9875669906
0.820000052452 0.340000003576 21.7596218207 11.9198273279
0.850000023842 0.340000003576 23.5015386122 8.20782850362
0.850000023842 0.340000003576 25.6267624014 3.28206128423
0.850000023842 0.340000003576 24.5716706598 0.468816184622
0.850000023842 0.340000003576 22.6997036077 -0.460792863358
0.850000023842 0.340000003576 -50.4771920009 -6.76155669099
0.850000023842 0.340000003576 27.6197672157 4.41945908654
0.820000052452 -0.340000003576 20.6451427924 5.66111054814
0.850000023842 0.340000003576 20.6859200138 5.58204784438
0.850000023842 0.340000003576 19.3540369564 14.0234160362
0.850000023842 0.340000003576 24.2711323907 8.79101950196
0.850000023842 0.340000003576 34.0970234062 11.1020551656
0.850000023842 0.340000003576 21.6371929305 10.3261969046
0.850000023842 0.340000003576 19.201473387 9.9449594109
0.850000023842 0.340000003576 22.2892616157 11.796911386
0.850000023842 0.340000003576 24.2390699783 10.4119256221
0.850000023842 0.340000003576 34.2972504879 12.5064865315
0.850000023842 0.340000003576 14.3094703772 12.224294111
0.850000023842 0.340000003576 11.3676573711 11.7496729933
0.850000023842 0.340000003576 24.6372836939 16.2304342771
0.850000023842 0.340000003576 23.1938883765 15.7304879151
0.850000023842 0.340000003576 18.9668074393 15.3174011944
0.850000023842 0.340000003576 16.8496933387 21.6121820772
0.850000023842 0.340000003576 21.0030303644 22.6545414904
0.850000023842 0.340000003576 -42.4412262151 16.7072929215
0.850000023842 0.340000003576 -39.7578986906 -17.4675404579
0.820000052452 -0.340000003576 -40.9277352058 -25.6818097969
0.790000081062 -0.340000003576 -43.1644596772 -20.7617694143
0.760000109673 -0.340000003576 6.73547824655 21.4284359327
0.730000138283 -0.340000003576 -44.4434865917 -15.3007914899
0.760000109673 0.340000003576 -46.9928045119 -10.4723838974
0.730000138283 -0.340000003576 -51.2498808898 -0.0258139744892
0.700000166893 -0.340000003576 -49.9138312803 2.79203713001
0.670000195503 -0.340000003576 -1.8603183068 -12.7989256956
0.640000224113 -0.340000003576 -32.8527435655 -42.5891384788
0.670000195503 0.340000003576 -6.86119524623 -13.7148759795
0.640000224113 -0.340000003576 40.2424197188 31.5991130695
0.670000195503 -0.058966178447 0.0 0.0
0.700000166893 0.340000003576 -16.5297563617 4.70173304687
0.730000138283 0.340000003576 6.43648780057 6.18296012841
0.700000166893 -0.340000003576 10.0059306564 9.21139379766
0.670000195503 -0.340000003576 21.5657496549 13.9239786903
0.700000166893 0.340000003576 14.9832654521 10.9426282968
0.730000138283 0.340000003576 7.29808190558 10.937030576
0.760000109673 0.340000003576 1.33287247584 16.3804715655
0.790000081062 0.340000003576 -52.0819808705 8.20114902031
0.760000109673 0.340000003576 0.0161308024626 12.140093652
0.730000138283 -0.340000003576 -41.8539298388 10.8063084687
0.700000166893 0.340000003576 1.54433400563 10.9474860799
0.670000195503 -0.340000003576 5.70872311697 10.1380918982
0.700000166893 0.340000003576 2.29016040098 3.79500281448
0.730000138283 0.340000003576 5.90073210333 1.14023551882
0.760000109673 0.340000003576 5.95162127305 1.22705740038
0.790000081062 0.340000003576 12.0385196998 2.99802786231
0.820000052452 0.340000003576 4.71491018143 4.52498819008
0.850000023842 0.340000003576 5.99799794647 8.14000378757
0.850000023842 0.340000003576 5.74075416556 10.1110682475
0.850000023842 0.340000003576 -50.2240137421 12.1273335435
0.820000052452 0.340000003576 -49.556444407 6.15481549601
0.790000081062 -0.340000003576 -44.6055898019 -18.7518846575
0.760000109673 -0.340000003576 -44.4239352284 -21.5011152097
0.730000138283 -0.340000003576 -42.3383489721 -26.7456093972
0.700000166893 -0.340000003576 -46.3626470649 -23.4180769309
0.670000195503 -0.340000003576 -42.1355239436 -21.7764118971
0.640000224113 -0.340000003576 -41.3369626102 -11.8339908221
0.610000252724 -0.340000003576 -43.2723143429 -5.94489177434
0.600000023842 -0.340000003576 -42.0578580015 -4.8266370914
0.600000023842 -0.340000003576 -44.2560951853 -3.4198898434
0.600000023842 -0.340000003576 -43.48532609 0.935147214489
0.600000023842 -0.340000003576 0.707536035882 1.39320544401
0.600000023842 -0.340000003576 9.05128441459 -3.7431970655
0.629999995232 0.340000003576 14.4952193069 -3.64571192224
0.659999966621 0.340000003576 7.20690271316 -3.78273369494
0.689999938011 0.340000003576 3.0202692501 -3.41624591788
0.719999909401 0.340000003576 -57.349037071 -2.0118291699
0.724024474621 -0.340000003576 -57.3257116529 6.96125283351
0.694024503231 -0.340000003576 -52.7357001352 7.62670193884
0.664024531841 -0.340000003576 -52.8238228295 9.01690530231
0.634024560452 -0.340000003576 -53.3736537733 9.42849103495
0.604024589062 -0.340000003576 -53.1127060693 8.85306675009
0.600000023842 -0.340000003576 -44.0033234078 10.7577649436
0.600000023842 -0.340000003576 3.90583977623 8.3835520596
0.600000023842 -0.340000003576 1.92755233744 5.71581845521
0.629999995232 0.340000003576 4.28808649163 7.88699927928
0.659999966621 0.340000003576 1.04596080309 7.34005333636
0.689999938011 0.340000003576 -1.49482767849 5.72800449073
0.659999966621 0.340000003576 1.63034980377 6.05555947481
0.629999995232 0.0329175814986 12.4168803464 10.0702205841
0.600000023842 0.340000003576 -49.2352078226 11.6503580079
0.629999995232 0.340000003576 -52.3621903003 2.27085087905
0.600000023842 -0.340000003576 -50.616337195 -2.80055133304
0.600000023842 -0.340000003576 -51.5525465615 -3.99861129405
0.600000023842 -0.340000003576 -48.310696444 -7.81754924406
0.600000023842 -0.340000003576 -46.7307524265 -6.5308064841
0.600000023842 -0.340000003576 -46.5227338829 -8.65327740845
0.600000023842 -0.340000003576 -49.4119196281 -7.78746421988
0.600000023842 -0.340000003576 -49.2505230938 -8.74091091377
0.600000023842 -0.340000003576 -48.8363230835 -9.02586145666
0.600000023842 -0.340000003576 -44.1052812745 16.4305962112
0.600000023842 -0.340000003576 3.42247434896 20.6385826429
0.600000023842 -0.340000003576 17.506287841 19.9797284156
0.629999995232 0.340000003576 67.0847398186 20.813022153
0.659999966621 0.340000003576 28.3223507443 19.2356091476
0.689999938011 0.340000003576 -45.0851336896 26.5807275872
0.719999909401 0.340000003576 -47.3040718905 26.9661314447
0.689999938011 -0.340000003576 -46.2413316731 26.7306767286
0.659999966621 -0.340000003576 48.9830214226 20.5786221382
0.629999995232 -0.340000003576 -46.5352178902 27.2299140502
0.659999966621 0.340000003576 -47.1448665018 26.622139192
0.629999995232 -0.340000003576 51.0711362008 21.4923934391
0.600000023842 -0.340000003576 50.4346245599 20.9571415186
0.629999995232 0.340000003576 54.9944245036 18.4627799561
0.659999966621 0.340000003576 21.8397523559 18.8571437676
0.689999938011 0.340000003576 -37.6864211139 16.5260412142
0.719999909401 0.340000003576 41.6854207083 14.9713254373
0.689999938011 -0.340000003576 53.2719680144 13.0778570489
0.719999909401 0.340000003576 65.2834847129 11.0146673261
0.749999880791 0.340000003576 58.8839987552 5.07262244255
