0.749999880791 0.340000003576 -15.2685508969 -3.92615815119
0.77999985218 0.340000003576 14.4880334551 17.0640343646
0.749999880791 -0.340000003576 13.662090558 5.44972816402
0.77999985218 0.340000003576 20.5315585759 -5.24584962007
0.749999880791 0.340000003576 17.5456003395 -3.6213193741
0.77999985218 0.340000003576 21.6571735004 -2.82560727286
0.80999982357 0.340000003576 28.1145145577 -1.55714458645
0.83999979496 0.340000003576 -37.2553222349 19.507702833
0.850000023842 0.340000003576 0.734425046818 35.3923112908
0.820000052452 -0.340000003576 -8.73451066746 45.3516182776
0.790000081062 0.340000003576 -33.443400344 55.4028831455
0.760000109673 0.340000003576 35.5851759484 3.17486907075
0.730000138283 0.340000003576 26.6167609245 -2.09288906775
0.760000109673 0.340000003576 -3.81147397703 -1.57175718405
0.790000081062 0.340000003576 0.0 0.0
0.820000052452 -0.340000003576 0.0 0.0
0.790000081062 -0.340000003576 0.0 0.0
0.760000109673 -0.340000003576 0.0 0.0
0.790000081062 0.340000003576 4.53569846879 -6.32443174408
0.760000109673 -0.0644779577851 -45.4701526835 -29.637247473
0.790000081062 -0.0350876301527 -39.9163673006 -25.4997005286
0.760000109673 -0.340000003576 -35.3155927977 -14.8700606116
0.730000138283 -0.340000003576 63.2524810928 -45.940076843
0.700000166893 -0.340000003576 -4.02996190191 50.8072329726
0.730000138283 0.340000003576 15.6105800234 -15.2948823936
0.760000109673 0.340000003576 20.6386026248 -15.0122197501
0.790000081062 0.340000003576 10.9396212696 -18.3951789864
0.760000109673 0.340000003576 71.8081063823 -18.1149281477
0.790000081062 -0.340000003576 15.8912149819 -24.6256513402
0.820000052452 0.340000003576 40.2575077184 -27.0514078017
0.850000023842 -0.340000003576 9.91520304717 -8.21169237237
0.850000023842 0.340000003576 6.82515172872 -5.87722939245
0.820000052452 -0.340000003576 6.59416200094 -14.0914516896
0.790000081062 0.340000003576 9.58080586687 -12.7936423506
0.760000109673 -0.340000003576 7.00364289246 -11.9063593537
0.790000081062 -0.221635118127 7.79608864413 -8.08860859788
0.820000052452 -0.340000003576 -71.8987662178 6.27718111921
0.850000023842 0.340000003576 4.25077234609 -14.5149160826
0.820000052452 -0.340000003576 4.05266179331 -12.7415019603
0.850000023842 -0.340000003576 3.55469369222 -10.4010425949
0.850000023842 -0.340000003576 78.5057250847 -8.43281693612
0.850000023842 0.340000003576 -49.2469966388 -40.7107926125
0.850000023842 0.340000003576 -62.636247348 -47.1947729171
0.820000052452 -0.340000003576 -63.9858816926 -35.074611885
0.790000081062 -0.340000003576 -55.0989568359 -20.1007519305
0.760000109673 -0.340000003576 -54.6117189679 -19.4032865504
0.730000138283 -0.340000003576 -49.193653978 -21.426351485
0.700000166893 -0.340000003576 1.52778210133 -23.1992267689
0.670000195503 -0.340000003576 4.06639333206 -24.0978438905
0.700000166893 0.340000003576 9.64384993875 -21.3953643863
0.730000138283 0.340000003576 55.2162993895 -16.8881231577
0.760000109673 0.340000003576 55.0547036183 0.519089937523
0.790000081062 0.340000003576 -8.98418651203 -10.7248047643
0.820000052452 0.340000003576 -14.8485935808 -10.5190833084
0.790000081062 -0.340000003576 -10.8586712792 -10.8685093447
0.760000109673 -0.340000003576 -7.55063851194 -6.85070507589
0.730000138283 -0.340000003576 77.5846227429 7.74339529526
0.700000166893 -0.340000003576 -14.380888139 6.90208648187
0.730000138283 0.340000003576 -53.0356481061 -2.16188404445
0.700000166893 -0.340000003576 -52.7826192197 12.3224543776
0.670000195503 -0.340000003576 -22.0810089518 9.64235457273
0.640000224113 -0.340000003576 -19.871232715 9.81174792779
0.610000252724 -0.340000003576 -18.8246722778 -1.94272680675
0.600000023842 0.340000003576 -10.0744795952 -5.60696425508
0.629999995232 -0.340000003576 -13.0089793673 -1.20934953665
0.600000023842 -0.340000003576 -21.9706176011 -5.66943402
0.600000023842 -0.340000003576 -19.8293222252 -7.02705333515
0.600000023842 -0.340000003576 -17.515845547 -8.41255352431
0.600000023842 -0.340000003576 -53.1762736166 -5.825791844
0.600000023842 -0.340000003576 -50.3700612917 -7.25983334895
0.600000023842 -0.340000003576 -17.3203070548 -8.63911523896
0.600000023842 -0.340000003576 -54.9412608248 -12.7908761956
0.600000023842 -0.340000003576 -50.6395326867 -22.2203045024
0.600000023842 -0.340000003576 -51.5184521449 -23.7766513441
0.600000023842 -0.340000003576 -49.8210253721 -25.7526266756
0.600000023842 -0.340000003576 -52.0191534595 -27.8939419751
0.600000023842 -0.340000003576 -50.025314471 -29.2392991114
0.600000023842 -0.340000003576 -49.9331396552 -30.5119976142
0.600000023842 -0.340000003576 -52.2896412958 -30.4702429993
0.600000023842 -0.340000003576 -50.4635647595 -30.0131733017
0.600000023842 -0.340000003576 -52.1278053668 -9.26871384665
0.600000023842 -0.340000003576 -17.382975492 -1.52171092843
0.600000023842 -0.340000003576 -14.3308347015 -5.56396725707
0.600000023842 0.340000003576 -7.55587436319 0.987927000213
0.629999995232 0.340000003576 -7.94582744661 -0.69111315357
0.659999966621 0.340000003576 -54.9520184153 30.3933497193
0.629999995232 -0.340000003576 -13.0316900265 4.52537640144
0.600000023842 -0.340000003576 -10.6695972818 4.43068296307
0.600000023842 -0.340000003576 -6.34301476586 3.28287789793
0.600000023842 -0.340000003576 -3.94129827067 3.78814354373
0.629999995232 0.340000003576 -2.81660729505 8.2989116735
0.6071408391 0.340000003576 -5.7955479578 10.4022601356
0.600000023842 0.340000003576 2.26787264698 10.9568661958
0.600000023842 0.340000003576 -42.9894970738 11.1862868869
0.629999995232 0.340000003576 -0.609795644603 21.8380036113
0.600000023842 -0.340000003576 3.88399488071 22.9281097356
0.600000023842 0.340000003576 1.91693188587 22.1546792621
0.629999995232 0.340000003576 7.15688756659 21.9624693203
0.659999966621 0.340000003576 4.29998793083 20.8491974239
0.689999938011 0.340000003576 4.52327914946 16.5979113289
0.719999909401 0.340000003576 9.23530203926 14.4645452833
0.749999880791 0.340000003576 6.14961984615 18.6594796344
0.77999985218 0.340000003576 7.10243097149 16.3135580236
0.80999982357 0.340000003576 10.4396829908 21.3879030014
0.83999979496 0.340000003576 10.0585216179 13.7885415858
0.850000023842 0.340000003576 16.7153490082 8.37375657875
0.850000023842 0.340000003576 -44.1122186814 8.4846008044
0.850000023842 0.340000003576 -42.8172495676 7.98441959153
0.820000052452 -0.340000003576 -43.0059258039 7.16084473407
0.790000081062 -0.340000003576 -40.9422305529 10.5630291369
0.760000109673 -0.340000003576 -37.7651933537 6.21090076082
0.730000138283 -0.340000003576 -41.1137162691 4.82652694155
0.700000166893 -0.340000003576 13.8635048077 22.141346898
0.670000195503 -0.340000003576 4.85458769158 20.5407047127
0.700000166893 0.340000003576 15.0565121458 17.8222943153
0.730000138283 0.340000003576 15.8971037133 15.6538104303
0.760000109673 0.340000003576 23.7391048796 14.7879523048
0.790000081062 0.340000003576 15.7233922664 13.1600314452
0.820000052452 0.340000003576 26.4185516352 12.5106248896
0.850000023842 0.340000003576 24.5319125975 13.5961347819
0.850000023842 0.340000003576 23.4845379463 15.0883496445
0.850000023842 0.340000003576 17.4631580675 15.3677550786
0.850000023842 0.340000003576 24.8266088192 11.7745086686
0.850000023842 0.340000003576 21.3477025258 12.9582780476
0.850000023842 0.340000003576 22.7482734523 10.6281186851
0.850000023842 0.340000003576 17.6854952977 13.2745659335
0.850000023842 0.340000003576 19.0026328831 12.6544049397
0.850000023842 0.340000003576 24.9338521996 14.4750844112
0.850000023842 0.340000003576 40.4622376721 14.3555989708
0.850000023842 0.340000003576 29.1684099928 13.7586127825
0.850000023842 0.340000003576 31.229889033 17.5458585803
0.850000023842 0.340000003576 34.4031712051 14.7700481015
0.850000023842 0.340000003576 27.6316008808 16.8767158015
0.850000023842 0.340000003576 21.7805582717 16.7211829059
0.850000023842 0.340000003576 25.3184279069 17.9758261555
0.850000023842 0.340000003576 17.8928559132 13.4586794931
0.850000023842 0.340000003576 22.9882335752 13.4589497843
0.850000023842 0.340000003576 20.4284431604 13.2491788668
0.850000023842 0.340000003576 20.4395778298 9.74296221421
0.850000023842 0.340000003576 18.7575722303 10.647880775
0.850000023842 0.340000003576 -41.673919171 -28.0368346866
0.850000023842 0.340000003576 -42.5983464398 -31.173466036
0.820000052452 -0.340000003576 -42.4639979741 -30.8524973671
0.790000081062 -0.340000003576 -44.548574219 -9.2111802166
0.760000109673 -0.340000003576 9.36137018052 -8.65494895682
0.730000138283 -0.340000003576 -50.0004766658 -8.1363956517
0.760000109673 0.340000003576 5.18026560351 -7.09324607474
0.730000138283 -0.340000003576 15.8035171548 -9.79357783013
0.760000109673 0.340000003576 11.2925175701 -7.67407774379
0.790000081062 0.340000003576 22.6322823594 -3.20988752062
0.820000052452 0.340000003576 21.2279093572 4.28776169276
0.850000023842 0.340000003576 14.998619751 3.82251484635
0.850000023842 0.340000003576 69.6232756215 3.18970607771
0.850000023842 0.340000003576 10.5268969803 2.98254698683
0.850000023842 0.340000003576 22.1351864508 6.90212941257
0.850000023842 0.340000003576 16.2411860609 5.00610111553
0.850000023842 0.340000003576 19.3780150346 3.41069008629
0.820000052452 -0.340000003576 17.0413485298 5.17636594982
0.850000023842 0.340000003576 18.1665925064 6.2580516897
0.850000023842 0.340000003576 12.266905048 3.1164390923
0.850000023842 0.340000003576 15.019421505 6.43903331518
0.850000023842 0.340000003576 8.44817698745 2.69074861821
0.850000023842 0.340000003576 9.089210028 0.554942281517
0.850000023842 0.340000003576 10.6481676342 1.85700173276
0.850000023842 0.340000003576 11.6747690365 0.572006802245
0.850000023842 0.340000003576 81.4901265393 1.51942193061
0.850000023842 0.340000003576 13.8981096513 3.65925775443
0.850000023842 0.340000003576 4.11088048098 -0.317752957415
0.850000023842 0.340000003576 -45.3553728444 -27.4668054922
0.820000052452 -0.171925276518 -45.7202494902 -28.8161051193
0.790000081062 -0.340000003576 -46.2604514237 -12.6420267639
0.760000109673 -0.340000003576 3.79659425078 -3.91513028917
0.730000138283 -0.340000003576 -50.7193809842 -11.8334219504
0.760000109673 0.340000003576 -50.436484472 -11.2771399852
0.730000138283 -0.340000003576 3.08686630506 -15.5594991391
0.700000166893 -0.340000003576 5.75094458041 -18.6741488647
0.730000138283 -0.340000003576 -1.44948248635 -14.7513896687
0.760000109673 0.340000003576 -2.76215892962 -16.4259638598
0.790000081062 0.340000003576 -1.12979628559 -15.2305704443
0.760000109673 -0.340000003576 -3.91705411912 -17.0182977871
0.730000138283 -0.340000003576 -8.56108357395 -16.5344598483
0.700000166893 -0.340000003576 -6.55341469695 -15.6872148956
0.670000195503 -0.340000003576 -3.79968998362 -14.8961207128
0.640000224113 -0.340000003576 -3.7606969202 -15.7680189959
0.610000252724 -0.340000003576 -10.488880086 -13.8824320013
0.640000224113 -0.340000003576 -6.85973130786 -10.0005011944
0.610000252724 -0.340000003576 -15.7739962878 -7.83911636346
0.600000023842 -0.340000003576 -11.1803295659 -15.3846771498
0.600000023842 -0.340000003576 -13.485055759 -20.4945037645
0.600000023842 -0.340000003576 -18.4886423897 -20.1469271996
0.600000023842 -0.340000003576 0.945814317599 -21.0890583496
0.600000023842 -0.340000003576 -10.9629439628 -21.3599889305
0.629999995232 -0.340000003576 -9.0301052441 -21.4801918151
0.600000023842 -0.340000003576 -15.2670437534 -21.0664023765
0.600000023842 -0.340000003576 -12.8834097835 -22.3903456308
0.600000023842 -0.340000003576 -15.5441584501 -19.902335034
0.600000023842 -0.340000003576 -14.1776688686 -20.5841157885
0.600000023842 -0.340000003576 -51.0922357663 -17.3191567499
0.600000023842 -0.340000003576 -49.4234700263 -19.7332382601
0.600000023842 -0.340000003576 -17.8686438148 -11.81335283
0.600000023842 -0.340000003576 -9.87787281743 -12.9680002381
0.600000023842 -0.340000003576 -25.8263710482 -13.1896933207
0.629999995232 0.340000003576 -10.4012972266 -12.4467903052
0.600000023842 -0.340000003576 -8.12738492906 -9.80884473096
0.600000023842 -0.340000003576 -0.884277199598 -11.3638669686
0.600000023842 -0.340000003576 0.315490929203 -9.8471218268
0.629999995232 0.340000003576 -7.49041089517 -7.8050282732
0.659999966621 0.159366846085 -4.74054386695 -7.21060366666
0.629999995232 -0.340000003576 -6.60986313389 -6.80691596388
0.600000023842 -0.340000003576 -6.89187877927 -5.92355130856
0.600000023842 -0.340000003576 -50.2447699566 13.4604480632
0.600000023842 -0.340000003576 -47.6293045952 18.8254486609
0.600000023842 -0.340000003576 -45.4791609731 25.7754919413
0.600000023842 -0.340000003576 -46.2978750496 24.4065458476
0.600000023842 -0.340000003576 -45.6518339525 19.9452822797
0.600000023842 -0.340000003576 -3.97168270862 2.16913741295
0.600000023842 -0.340000003576 -0.17076099564 -1.25905955215
0.629999995232 0.340000003576 0.506811588874 -1.66504367375
0.659999966621 0.340000003576 23.4318498231 7.22062398087
0.689999938011 0.340000003576 -54.5917514658 15.9538484405
0.719999909401 0.340000003576 1.65372292984 11.4945323695
0.689999938011 -0.340000003576 9.50824309492 16.1293246237
0.659999966621 0.340000003576 12.1499650676 16.9120217623
0.629999995232 0.340000003576 6.62626927199 16.9101685646
0.659999966621 0.340000003576 8.33713255231 17.2374658298
0.689999938011 0.340000003576 12.1815994486 17.1575268649
0.719999909401 0.340000003576 7.9879910855 20.93293503
0.749999880791 0.340000003576 10.5297850926 21.5553285488
0.77999985218 0.340000003576 14.5402728865 21.1245871182
0.80999982357 0.340000003576 18.8360307265 24.5596253542
0.83999979496 0.340000003576 17.1428645979 25.5554384459
0.850000023842 0.340000003576 25.9516932665 24.7753556735
0.850000023842 0.340000003576 14.8732521785 24.5667940523
0.850000023842 0.340000003576 31.8505750035 24.3847216207
0.850000023842 0.340000003576 23.433886195 25.3523653657
0.850000023842 0.340000003576 23.8123824565 25.5324773319
0.850000023842 0.340000003576 16.6726182473 21.9896192095
0.850000023842 0.340000003576 13.2796769356 20.5749914011
0.850000023842 0.340000003576 20.5059043786 19.7673945047
0.850000023842 0.340000003576 16.5330591195 16.887848101
0.850000023842 0.340000003576 29.4154512363 16.9538778833
0.850000023842 0.340000003576 -50.7554037013 15.8333909511
0.850000023842 0.340000003576 28.087665905 17.1021216181
0.820000052452 -0.340000003576 -49.8859511809 17.958804416
0.850000023842 0.340000003576 20.0863781192 14.7999836724
0.820000052452 -0.340000003576 29.1672446898 18.5259695108
0.850000023842 0.340000003576 44.596354762 17.8376232686
0.850000023842 0.340000003576 31.2960430189 17.7245524515
0.850000023842 0.340000003576 25.7600407119 16.0939071892
0.850000023842 0.340000003576 19.2710478864 12.9308700583
0.850000023842 0.340000003576 22.4583117042 12.8073393928
0.850000023842 0.340000003576 24.1730817195 13.2102412576
0.850000023842 0.340000003576 18.4631158161 11.8517178904
0.850000023842 0.340000003576 17.6672735964 11.2330952159
0.850000023842 0.340000003576 17.3911111215 8.79873430204
0.850000023842 0.340000003576 -43.939586573 2.38066232221
0.850000023842 0.340000003576 -45.1639376308 -26.1290444799
0.820000052452 -0.340000003576 18.8837625598 4.72266342234
0.790000081062 -0.340000003576 12.0450323404 5.67761209835
0.820000052452 0.340000003576 16.4883123873 -0.155835368103
0.850000023842 0.340000003576 8.57308579212 -2.70333734385
0.850000023842 0.340000003576 0.242143762149 -3.32417034724
0.850000023842 -0.340000003576 -0.6904686874 -4.88696569711
0.820000052452 -0.340000003576 11.1474633435 -7.48156343754
0.790000081062 -0.340000003576 11.0534792677 -9.54479616538
0.820000052452 0.340000003576 14.7548233868 -6.96550342269
0.850000023842 0.340000003576 16.1010024626 1.38478592046
0.850000023842 0.340000003576 13.7903185853 1.40099474064
0.850000023842 0.340000003576 13.2302279439 0.418247974517
0.850000023842 0.340000003576 7.02509668508 0.80163392205
0.850000023842 0.340000003576 9.43951813059 2.16090741121
0.850000023842 0.340000003576 9.3920803697 0.866301406099
0.850000023842 0.340000003576 12.7868960924 1.42682748182
0.850000023842 0.340000003576 11.0889133036 -0.258792832723
0.850000023842 0.340000003576 6.89650694042 0.591412898746
0.850000023842 0.340000003576 12.2103407704 -1.6484580159
0.850000023842 0.340000003576 6.96777573638 0.0640738523273
0.850000023842 0.340000003576 5.35007961471 -0.242671571881
0.850000023842 0.340000003576 3.21848989407 0.53880273669
0.850000023842 0.340000003576 5.26210148938 -0.850838998932
0.820000052452 -0.128286451101 6.0643748413 -3.02973400367
0.850000023842 0.340000003576 80.2633849069 -4.72806820021
0.850000023842 0.340000003576 0.00877458524468 -5.01003276364
0.850000023842 0.340000003576 -54.5333387606 -16.6548690858
0.820000052452 -0.340000003576 -54.4329557934 -28.7326075728
0.790000081062 -0.340000003576 -56.527928998 -26.6065954809
0.760000109673 -0.340000003576 -3.38892012843 -13.1730268242
0.730000138283 -0.340000003576 -1.03241401756 -16.649470809
0.760000109673 0.340000003576 -5.7697246917 -20.1734334881
0.790000081062 0.340000003576 7.58842985448 -22.5646820108
0.820000052452 0.340000003576 -3.71723859892 -23.3285466583
0.850000023842 -0.340000003576 -56.9334325471 -15.5643343622
0.820000052452 -0.340000003576 -62.3766279823 -8.05391418256
0.790000081062 -0.340000003576 -59.912301983 -5.68401903211
0.760000109673 -0.340000003576 17.8115541147 22.1785721559
0.730000138283 -0.340000003576 -1.18598783798 27.5239092139
0.760000109673 0.340000003576 25.3433128018 16.2722651679
0.790000081062 0.340000003576 -8.09740593681 -19.6436256701
0.820000052452 0.340000003576 -15.8696103147 -27.8642359068
0.790000081062 -0.340000003576 -12.5784106811 -28.1785861416
0.760000109673 -0.340000003576 -13.8866306116 -27.7751041918
0.730000138283 -0.340000003576 -22.898250642 -27.0761964928
0.700000166893 -0.340000003576 -35.6931961023 -27.6131455359
0.670000195503 -0.340000003576 -26.4983776188 -25.8717200562
0.640000224113 -0.340000003576 -21.0364605965 -28.4200972431
0.610000252724 -0.340000003576 -35.4645726069 -29.3121561445
0.600000023842 -0.340000003576 -28.643526833 -31.5878971695
0.600000023842 -0.340000003576 -74.1050569554 -31.3705149875
0.600000023842 -0.340000003576 4.35694969205 -30.7245971108
0.600000023842 -0.340000003576 24.2519960748 -31.9292872786
0.629999995232 0.340000003576 -23.1210269846 -32.4173847305
0.659999966621 0.340000003576 -30.4226155895 -30.940913719
0.689999938011 -0.340000003576 -43.9443316373 -17.7784051777
0.659999966621 -0.340000003576 -47.0967487085 -21.4712611069
0.629999995232 -0.340000003576 -49.7522278178 -24.7713807058
0.600000023842 -0.340000003576 -50.6195945806 -25.1094431228
0.600000023842 -0.340000003576 -51.6878508396 -21.852285147
0.600000023842 -0.340000003576 -52.2285612266 -20.6219073966
0.600000023842 -0.340000003576 -56.2562458643 -20.3875784393
0.600000023842 -0.340000003576 -61.1320398651 -22.7742209923
0.600000023842 -0.340000003576 -39.7253564364 -17.92405058
0.600000023842 -0.340000003576 -62.3623214829 -19.6867376695
0.600000023842 -0.340000003576 -29.5055386546 -16.3184095151
0.600000023842 -0.340000003576 -33.2126811357 -14.8676487448
0.600000023842 -0.340000003576 -51.9591503337 -14.090600926
0.600000023842 -0.340000003576 -33.1279434512 -10.7403590753
0.600000023842 -0.340000003576 -31.5209429303 -3.08509063394
0.600000023842 -0.340000003576 -27.1507976401 -0.187561096419
0.600000023842 -0.340000003576 -34.2625230344 7.56695294762
