0.715014517307 -0.000917363213375 6.66531991959 17.7224617004 -0.534235656261 10.6810760498
0.719935655594 0.00145759282168 12.2576026917 13.8106584549 4.57687807083 13.442317009
0.727005362511 0.00207352219149 10.3975725174 13.8352804184 12.5960483551 15.9823503494
0.736856758595 0.00107056624256 10.3918819427 13.3333768845 11.5476570129 17.2610626221
0.746426224709 0.00123491871636 10.9552125931 11.4546031952 13.8150224686 17.4865207672
0.753298521042 0.00194689561613 6.81234073639 13.632068634 5.45153999329 16.7985572815
0.76455116272 0.00233026104979 13.9487829208 15.0943250656 8.1267080307 17.7279376984
0.782254219055 0.00216431939043 6.32847499847 14.7236232758 9.76903343201 18.3397827148
0.79395365715 0.00232224096544 28.9431438446 14.6215133667 7.81189727783 16.0377445221
0.804190099239 0.00216092984192 4.20964479446 16.3650684357 9.27264976501 15.6023464203
0.806226372719 0.00281386100687 6.15930843353 13.9590177536 2.69010305405 11.9459915161
0.808320462704 0.00231252540834 1.67023611069 9.97833633423 11.5903253555 19.8672771454
0.808491945267 0.00271963980049 0.767129004002 11.8469362259 2.92738366127 13.7902297974
0.807652831078 0.00252611842006 20.8662414551 10.5953474045 17.8919792175 16.4768314362
0.808170974255 0.00239102938212 -0.113563269377 7.62867832184 3.67500448227 14.3027935028
0.808546185493 0.00304231373593 0.101375803351 6.427942276 3.74463844299 12.8053150177
0.809274256229 0.00276281591505 -1.3387004137 6.02758169174 -0.192818000913 12.5977678299
0.810029387474 0.0024144584313 -2.81876683235 6.24936676025 -2.08921313286 9.99805545807
0.810512065887 0.0025736966636 -2.49768090248 9.95581436157 2.6109752655 10.702671051
0.811124026775 0.00189687300008 -3.31106567383 10.9936752319 -2.11851239204 7.71073722839
0.807789623737 0.0021015284583 -7.26843261719 10.7149066925 -3.71989226341 9.05289840698
0.801088511944 0.0016999481013 -5.38702440262 7.59142065048 -4.02723121643 7.68044519424
0.791617751122 0.00123470742255 -3.50339245796 9.63137817383 -6.06510877609 5.0226726532
0.788999140263 0.00103607436176 -1.37005913258 10.1723670959 2.61875891685 10.5920181274
0.784260630608 0.00102511467412 -8.45826148987 9.79891967773 -1.5552752018 9.10274028778
0.777040421963 0.00126834970433 3.35390806198 6.43685293198 -3.56410551071 10.2224206924
0.768247127533 0.000832678342704 -6.11595678329 4.48991107941 -2.27706289291 8.87612342834
0.762767076492 0.00172024837229 5.41345357895 5.8664355278 3.35945677757 9.67364120483
0.75147074461 0.00211658584885 -4.46179771423 6.35131502151 4.25286340714 10.1422357559
0.736386358738 0.00139054108877 0.759751558304 6.618227005 -3.86121368408 8.26134872437
0.719042897224 0.00150015950203 -3.29240465164 7.49792861938 7.4735789299 7.949406147
0.710880756378 0.00193237327039 4.29515600204 6.54833650589 -3.06738901138 7.02232503891
0.703988909721 0.0017273145495 -0.826442778111 8.29518222809 10.0171632767 8.83033561707
0.695428907871 0.00167912908364 2.50325298309 7.27759027481 -4.61334705353 6.72323179245
0.685945212841 0.00183484330773 6.2854719162 11.0940551758 6.00882434845 7.71818304062
0.681433141232 0.00130637688562 6.29848527908 13.6299190521 -4.3007311821 9.88199615479
0.673636436462 0.00088863336714 7.75659370422 13.5996303558 9.04004096985 10.9623270035
0.670035004616 0.000989299151115 7.0404047966 12.0949621201 -3.32817530632 11.6205358505
0.666065812111 0.00109373452142 9.02755737305 12.3592166901 8.01565551758 10.8465051651
0.66341984272 0.00109366001561 12.1518497467 17.9933109283 9.89500713348 13.9461917877
0.665883183479 0.00108371803071 15.0751819611 14.0772333145 8.53607273102 13.3016176224
0.669961035252 0.0013902655337 13.0419769287 11.9724473953 9.60413837433 15.1935434341
0.681299865246 0.00122879061382 17.3065948486 12.5453948975 11.9266061783 13.1905517578
0.690767526627 0.00208389409818 25.9059906006 12.2784385681 13.3552293777 15.2139339447
0.703279912472 0.00202903314494 17.568397522 15.343211174 13.1071538925 17.7123527527
0.717407405376 0.00214056740515 15.4499368668 12.0557126999 10.9212789536 15.5151233673
0.729030013084 0.00262410915457 21.0233612061 15.2713518143 6.31380939484 15.3308782578
0.739290058613 0.00268033077009 25.0884113312 15.7762308121 10.5194339752 15.3385601044
0.748597800732 0.00293877115473 18.5962085724 21.1867923737 17.6239185333 16.0067462921
0.757307648659 0.00266092596576 15.0243415833 21.0040493011 5.96432638168 16.1342048645
0.764808118343 0.00286404741928 14.08573246 19.3018035889 13.0797986984 18.9947891235
0.781283855438 0.00314924190752 13.6288633347 21.7473754883 14.2446203232 19.9360370636
0.792053818703 0.0025169744622 22.1740245819 17.6237659454 14.1253871918 20.1551246643
0.802244246006 0.00263480166905 14.2739334106 21.2975139618 13.0600709915 20.798242569
0.812915980816 0.00350861088373 29.8555774689 18.1206703186 12.8835697174 22.4211959839
0.817015647888 0.00415551569313 18.3704853058 17.767332077 13.2916097641 21.8697032928
0.81812030077 0.0039090947248 8.76720142365 14.2346954346 13.1363859177 21.5094566345
0.817181050777 0.00359742320143 8.76387119293 12.0483112335 13.9882335663 20.4345912933
0.814979851246 0.00412668893114 7.70557451248 3.45464253426 11.2185268402 20.3234958649
0.813811957836 0.00407669553533 8.29671096802 3.33182573318 11.969871521 17.2888755798
0.810717225075 0.00402309931815 11.7150583267 3.89436125755 6.61572885513 17.0413322449
0.811054110527 0.00355521426536 8.33230113983 9.35058784485 4.25335073471 13.0694513321
0.816721081734 0.00379098090343 2.36151313782 15.3732910156 6.04527521133 12.1107206345
0.822408437729 0.00365733006038 7.10718774796 13.9041194916 0.577563941479 9.33007907867
0.82418346405 0.00345376995392 -1.941578269 13.0033597946 -0.368209600449 8.29152679443
0.826133012772 0.00283049070276 1.49917709827 9.32988548279 -0.763681471348 8.54309177399
0.822797238827 0.00227436772548 14.2719192505 13.7953939438 6.18531227112 10.9096059799
0.821148693562 0.00148644053843 -6.65741014481 13.3924722672 1.93169391155 13.0109586716
0.816082060337 0.000998219009489 -4.18366241455 11.0575628281 7.74497270584 14.2608575821
0.809661567211 0.000726402329747 -6.38954496384 12.9234962463 -2.11082816124 12.7064332962
0.806329786777 0.00202600983903 -8.01571559906 9.41550445557 1.16068422794 13.222697258
0.804978370667 0.00220405030996 -5.75489234924 10.9715299606 12.9850111008 18.8365020752
0.803211092949 0.00192918104585 -7.11578226089 10.3216991425 -3.369546175 8.00033378601
0.802136480808 0.00169417029247 -18.551366806 2.92059755325 -4.99823713303 8.01116085052
0.795147657394 0.002580039436 -6.98291254044 2.3965280056 -2.50617790222 8.50413990021
0.786894023418 0.00299504771829 -3.18865203857 -7.29370641708 -3.7861135006 8.63471698761
0.781650066376 0.00354487914592 -11.7706251144 -4.9785900116 -4.90888500214 4.78547763824
0.768380284309 0.00211174343713 -10.8984899521 -12.0651912689 -1.84998726845 7.92131376266
0.74791508913 0.00208007078618 -2.47724699974 -11.5170202255 3.85257148743 -5.06727790833
0.738767147064 0.00197562715039 -5.49308443069 -13.1215877533 3.59076189995 -5.74125671387
0.726133227348 0.00236403918825 -7.90424633026 -11.699177742 0.423715353012 -5.45401525497
0.720005571842 0.00179683347233 -1.27847933769 -11.3922176361 -2.86532258987 -4.63609600067
0.716305732727 0.000247051066253 -7.83486938477 -16.2599067688 -1.5097066164 -4.56110572815
0.708409786224 -0.000660210265778 -4.9917755127 -6.41434764862 3.32012796402 -3.9692337513
0.69904178381 -0.000146578182466 -8.31464099884 -9.64086818695 11.7825012207 -0.742729306221
0.693894803524 -0.00116188020911 -3.21447777748 -9.1570482254 -3.33722949028 3.50633406639
0.685160577297 -0.00291950209066 1.15308451653 -5.90621232986 21.4074840546 -0.380127727985
0.67942237854 -0.00309616769664 -3.53129410744 3.95739102364 1.79080510139 3.19147491455
0.675273478031 -0.00267805438489 -3.59487009048 -4.07362937927 -9.88854885101 2.76978302002
0.672532558441 -0.00248667318374 0.954083800316 -3.18303656578 -6.76669692993 2.40157794952
0.675318300724 -0.00276094325818 0.691860496998 6.39887952805 1.38812279701 2.90168356895
0.68535387516 -0.00174264062662 3.3912665844 7.86690235138 6.64257001877 7.0315451622
0.69009655714 -0.00138496630825 5.30639791489 8.06751155853 2.44921398163 7.24567365646
0.692744314671 -0.00146014045458 3.30434155464 12.6605186462 0.288020730019 3.65523505211
0.692892372608 -0.00165784242563 4.72129392624 17.9735813141 8.82531547546 6.43721294403
0.69124764204 -0.000831483514048 7.49965286255 17.3915939331 6.12800550461 11.4559345245
0.688560426235 0.000995965558104 12.1618242264 20.3230361938 7.82221889496 13.3314647675
0.684836924076 0.0014184655156 6.55807685852 18.7335510254 9.31069374084 13.0793428421
0.684783577919 0.000195190878003 9.0153093338 21.1205711365 4.90536165237 16.2206954956
0.691907405853 -0.00104457268026 22.4920749664 19.8796806335 5.05235862732 16.6240406036
0.701956272125 -0.00080611964222 13.8763132095 20.9707946777 5.35020446777 17.705198288
0.709081292152 -0.000618426769506 22.9036178589 23.3770065308 10.9863939285 16.3610229492
0.716287136078 0.00150841276627 30.9933242798 24.6374492645 5.4998087883 16.3363418579
0.725847184658 0.00234785443172 22.0208721161 17.7263202667 7.90556621552 15.2719068527
0.727394342422 0.00373228429817 19.9615573883 17.170173645 13.9406070709 15.1336154938
0.737600743771 0.00382816721685 50.1739692688 22.2498283386 14.6207294464 19.9815120697
0.742907583714 0.0043881572783 30.3870334625 23.4017715454 9.24261951447 17.8615875244
0.749050796032 0.00410895701498 26.1116199493 26.0565910339 12.9036598206 15.9099988937
0.757824957371 0.0043375743553 14.3533582687 18.2748317719 8.00143241882 14.4350318909
0.776053071022 0.00427122367546 11.395450592 21.7482719421 13.761677742 19.6509819031
0.790750622749 0.0043245125562 14.3572063446 19.5654945374 18.3803920746 16.4702472687
0.801760971546 0.00354479346424 16.6260051727 20.7184753418 13.4096479416 20.1777915955
0.807900607586 0.00426531583071 40.1716690063 13.5459690094 14.1820163727 20.825214386
0.811871469021 0.00427896296605 12.3442544937 17.618434906 13.98042202 19.8344192505
0.812607169151 0.00415291823447 19.6864337921 13.908241272 11.1079139709 20.1593437195
0.813134491444 0.00420702155679 19.6626834869 18.0248336792 3.85043549538 11.221446991
0.812482059002 0.00380383152515 11.4953918457 18.6424026489 13.5375375748 17.7712039948
0.815106153488 0.0044359783642 10.6025562286 16.3274917603 8.83562088013 10.1418437958
0.819947719574 0.00394412269816 19.2985954285 17.1023082733 10.3047399521 18.9035148621
0.82397711277 0.00395813770592 13.3692007065 19.6815032959 6.44225645065 12.4072809219
0.824877023697 0.00274537061341 13.2386922836 17.0415611267 6.43857812881 16.9621047974
0.824780702591 0.00314407842234 13.1845474243 21.3231964111 9.89249134064 15.5518083572
0.822459995747 0.00337764178403 10.4949827194 22.0970973969 6.69952774048 15.3858985901
0.819137513638 0.00284434179775 13.2298555374 19.8345413208 6.23292970657 16.8588695526
0.815403223038 0.0029760163743 6.80320739746 25.6207523346 13.2377281189 21.3689785004
0.814120769501 0.00384256755933 6.5991024971 19.4802188873 13.9202594757 18.2498645782
0.81730389595 0.00371710769832 11.9546794891 23.996389389 11.1072015762 21.3638286591
0.820057809353 0.00275458791293 9.54323005676 24.4704151154 7.26435661316 20.6082363129
0.822738409042 0.00276073324494 8.40989685059 21.7534446716 13.3170528412 21.4466056824
0.824938476086 0.00223762751557 8.44096279144 24.4876022339 4.34249591827 17.1140365601
0.824755191803 0.00359822926112 2.94989204407 20.4714012146 3.26733183861 14.8623800278
0.820985138416 0.00342043000273 2.06415295601 19.3277378082 9.08304214478 21.0475234985
0.819553256035 0.00420576287434 -1.32637834549 19.4786453247 4.89163637161 18.4010448456
0.815500199795 0.00464595248923 -4.44060754776 16.7265968323 3.31134271622 16.6772460938
0.812344789505 0.00373627035879 4.13047504425 16.6204738617 5.40263414383 13.6654253006
0.80661380291 0.00420466996729 1.8425334692 18.1169185638 1.15678358078 10.4354791641
0.801399111748 0.00363781838678 -3.36789917946 13.6712770462 -1.36674761772 11.416258812
0.79645460844 0.00427811639383 3.58909392357 13.876455307 -3.8636636734 9.62353610992
0.798338711262 0.0046401983127 -4.59693098068 16.9864654541 -3.82682871819 8.52335548401
0.803258359432 0.00413869321346 -4.59693098068 16.9864654541 -0.659454643726 9.99649238586
0.805094897747 0.00405760621652 -6.50124883652 13.9811115265 0.872079610825 8.56436252594
0.802741825581 0.00317776040174 4.57588195801 8.26863288879 -3.59065246582 7.98684549332
0.790843784809 0.00310526159592 -2.05255579948 7.57247018814 4.84839820862 9.22902774811
0.778369069099 0.00386786134914 -3.23332929611 3.68574619293 1.36923098564 9.09230899811
0.765860795975 0.00371810258366 -2.41958451271 4.71786928177 -3.13782691956 8.69900894165
0.751634657383 0.00410078745335 -1.70401263237 4.31418895721 -3.53602862358 7.66103553772
0.740427196026 0.00342418369837 -1.46849048138 5.09661769867 7.37919139862 8.18339538574
0.734611690044 0.00372391706333 -3.44287490845 -0.590970814228 -5.66592311859 5.95284032822
0.734324514866 0.00279602734372 -4.3671541214 3.2940120697 2.60650348663 0.109784916043
0.731555521488 0.00284513086081 -6.48297739029 9.71879386902 1.13775956631 2.42841053009
0.727284550667 0.00151570013259 -0.0308605786413 8.23786830902 0.753737092018 2.16101408005
0.722475230694 0.000345514563378 -2.48530912399 8.68477630615 -6.2391872406 7.89168787003
0.715330302715 9.06470449991e-05 5.7290391922 11.6761217117 -2.72138190269 -3.51688981056
0.7118293643 0.000134618283482 3.79117941856 10.8823127747 -1.84578347206 7.94228887558
0.705525696278 -2.65368762484e-05 5.2179350853 12.4343576431 -0.174298375845 8.9706735611
0.703341722488 -3.14542521664e-05 2.49831938744 14.7531194687 7.34270620346 12.6605834961
0.698976159096 0.000594897544943 18.4956016541 12.4028272629 3.48767089844 9.82242012024
0.680303812027 0.00191418849863 36.3487472534 12.7561063766 5.46013402939 16.127281189
0.671521067619 0.00133209349588 7.4053902626 12.7718601227 7.05586004257 14.7894792557
0.676812231541 0.00150691415183 7.18263292313 7.76513051987 9.13861846924 11.244383812
0.682054281235 0.00161155022215 9.84789848328 16.6740226746 7.78913116455 14.0181779861
0.696486830711 0.00194007856771 7.09395217896 12.4065542221 12.8625802994 11.7588243484
0.700066626072 0.00220400141552 20.4933242798 6.90481853485 14.0218439102 13.9513778687
0.709259092808 0.00262708240189 23.059217453 11.9430732727 12.4296751022 15.0081110001
0.712041378021 0.00303524360061 12.9167327881 9.44850540161 6.24210214615 9.51017856598
0.716685771942 0.00210686516948 11.2507820129 12.5616025925 15.0700998306 16.2711715698
0.734521448612 0.00242891372181 7.59087324142 11.8405132294 6.24897670746 13.2811946869
0.745464861393 0.00228113378398 11.1351423264 9.1954574585 1.15081393719 7.02685260773
0.75736540556 0.00195534620434 10.9886474609 16.4769706726 15.392821312 15.4089202881
0.765133559704 0.00245783152059 3.97267913818 13.0338697433 13.7540006638 18.0792922974
0.772826313972 0.00271864980459 8.46087932587 12.6970376968 6.45445680618 13.9069623947
0.777400970459 0.00245123379864 10.4989786148 13.7367973328 7.43050718307 14.238067627
0.781308352947 0.00284688780084 1.6514313221 13.6571235657 6.3026638031 14.6182022095
0.784748375416 0.0024469345808 4.23797035217 9.68412780762 10.1456222534 18.4050445557
0.788317203522 0.00202730670571 10.3893432617 13.7323408127 2.26725196838 13.5890455246
0.79714268446 0.00241868151352 -6.41200733185 13.352853775 11.0056285858 15.4284038544
0.805109083652 0.00161135254893 0.949657261372 12.0008964539 10.4175806046 18.8082809448
