9.42815 16.8784 14.9545 16.0362 8.55408 14.928 0.816088 0.00322037 0.782533 0.00334351 
23.7556 17.2619 11.6195 15.7229 10.6283 16.067 0.814378 0.00363873 0.792208 0.00260518 
17.6936 16.4176 15.0932 18.8864 9.73323 16.7837 0.808718 0.00316545 0.802365 0.00273373 
4.58287 19.4144 10.4377 19.3852 33.2088 11.1977 0.803164 0.00410962 0.809034 0.00295798 
7.25966 17.5817 10.2362 20.0467 6.62755 18.8497 0.798865 0.00459197 0.815362 0.00331407 
40.2745 16.144 9.42815 16.8784 14.9545 16.0362 0.797698 0.00336201 0.816088 0.00322037 
10.6999 16.7662 23.7556 17.2619 11.6195 15.7229 0.798202 0.00352457 0.814378 0.00363873 
-0.270424 9.4633 17.6936 16.4176 15.0932 18.8864 0.806085 0.00315013 0.808718 0.00316545 
0.952129 4.86349 4.58287 19.4144 10.4377 19.3852 0.812809 0.00354797 0.803164 0.00410962 
-1.17618 12.4253 7.25966 17.5817 10.2362 20.0467 0.815473 0.00330318 0.798865 0.00459197 
35.2547 11.087 40.2745 16.144 9.42815 16.8784 0.818764 0.00362911 0.797698 0.00336201 
19.4253 14.132 10.6999 16.7662 23.7556 17.2619 0.81714 0.00161518 0.798202 0.00352457 
-3.03123 13.4951 -0.270424 9.4633 17.6936 16.4176 0.812367 0.000972308 0.806085 0.00315013 
-4.79148 13.3875 0.952129 4.86349 4.58287 19.4144 0.802279 0.00152099 0.812809 0.00354797 
-5.4893 11.0865 -1.17618 12.4253 7.25966 17.5817 0.792086 0.00247208 0.815473 0.00330318 
-13.302 14.0245 35.2547 11.087 40.2745 16.144 0.78244 0.00312272 0.818764 0.00362911 
-17.8792 10.6539 19.4253 14.132 10.6999 16.7662 0.781257 0.00254709 0.81714 0.00161518 
-14.169 5.99552 -3.03123 13.4951 -0.270424 9.4633 0.776763 0.00251104 0.812367 0.000972308 
-11.2939 2.43536 -4.79148 13.3875 0.952129 4.86349 0.767158 0.00258538 0.802279 0.00152099 
-8.99231 1.31466 -5.4893 11.0865 -1.17618 12.4253 0.750585 0.00272794 0.792086 0.00247208 
-18.3946 -3.93462 -13.302 14.0245 35.2547 11.087 0.72886 0.00205461 0.78244 0.00312272 
-7.28841 -4.59596 -17.8792 10.6539 19.4253 14.132 0.712842 0.00145895 0.781257 0.00254709 
0.274682 -6.71379 -14.169 5.99552 -3.03123 13.4951 0.691967 0.000502658 0.776763 0.00251104 
8.3865 -7.32095 -11.2939 2.43536 -4.79148 13.3875 0.676969 -2.59206e-05 0.767158 0.00258538 
-7.96007 -10.3889 -8.99231 1.31466 -5.4893 11.0865 0.670116 -0.000785664 0.750585 0.00272794 
22.2347 -13.7387 -18.3946 -3.93462 -13.302 14.0245 0.663571 -0.00172253 0.72886 0.00205461 
0.917745 -10.0851 -7.28841 -4.59596 -17.8792 10.6539 0.661362 -0.00190447 0.712842 0.00145895 
-3.16778 -4.03912 0.274682 -6.71379 -14.169 5.99552 0.656553 -0.00130258 0.691967 0.000502658 
40.2254 -7.0172 8.3865 -7.32095 -11.2939 2.43536 0.652323 -0.00133767 0.676969 -2.59206e-05 
6.2325 0.688176 -7.96007 -10.3889 -8.99231 1.31466 0.650216 -0.00142468 0.670116 -0.000785664 
40.1175 10.997 22.2347 -13.7387 -18.3946 -3.93462 0.651328 -0.00112655 0.663571 -0.00172253 
-4.60541 12.8332 0.917745 -10.0851 -7.28841 -4.59596 0.657464 -0.00113415 0.661362 -0.00190447 
-63.8696 8.55686 -3.16778 -4.03912 0.274682 -6.71379 0.677583 0.000189419 0.656553 -0.00130258 
-4.04809 7.32114 40.2254 -7.0172 8.3865 -7.32095 0.702944 0.000485949 0.652323 -0.00133767 
9.10056 4.33811 6.2325 0.688176 -7.96007 -10.3889 0.728422 0.00023612 0.650216 -0.00142468 
9.35179 6.9566 40.1175 10.997 22.2347 -13.7387 0.742398 0.000806477 0.651328 -0.00112655 
6.06686 2.83737 -4.60541 12.8332 0.917745 -10.0851 0.750319 0.00335101 0.657464 -0.00113415 
3.75202 3.5972 -63.8696 8.55686 -3.16778 -4.03912 0.743858 0.00375264 0.677583 0.000189419 
2.85505 6.24919 -4.04809 7.32114 40.2254 -7.0172 0.736974 0.00113974 0.702944 0.000485949 
2.57402 4.77144 9.10056 4.33811 6.2325 0.688176 0.736692 -0.000193609 0.728422 0.00023612 
5.48156 6.42459 9.35179 6.9566 40.1175 10.997 0.738061 0.000275309 0.742398 0.000806477 
2.34169 3.26368 6.06686 2.83737 -4.60541 12.8332 0.739252 0.00125009 0.750319 0.00335101 
5.27315 7.65712 3.75202 3.5972 -63.8696 8.55686 0.741218 0.000692344 0.743858 0.00375264 
4.49416 10.0771 2.85505 6.24919 -4.04809 7.32114 0.747863 0.000329073 0.736974 0.00113974 
4.87072 4.25371 2.57402 4.77144 9.10056 4.33811 0.757693 7.18075e-05 0.736692 -0.000193609 
1.83017 9.68629 5.48156 6.42459 9.35179 6.9566 0.76318 0.000426669 0.738061 0.000275309 
1.8673 5.33909 2.34169 3.26368 6.06686 2.83737 0.766045 0.00101771 0.739252 0.00125009 
8.63079 12.4396 5.27315 7.65712 3.75202 3.5972 0.764167 0.00142945 0.741218 0.000692344 
3.02746 11.1917 4.49416 10.0771 2.85505 6.24919 0.759075 0.00138492 0.747863 0.000329073 
5.74215 12.2488 4.87072 4.25371 2.57402 4.77144 0.749518 0.00176982 0.757693 7.18075e-05 
1.22026 11.6855 1.83017 9.68629 5.48156 6.42459 0.745155 0.00203372 0.76318 0.000426669 
3.19165 11.1621 1.8673 5.33909 2.34169 3.26368 0.742352 0.00253633 0.766045 0.00101771 
4.26287 10.7879 8.63079 12.4396 5.27315 7.65712 0.748986 0.00270989 0.764167 0.00142945 
-0.735226 8.65376 3.02746 11.1917 4.49416 10.0771 0.755348 0.00233974 0.759075 0.00138492 
8.10395 4.30027 5.74215 12.2488 4.87072 4.25371 0.763365 0.00188313 0.749518 0.00176982 
8.96985 9.05011 1.22026 11.6855 1.83017 9.68629 0.768927 0.00206441 0.745155 0.00203372 
0.342952 3.78592 3.19165 11.1621 1.8673 5.33909 0.76996 0.00225162 0.742352 0.00253633 
5.34952 10.5277 4.26287 10.7879 8.63079 12.4396 0.769034 0.0023971 0.748986 0.00270989 
1.0785 8.94508 -0.735226 8.65376 3.02746 11.1917 0.76458 0.00128693 0.755348 0.00233974 
4.10497 6.666 8.10395 4.30027 5.74215 12.2488 0.756599 0.00111577 0.763365 0.00188313 
-0.671322 9.16679 8.96985 9.05011 1.22026 11.6855 0.750937 0.0011785 0.768927 0.00206441 
7.93382 8.62493 0.342952 3.78592 3.19165 11.1621 0.750157 0.00103047 0.76996 0.00225162 
3.63093 12.1904 5.34952 10.5277 4.26287 10.7879 0.757804 0.00197963 0.769034 0.0023971 
-2.31342 10.2162 1.0785 8.94508 -0.735226 8.65376 0.761144 0.00222091 0.76458 0.00128693 
3.65489 8.37305 4.10497 6.666 8.10395 4.30027 0.763658 0.00220683 0.756599 0.00111577 
-0.600093 11.132 -0.671322 9.16679 8.96985 9.05011 0.761504 0.00209379 0.750937 0.0011785 
1.58545 10.8218 7.93382 8.62493 0.342952 3.78592 0.757272 0.00160765 0.750157 0.00103047 
2.22099 10.1146 3.63093 12.1904 5.34952 10.5277 0.748309 0.00147261 0.757804 0.00197963 
2.68699 12.7295 -2.31342 10.2162 1.0785 8.94508 0.738569 0.00241675 0.761144 0.00222091 
2.0622 8.35979 3.65489 8.37305 4.10497 6.666 0.729149 0.00191235 0.763658 0.00220683 
0.721509 11.4094 -0.600093 11.132 -0.671322 9.16679 0.722327 0.00128628 0.761504 0.00209379 
1.5164 8.3708 1.58545 10.8218 7.93382 8.62493 0.721712 0.00152856 0.757272 0.00160765 
2.73818 4.16174 2.22099 10.1146 3.63093 12.1904 0.726131 0.00231369 0.748309 0.00147261 
0.106382 7.94692 2.68699 12.7295 -2.31342 10.2162 0.730976 0.00267288 0.738569 0.00241675 
2.14197 7.68554 2.0622 8.35979 3.65489 8.37305 0.732594 0.00143956 0.729149 0.00191235 
3.41652 5.51272 0.721509 11.4094 -0.600093 11.132 0.731096 0.00101935 0.722327 0.00128628 
3.33502 7.14527 1.5164 8.3708 1.58545 10.8218 0.726177 0.00105312 0.721712 0.00152856 
3.42976 7.28586 2.73818 4.16174 2.22099 10.1146 0.723114 0.00085767 0.726131 0.00231369 
1.82049 9.73089 0.106382 7.94692 2.68699 12.7295 0.721169 0.000847756 0.730976 0.00267288 
3.38743 10.4352 2.14197 7.68554 2.0622 8.35979 0.714418 0.000956354 0.732594 0.00143956 
4.38102 9.07996 3.41652 5.51272 0.721509 11.4094 0.712961 0.00136957 0.731096 0.00101935 
10.1325 14.4077 3.33502 7.14527 1.5164 8.3708 0.715893 0.00116607 0.726177 0.00105312 
1.9732 13.2864 3.42976 7.28586 2.73818 4.16174 0.723575 0.000741659 0.723114 0.00085767 
18.5471 12.2056 1.82049 9.73089 0.106382 7.94692 0.732899 0.00129324 0.721169 0.000847756 
3.05413 12.8702 3.38743 10.4352 2.14197 7.68554 0.738662 0.00201706 0.714418 0.000956354 
7.9631 14.4617 4.38102 9.07996 3.41652 5.51272 0.742591 0.00243611 0.712961 0.00136957 
7.87155 13.7106 10.1325 14.4077 3.33502 7.14527 0.745964 0.00264601 0.715893 0.00116607 
5.78722 15.2656 1.9732 13.2864 3.42976 7.28586 0.745481 0.00239089 0.723575 0.000741659 
8.44925 12.0427 18.5471 12.2056 1.82049 9.73089 0.743268 0.00237641 0.732899 0.00129324 
10.8734 14.2533 3.05413 12.8702 3.38743 10.4352 0.741968 0.00257302 0.738662 0.00201706 
8.05068 12.5928 7.9631 14.4617 4.38102 9.07996 0.745402 0.00297696 0.742591 0.00243611 
10.0719 11.4423 7.87155 13.7106 10.1325 14.4077 0.752979 0.00257664 0.745964 0.00264601 
12.3207 14.3047 5.78722 15.2656 1.9732 13.2864 0.766952 0.00217268 0.745481 0.00239089 
4.98417 10.7591 8.44925 12.0427 18.5471 12.2056 0.777966 0.00208355 0.743268 0.00237641 
11.5136 10.1883 10.8734 14.2533 3.05413 12.8702 0.783375 0.00233094 0.741968 0.00257302 
11.8065 10.1229 8.05068 12.5928 7.9631 14.4617 0.792846 0.00247632 0.745402 0.00297696 
12.5088 9.09043 10.0719 11.4423 7.87155 13.7106 0.795887 0.00271921 0.752979 0.00257664 
9.21509 12.21 12.3207 14.3047 5.78722 15.2656 0.798686 0.00192633 0.766952 0.00217268 
8.04607 12.9215 4.98417 10.7591 8.44925 12.0427 0.800127 0.00176999 0.777966 0.00208355 
5.29581 11.9649 11.5136 10.1883 10.8734 14.2533 0.799976 0.000912102 0.783375 0.00233094 
4.74509 9.88786 11.8065 10.1229 8.05068 12.5928 0.801585 0.00175486 0.792846 0.00247632 
5.20411 10.0613 12.5088 9.09043 10.0719 11.4423 0.804736 0.00201255 0.795887 0.00271921 
4.84904 7.14513 9.21509 12.21 12.3207 14.3047 0.81144 0.00256198 0.798686 0.00192633 
4.60135 11.3984 8.04607 12.9215 4.98417 10.7591 0.816872 0.00237227 0.800127 0.00176999 
-0.81375 14.4175 5.29581 11.9649 11.5136 10.1883 0.818478 0.00194552 0.799976 0.000912102 
2.80302 12.5784 4.74509 9.88786 11.8065 10.1229 0.816899 0.00126982 0.801585 0.00175486 
0.155297 12.5673 5.20411 10.0613 12.5088 9.09043 0.809833 0.00124259 0.804736 0.00201255 
-2.05751 11.3901 4.84904 7.14513 9.21509 12.21 0.803684 0.00195332 0.81144 0.00256198 
-2.319 12.8006 4.60135 11.3984 8.04607 12.9215 0.793213 0.00220822 0.816872 0.00237227 
-8.79058 10.4554 -0.81375 14.4175 5.29581 11.9649 0.780742 0.00326846 0.818478 0.00194552 
-7.49142 10.4627 2.80302 12.5784 4.74509 9.88786 0.771571 0.00318279 0.816899 0.00126982 
-13.4386 12.1361 0.155297 12.5673 5.20411 10.0613 0.763125 0.00237293 0.809833 0.00124259 
-9.29867 10.0104 -2.05751 11.3901 4.84904 7.14513 0.75739 0.00251166 0.803684 0.00195332 
-11.0019 12.0618 -2.319 12.8006 4.60135 11.3984 0.751024 0.00236095 0.793213 0.00220822 
-9.33986 7.22663 -8.79058 10.4554 -0.81375 14.4175 0.740177 0.00242137 0.780742 0.00326846 
-2.35378 6.60815 -7.49142 10.4627 2.80302 12.5784 0.725345 0.00226472 0.771571 0.00318279 
-8.34924 8.30333 -13.4386 12.1361 0.155297 12.5673 0.70836 0.00196468 0.763125 0.00237293 
-3.49786 5.77814 -9.29867 10.0104 -2.05751 11.3901 0.690538 0.00143899 0.75739 0.00251166 
-2.40245 9.10056 -11.0019 12.0618 -2.319 12.8006 0.678089 0.00135206 0.751024 0.00236095 
-8.89912 8.66461 -9.33986 7.22663 -8.79058 10.4554 0.663085 0.000893484 0.740177 0.00242137 
-3.08966 8.13159 -2.35378 6.60815 -7.49142 10.4627 0.654847 0.000874626 0.725345 0.00226472 
-1.89167 8.14725 -8.34924 8.30333 -13.4386 12.1361 0.655295 0.0016841 0.70836 0.00196468 
-1.61021 10.7771 -3.49786 5.77814 -9.29867 10.0104 0.660381 0.00156044 0.690538 0.00143899 
0.814202 9.30255 -2.40245 9.10056 -11.0019 12.0618 0.664908 0.00125854 0.678089 0.00135206 
3.77396 8.19331 -8.89912 8.66461 -9.33986 7.22663 0.665323 0.00106457 0.663085 0.000893484 
5.99483 9.80659 -3.08966 8.13159 -2.35378 6.60815 0.667117 0.00138978 0.654847 0.000874626 
5.29067 6.35191 -1.89167 8.14725 -8.34924 8.30333 0.668662 0.00116317 0.655295 0.0016841 
9.72616 5.90408 -1.61021 10.7771 -3.49786 5.77814 0.670359 0.00118225 0.660381 0.00156044 
12.2129 7.05789 0.814202 9.30255 -2.40245 9.10056 0.674376 0.00174557 0.664908 0.00125854 
8.71848 8.83588 3.77396 8.19331 -8.89912 8.66461 0.683028 0.00206244 0.665323 0.00106457 
16.9229 7.08681 5.99483 9.80659 -3.08966 8.13159 0.703944 0.00148189 0.667117 0.00138978 
21.6023 8.9058 5.29067 6.35191 -1.89167 8.14725 0.723845 0.00110466 0.668662 0.00116317 
13.3024 7.59924 9.72616 5.90408 -1.61021 10.7771 0.738555 0.000886201 0.670359 0.00118225 
14.4499 8.30595 12.2129 7.05789 0.814202 9.30255 0.754759 0.00185229 0.674376 0.00174557 
19.2429 11.8166 8.71848 8.83588 3.77396 8.19331 0.766707 0.00177636 0.683028 0.00206244 
17.3265 10.2341 16.9229 7.08681 5.99483 9.80659 0.776078 0.001514 0.703944 0.00148189 
15.335 14.7714 21.6023 8.9058 5.29067 6.35191 0.783369 0.00151881 0.723845 0.00110466 
12.453 12.6256 13.3024 7.59924 9.72616 5.90408 0.787021 0.00175868 0.738555 0.000886201 
11.8933 16.7611 14.4499 8.30595 12.2129 7.05789 0.79211 0.00181473 0.754759 0.00185229 
16.0425 15.3913 19.2429 11.8166 8.71848 8.83588 0.794745 0.00219533 0.766707 0.00177636 
14.8942 16.4298 17.3265 10.2341 16.9229 7.08681 0.803602 0.00218444 0.776078 0.001514 
16.1179 15.75 15.335 14.7714 21.6023 8.9058 0.814965 0.00252446 0.783369 0.00151881 
13.9892 17.6376 12.453 12.6256 13.3024 7.59924 0.818809 0.00250394 0.787021 0.00175868 
20.4846 18.2098 11.8933 16.7611 14.4499 8.30595 0.821399 0.00290002 0.79211 0.00181473 
4.65114 18.1714 16.0425 15.3913 19.2429 11.8166 0.821794 0.00293862 0.794745 0.00219533 
13.8888 16.5912 14.8942 16.4298 17.3265 10.2341 0.820325 0.00342149 0.803602 0.00218444 
6.56731 17.8777 16.1179 15.75 15.335 14.7714 0.81879 0.00277532 0.814965 0.00252446 
3.93764 13.7352 13.9892 17.6376 12.453 12.6256 0.815831 0.00345525 0.818809 0.00250394 
0.314721 14.3714 20.4846 18.2098 11.8933 16.7611 0.811296 0.00354686 0.821399 0.00290002 
-1.08124 11.7919 4.65114 18.1714 16.0425 15.3913 0.809228 0.0028295 0.821794 0.00293862 
1.03889 11.2819 13.8888 16.5912 14.8942 16.4298 0.80927 0.00346617 0.820325 0.00342149 
0.712618 11.6305 6.56731 17.8777 16.1179 15.75 0.812829 0.00343481 0.81879 0.00277532 
-4.33612 10.5399 3.93764 13.7352 13.9892 17.6376 0.811631 0.00348097 0.815831 0.00345525 
27.6149 10.3984 0.314721 14.3714 20.4846 18.2098 0.809028 0.00244844 0.811296 0.00354686 
-3.05254 12.1793 -1.08124 11.7919 4.65114 18.1714 0.799372 0.00194352 0.809228 0.0028295 
-1.09894 10.6699 1.03889 11.2819 13.8888 16.5912 0.785767 0.00209302 0.80927 0.00346617 
-2.11635 3.32765 0.712618 11.6305 6.56731 17.8777 0.773358 0.00194429 0.812829 0.00343481 
-5.14968 12.0731 -4.33612 10.5399 3.93764 13.7352 0.767946 0.00212789 0.811631 0.00348097 
-6.68358 8.60912 27.6149 10.3984 0.314721 14.3714 0.764673 0.00252053 0.809028 0.00244844 
-6.22549 6.99835 -3.05254 12.1793 -1.08124 11.7919 0.76944 0.00173046 0.799372 0.00194352 
-4.93029 9.41507 -1.09894 10.6699 1.03889 11.2819 0.774589 0.000316288 0.785767 0.00209302 
-10.7855 5.96729 -2.11635 3.32765 0.712618 11.6305 0.77476 0.00072264 0.773358 0.00194429 
-3.44374 8.14822 -5.14968 12.0731 -4.33612 10.5399 0.771169 0.00165512 0.767946 0.00212789 
-14.8322 7.41287 -6.68358 8.60912 27.6149 10.3984 0.757459 0.00181912 0.764673 0.00252053 
-11.7817 8.14969 -6.22549 6.99835 -3.05254 12.1793 0.744755 0.00160771 0.76944 0.00173046 
-5.70828 8.29374 -4.93029 9.41507 -1.09894 10.6699 0.730109 0.00181819 0.774589 0.000316288 
-11.9043 11.7516 -10.7855 5.96729 -2.11635 3.32765 0.718043 0.00149199 0.77476 0.00072264 
-7.37612 13.5261 -3.44374 8.14822 -5.14968 12.0731 0.700237 0.00205174 0.771169 0.00165512 
-14.1922 15.5646 -14.8322 7.41287 -6.68358 8.60912 0.681402 0.00125155 0.757459 0.00181912 
-5.66352 5.68287 -11.7817 8.14969 -6.22549 6.99835 0.671293 0.00121645 0.744755 0.00160771 
-0.990529 3.29169 -5.70828 8.29374 -4.93029 9.41507 0.665756 0.00269452 0.730109 0.00181819 
-2.39603 2.97384 -11.9043 11.7516 -10.7855 5.96729 0.665378 0.00367178 0.718043 0.00149199 
-0.527536 5.61973 -7.37612 13.5261 -3.44374 8.14822 0.669193 0.00296415 0.700237 0.00205174 
1.98792 3.15192 -14.1922 15.5646 -14.8322 7.41287 0.672965 0.000511534 0.681402 0.00125155 
-3.19228 7.61911 -5.66352 5.68287 -11.7817 8.14969 0.67514 0.000158512 0.671293 0.00121645 
2.67672 2.44524 -0.990529 3.29169 -5.70828 8.29374 0.67781 0.000382168 0.665756 0.00269452 
2.16519 8.18413 -2.39603 2.97384 -11.9043 11.7516 0.67927 0.00124645 0.665378 0.00367178 
3.23316 1.37577 -0.527536 5.61973 -7.37612 13.5261 0.681402 0.00157389 0.669193 0.00296415 
-8.62026 11.5829 1.98792 3.15192 -14.1922 15.5646 0.684425 0.00147276 0.672965 0.000511534 
11.0422 11.3661 -3.19228 7.61911 -5.66352 5.68287 0.690805 0.00168119 0.67514 0.000158512 
10.9666 13.8984 2.67672 2.44524 -0.990529 3.29169 0.699579 0.001737 0.67781 0.000382168 
7.71566 13.4842 2.16519 8.18413 -2.39603 2.97384 0.711423 0.00144168 0.67927 0.00124645 
14.1894 11.0941 3.23316 1.37577 -0.527536 5.61973 0.721017 0.00156734 0.681402 0.00157389 
10.4269 13.0549 -8.62026 11.5829 1.98792 3.15192 0.732621 0.00255918 0.684425 0.00147276 
12.6861 12.9842 11.0422 11.3661 -3.19228 7.61911 0.737403 0.00297583 0.690805 0.00168119 
13.2871 12.3625 10.9666 13.8984 2.67672 2.44524 0.748338 0.00230713 0.699579 0.001737 
18.8367 15.3709 7.71566 13.4842 2.16519 8.18413 0.754239 0.00243934 0.711423 0.00144168 
17.5007 12.6509 14.1894 11.0941 3.23316 1.37577 0.764174 0.00190277 0.721017 0.00156734 
16.4522 11.7514 10.4269 13.0549 -8.62026 11.5829 0.770001 0.0019301 0.732621 0.00255918 
31.0767 13.2761 12.6861 12.9842 11.0422 11.3661 0.776107 0.00208779 0.737403 0.00297583 
14.4319 19.5887 13.2871 12.3625 10.9666 13.8984 0.786514 0.00235364 0.748338 0.00230713 
21.4575 15.1716 18.8367 15.3709 7.71566 13.4842 0.796721 0.00273357 0.754239 0.00243934 
19.3062 18.2577 17.5007 12.6509 14.1894 11.0941 0.808063 0.00240124 0.764174 0.00190277 
12.9699 20.2687 16.4522 11.7514 10.4269 13.0549 0.815123 0.00290142 0.770001 0.0019301 
18.9424 17.9573 31.0767 13.2761 12.6861 12.9842 0.822117 0.00323798 0.776107 0.00208779 
17.3545 22.1856 14.4319 19.5887 13.2871 12.3625 0.823565 0.00341584 0.786514 0.00235364 
9.19262 19.0803 21.4575 15.1716 18.8367 15.3709 0.821152 0.00407239 0.796721 0.00273357 
7.75516 22.5939 19.3062 18.2577 17.5007 12.6509 0.819007 0.00475789 0.808063 0.00240124 
27.715 19.6987 12.9699 20.2687 16.4522 11.7514 0.814897 0.00339722 0.815123 0.00290142 
7.93965 19.9988 18.9424 17.9573 31.0767 13.2761 0.813771 0.00386573 0.822117 0.00323798 
8.86584 12.7904 17.3545 22.1856 14.4319 19.5887 0.816496 0.000381824 0.823565 0.00341584 
3.16637 3.97992 9.19262 19.0803 21.4575 15.1716 0.821928 -9.39335e-05 0.821152 0.00407239 
-2.26605 6.92513 7.75516 22.5939 19.3062 18.2577 0.823147 1.54237e-05 0.819007 0.00475789 
-1.33536 7.38305 27.715 19.6987 12.9699 20.2687 0.822043 0.000924809 0.814897 0.00339722 
4.53889 15.695 7.93965 19.9988 18.9424 17.9573 0.828956 0.00262884 0.813771 0.00386573 
0.0547064 25.3051 8.86584 12.7904 17.3545 22.1856 0.825861 0.00135517 0.816496 0.000381824 
-1.82683 23.4526 3.16637 3.97992 9.19262 19.0803 0.810326 0.00128689 0.821928 -9.39335e-05 
5.80122 22.2306 -2.26605 6.92513 7.75516 22.5939 0.80732 0.0021964 0.823147 1.54237e-05 
7.4838 18.5108 -1.33536 7.38305 27.715 19.6987 0.805115 0.00292757 0.822043 0.000924809 
-2.92252 17.0928 4.53889 15.695 7.93965 19.9988 0.804305 0.00393913 0.828956 0.00262884 
-2.87024 17.3989 0.0547064 25.3051 8.86584 12.7904 0.799667 0.00473429 0.825861 0.00135517 
-1.45115 19.3101 -1.82683 23.4526 3.16637 3.97992 0.793398 0.00339366 0.810326 0.00128689 
-4.99534 21.7116 5.80122 22.2306 -2.26605 6.92513 0.7883 0.00394202 0.80732 0.0021964 
-8.72852 16.1152 7.4838 18.5108 -1.33536 7.38305 0.785458 0.00346158 0.805115 0.00292757 
-7.98393 11.4074 -2.92252 17.0928 4.53889 15.695 0.767359 0.00344047 0.804305 0.00393913 
-0.623302 10.3399 -2.87024 17.3989 0.0547064 25.3051 0.75065 0.00270748 0.799667 0.00473429 
-3.73638 4.68672 -1.45115 19.3101 -1.82683 23.4526 0.732701 0.0017989 0.793398 0.00339366 
-3.37698 1.6216 -4.99534 21.7116 5.80122 22.2306 0.725976 0.00170045 0.7883 0.00394202 
-1.66595 0.543724 -8.72852 16.1152 7.4838 18.5108 0.712062 0.00211501 0.785458 0.00346158 
-1.24254 2.13911 -7.98393 11.4074 -2.92252 17.0928 0.707343 0.00249399 0.767359 0.00344047 
-0.0308037 -1.15085 -0.623302 10.3399 -2.87024 17.3989 0.698581 0.000933491 0.75065 0.00270748 
0.175199 -0.0236967 -3.73638 4.68672 -1.45115 19.3101 0.688525 0.000924424 0.732701 0.0017989 
1.82558 -2.42359 -3.37698 1.6216 -4.99534 21.7116 0.685523 8.49695e-05 0.725976 0.00170045 
6.41424 -4.46953 -1.66595 0.543724 -8.72852 16.1152 0.681486 0.00061086 0.712062 0.00211501 
3.11892 -3.65048 -1.24254 2.13911 -7.98393 11.4074 0.679091 -0.00027661 0.707343 0.00249399 
-1.40308 -5.00297 -0.0308037 -1.15085 -0.623302 10.3399 0.679211 -0.000574892 0.698581 0.000933491 
4.18899 -1.1896 0.175199 -0.0236967 -3.73638 4.68672 0.68206 -0.000540567 0.688525 0.000924424 
3.13674 1.38754 1.82558 -2.42359 -3.37698 1.6216 0.688874 -0.00044672 0.685523 8.49695e-05 
4.16672 -0.0671024 6.41424 -4.46953 -1.66595 0.543724 0.698082 -0.000544589 0.681486 0.00061086 
7.37372 0.438365 3.11892 -3.65048 -1.24254 2.13911 0.706827 -0.000488671 0.679091 -0.00027661 
6.77224 4.67767 -1.40308 -5.00297 -0.0308037 -1.15085 0.716045 0.000160841 0.679211 -0.000574892 
3.06228 3.51942 4.18899 -1.1896 0.175199 -0.0236967 0.725351 0.000361659 0.68206 -0.000540567 
4.08626 7.25529 3.13674 1.38754 1.82558 -2.42359 0.731627 -3.8574e-05 0.688874 -0.00044672 
2.632 5.68183 4.16672 -0.0671024 6.41424 -4.46953 0.73767 1.15473e-05 0.698082 -0.000544589 
4.76163 11.3956 7.37372 0.438365 3.11892 -3.65048 0.74238 3.78707e-05 0.706827 -0.000488671 
2.99436 9.06525 6.77224 4.67767 -1.40308 -5.00297 0.747092 0.000469743 0.716045 0.000160841 
2.11999 10.3145 3.06228 3.51942 4.18899 -1.1896 0.752938 0.00052179 0.725351 0.000361659 
6.06149 10.2216 4.08626 7.25529 3.13674 1.38754 0.760787 0.00109552 0.731627 -3.8574e-05 
11.5651 14.6578 2.632 5.68183 4.16672 -0.0671024 0.766091 0.00126406 0.73767 1.15473e-05 
16.4918 12.8597 4.76163 11.3956 7.37372 0.438365 0.768733 0.00202065 0.74238 3.78707e-05 
-0.025663 16.277 2.99436 9.06525 6.77224 4.67767 0.768929 0.00237448 0.747092 0.000469743 
5.38527 15.3697 2.11999 10.3145 3.06228 3.51942 0.767841 0.00264297 0.752938 0.00052179 
4.37636 14.8638 6.06149 10.2216 4.08626 7.25529 0.762797 0.00227637 0.760787 0.00109552 
7.79601 11.988 11.5651 14.6578 2.632 5.68183 0.761038 0.00242766 0.766091 0.00126406 
2.42231 12.348 16.4918 12.8597 4.76163 11.3956 0.766582 0.00241068 0.768733 0.00202065 
2.4486 12.2557 -0.025663 16.277 2.99436 9.06525 0.774978 0.00301903 0.768929 0.00237448 
4.23295 8.93441 5.38527 15.3697 2.11999 10.3145 0.79218 0.00282449 0.767841 0.00264297 
4.23295 8.93441 4.37636 14.8638 6.06149 10.2216 0.795908 0.00226412 0.762797 0.00227637 
3.57321 5.84564 7.79601 11.988 11.5651 14.6578 0.79338 0.00124742 0.761038 0.00242766 
6.06241 6.34431 2.42231 12.348 16.4918 12.8597 0.79 0.00148243 0.766582 0.00241068 
2.79796 8.49857 2.4486 12.2557 -0.025663 16.277 0.785061 0.00182404 0.774978 0.00301903 
1.55459 10.2359 4.23295 8.93441 5.38527 15.3697 0.778219 0.00151033 0.79218 0.00282449 
-1.10146 9.76152 4.23295 8.93441 4.37636 14.8638 0.770555 0.00140623 0.795908 0.00226412 
-4.3558 8.63828 3.57321 5.84564 7.79601 11.988 0.766384 0.0011392 0.79338 0.00124742 
-4.14833 8.44257 6.06241 6.34431 2.42231 12.348 0.764508 0.00164996 0.79 0.00148243 
5.57442 8.28102 2.79796 8.49857 2.4486 12.2557 0.76582 0.00198855 0.785061 0.00182404 
0.626706 5.0563 1.55459 10.2359 4.23295 8.93441 0.765016 0.00153136 0.778219 0.00151033 
-3.45732 3.81822 -1.10146 9.76152 4.23295 8.93441 0.759902 0.0010087 0.770555 0.00140623 
-0.598552 7.63954 -4.3558 8.63828 3.57321 5.84564 0.747622 0.000787731 0.766384 0.0011392 
-4.29693 5.94024 -4.14833 8.44257 6.06241 6.34431 0.741846 0.000969142 0.764508 0.00164996 
-0.301534 6.95069 5.57442 8.28102 2.79796 8.49857 0.729447 0.00139909 0.76582 0.00198855 
-2.48955 6.12446 0.626706 5.0563 1.55459 10.2359 0.717713 0.00103091 0.765016 0.00153136 
-7.27332 3.90995 -3.45732 3.81822 -1.10146 9.76152 0.70675 0.00122054 0.759902 0.0010087 
2.91984 9.7996 -0.598552 7.63954 -4.3558 8.63828 0.699896 0.00106304 0.747622 0.000787731 
-1.15395 1.90924 -4.29693 5.94024 -4.14833 8.44257 0.694587 0.00109057 0.741846 0.000969142 
3.16624 4.62778 -0.301534 6.95069 5.57442 8.28102 0.69624 0.000504674 0.729447 0.00139909 
0.61784 6.58911 -2.48955 6.12446 0.626706 5.0563 0.699125 9.99726e-05 0.717713 0.00103091 
5.09569 5.87756 -7.27332 3.90995 -3.45732 3.81822 0.700116 3.09943e-05 0.70675 0.00122054 
8.99959 9.61525 2.91984 9.7996 -0.598552 7.63954 0.700111 0.000117063 0.699896 0.00106304 
2.83321 9.91039 -1.15395 1.90924 -4.29693 5.94024 0.700525 0.00047002 0.694587 0.00109057 
8.58591 9.66354 3.16624 4.62778 -0.301534 6.95069 0.701764 0.000864359 0.69624 0.000504674 
7.42951 15.825 0.61784 6.58911 -2.48955 6.12446 0.703436 0.00129087 0.699125 9.99726e-05 
9.74387 15.3319 5.09569 5.87756 -7.27332 3.90995 0.704322 0.00151505 0.700116 3.09943e-05 
14.4383 19.7148 8.99959 9.61525 2.91984 9.7996 0.705281 0.00180144 0.700111 0.000117063 
11.2632 20.4477 2.83321 9.91039 -1.15395 1.90924 0.711206 0.00258069 0.700525 0.00047002 
12.1172 15.084 8.58591 9.66354 3.16624 4.62778 0.724048 0.00330057 0.701764 0.000864359 
14.5487 17.813 7.42951 15.825 0.61784 6.58911 0.734665 0.00389488 0.703436 0.00129087 
11.9778 15.4411 9.74387 15.3319 5.09569 5.87756 0.748437 0.00415246 0.704322 0.00151505 
15.5364 13.3676 14.4383 19.7148 8.99959 9.61525 0.763023 0.00339019 0.705281 0.00180144 
10.0306 15.0473 11.2632 20.4477 2.83321 9.91039 0.771076 0.00354476 0.711206 0.00258069 
21.7699 12.4513 12.1172 15.084 8.58591 9.66354 0.776933 0.00298229 0.724048 0.00330057 
18.3616 14.9201 14.5487 17.813 7.42951 15.825 0.784683 0.00254925 0.734665 0.00389488 
15.6503 17.3466 11.9778 15.4411 9.74387 15.3319 0.793654 0.00260257 0.748437 0.00415246 
14.6046 18.4356 15.5364 13.3676 14.4383 19.7148 0.804358 0.00248278 0.763023 0.00339019 
21.0604 19.617 10.0306 15.0473 11.2632 20.4477 0.810296 0.00274284 0.771076 0.00354476 
28.5959 22.599 21.7699 12.4513 12.1172 15.084 0.815302 0.00281158 0.776933 0.00298229 
13.9361 21.8967 18.3616 14.9201 14.5487 17.813 0.819749 0.00220381 0.784683 0.00254925 
13.5371 20.1283 15.6503 17.3466 11.9778 15.4411 0.820812 0.00354556 0.793654 0.00260257 
17.0847 23.0887 14.6046 18.4356 15.5364 13.3676 0.819693 0.00379331 0.804358 0.00248278 
10.9018 21.4477 21.0604 19.617 10.0306 15.0473 0.818155 0.00429276 0.810296 0.00274284 
7.63583 22.2134 28.5959 22.599 21.7699 12.4513 0.81524 0.00442465 0.815302 0.00281158 
4.40231 19.766 13.9361 21.8967 18.3616 14.9201 0.813016 0.00371212 0.819749 0.00220381 
11.3201 18.7382 13.5371 20.1283 15.6503 17.3466 0.812949 0.00450701 0.820812 0.00354556 
0.265632 19.3429 17.0847 23.0887 14.6046 18.4356 0.818016 0.00361955 0.819693 0.00379331 
0.265632 19.3429 10.9018 21.4477 21.0604 19.617 0.823009 0.00397469 0.818155 0.00429276 
9.87047 19.9158 7.63583 22.2134 28.5959 22.599 0.823167 0.00432173 0.81524 0.00442465 
5.59904 17.2368 4.40231 19.766 13.9361 21.8967 0.821913 0.0046124 0.813016 0.00371212 
7.57685 17.8801 11.3201 18.7382 13.5371 20.1283 0.814404 0.00406127 0.812949 0.00450701 
6.96058 13.858 0.265632 19.3429 17.0847 23.0887 0.801247 0.00321062 0.818016 0.00361955 
-1.15145 16.8103 0.265632 19.3429 10.9018 21.4477 0.79421 0.00381576 0.823009 0.00397469 
0.521117 14.1039 9.87047 19.9158 7.63583 22.2134 0.784717 0.00344741 0.823167 0.00432173 
